[WARN ] 25-09-09 00:00:01 [HikariPool:825] - HikariPool-1 - Thread starvation or clock leap detected (housekeeper delta=14m33s302ms).
[INFO ] 25-09-09 00:00:03 [sqlonly:228] - DELETE FROM SPRING_SESSION
WHERE EXPIRY_TIME < 1757343603344

[INFO ] 25-09-09 00:01:28 [sqlonly:228] - DELETE FROM SPRING_SESSION
WHERE EXPIRY_TIME < 1757343688574

[WARN ] 25-09-09 00:01:30 [HikariPool:825] - HikariPool-1 - Thread starvation or clock leap detected (housekeeper delta=58s581ms).
[INFO ] 25-09-09 00:02:00 [sqlonly:228] - DELETE FROM SPRING_SESSION
WHERE EXPIRY_TIME < 1757343720014

[WARN ] 25-09-09 00:17:28 [HikariPool:825] - HikariPool-1 - Thread starvation or clock leap detected (housekeeper delta=15m27s817ms).
[INFO ] 25-09-09 00:18:03 [sqlonly:228] - DELETE FROM SPRING_SESSION
WHERE EXPIRY_TIME < 1757344683559

[INFO ] 25-09-09 00:28:47 [sqlonly:228] - DELETE FROM SPRING_SESSION
WHERE EXPIRY_TIME < 1757345327725

[WARN ] 25-09-09 00:28:51 [HikariPool:825] - HikariPool-1 - Thread starvation or clock leap detected (housekeeper delta=10m17s725ms).
[INFO ] 25-09-09 00:29:00 [sqlonly:228] - DELETE FROM SPRING_SESSION
WHERE EXPIRY_TIME < 1757345340003

[INFO ] 25-09-09 00:30:00 [sqlonly:228] - DELETE FROM SPRING_SESSION
WHERE EXPIRY_TIME < 1757345400009

[WARN ] 25-09-09 00:39:34 [HikariPool:825] - HikariPool-1 - Thread starvation or clock leap detected (housekeeper delta=9m43s94ms).
[INFO ] 25-09-09 00:40:13 [sqlonly:228] - DELETE FROM SPRING_SESSION
WHERE EXPIRY_TIME < 1757346013104

[INFO ] 25-09-09 00:55:58 [sqlonly:228] - DELETE FROM SPRING_SESSION
WHERE EXPIRY_TIME < 1757346958271

[INFO ] 25-09-09 00:56:00 [sqlonly:228] - DELETE FROM SPRING_SESSION
WHERE EXPIRY_TIME < 1757346960007

[WARN ] 25-09-09 00:56:02 [HikariPool:825] - HikariPool-1 - Thread starvation or clock leap detected (housekeeper delta=15m28s263ms).
[WARN ] 25-09-09 01:11:30 [HikariPool:825] - HikariPool-1 - Thread starvation or clock leap detected (housekeeper delta=15m27s998ms).
[INFO ] 25-09-09 01:11:58 [sqlonly:228] - DELETE FROM SPRING_SESSION
WHERE EXPIRY_TIME < 1757347917999

[INFO ] 25-09-09 01:12:00 [sqlonly:228] - DELETE FROM SPRING_SESSION
WHERE EXPIRY_TIME < 1757347920007

[WARN ] 25-09-09 01:27:29 [HikariPool:825] - HikariPool-1 - Thread starvation or clock leap detected (housekeeper delta=15m28s528ms).
[INFO ] 25-09-09 01:40:28 [sqlonly:228] - DELETE FROM SPRING_SESSION
WHERE EXPIRY_TIME < 1757349628447

[WARN ] 25-09-09 01:40:29 [HikariPool:825] - HikariPool-1 - Thread starvation or clock leap detected (housekeeper delta=12m59s913ms).
[INFO ] 25-09-09 01:41:00 [sqlonly:228] - DELETE FROM SPRING_SESSION
WHERE EXPIRY_TIME < 1757349660008

[WARN ] 25-09-09 01:56:41 [HikariPool:825] - HikariPool-1 - Thread starvation or clock leap detected (housekeeper delta=15m41s802ms).
[WARN ] 25-09-09 01:57:09 [HikariPool:817] - HikariPool-1 - Retrograde clock change detected (housekeeper delta=28s296ms), soft-evicting connections from pool.
[INFO ] 25-09-09 01:57:09 [sqlonly:228] - DELETE FROM SPRING_SESSION
WHERE EXPIRY_TIME < 1757350629985

[WARN ] 25-09-09 02:14:52 [HikariPool:825] - HikariPool-1 - Thread starvation or clock leap detected (housekeeper delta=17m42s790ms).
[INFO ] 25-09-09 02:15:12 [sqlonly:228] - DELETE FROM SPRING_SESSION
WHERE EXPIRY_TIME < 1757351712721

[WARN ] 25-09-09 02:32:44 [HikariPool:825] - HikariPool-1 - Thread starvation or clock leap detected (housekeeper delta=17m21s938ms).
[INFO ] 25-09-09 02:32:51 [sqlonly:228] - DELETE FROM SPRING_SESSION
WHERE EXPIRY_TIME < 1757352771938

[INFO ] 25-09-09 02:33:00 [sqlonly:228] - DELETE FROM SPRING_SESSION
WHERE EXPIRY_TIME < 1757352780008

[WARN ] 25-09-09 02:41:28 [HikariPool:825] - HikariPool-1 - Thread starvation or clock leap detected (housekeeper delta=8m44s731ms).
[INFO ] 25-09-09 02:42:14 [sqlonly:228] - DELETE FROM SPRING_SESSION
WHERE EXPIRY_TIME < 1757353334730

[INFO ] 25-09-09 02:43:00 [sqlonly:228] - DELETE FROM SPRING_SESSION
WHERE EXPIRY_TIME < 1757353380002

[WARN ] 25-09-09 02:59:31 [HikariPool:825] - HikariPool-1 - Thread starvation or clock leap detected (housekeeper delta=16m32s633ms).
[WARN ] 25-09-09 03:16:15 [HikariPool:825] - HikariPool-1 - Thread starvation or clock leap detected (housekeeper delta=16m44s64ms).
[INFO ] 25-09-09 03:16:16 [sqlonly:228] - DELETE FROM SPRING_SESSION
WHERE EXPIRY_TIME < 1757355376688

[INFO ] 25-09-09 03:33:31 [sqlonly:228] - DELETE FROM SPRING_SESSION
WHERE EXPIRY_TIME < 1757356411629

[WARN ] 25-09-09 03:33:47 [HikariPool:825] - HikariPool-1 - Thread starvation or clock leap detected (housekeeper delta=17m1s628ms).
[INFO ] 25-09-09 03:34:00 [sqlonly:228] - DELETE FROM SPRING_SESSION
WHERE EXPIRY_TIME < 1757356440012

[WARN ] 25-09-09 03:50:51 [HikariPool:825] - HikariPool-1 - Thread starvation or clock leap detected (housekeeper delta=16m34s517ms).
[INFO ] 25-09-09 03:51:04 [sqlonly:228] - DELETE FROM SPRING_SESSION
WHERE EXPIRY_TIME < 1757357464515

[WARN ] 25-09-09 04:09:22 [HikariPool:825] - HikariPool-1 - Thread starvation or clock leap detected (housekeeper delta=18m628ms).
[INFO ] 25-09-09 04:09:30 [sqlonly:228] - DELETE FROM SPRING_SESSION
WHERE EXPIRY_TIME < 1757358570631

[WARN ] 25-09-09 04:25:36 [HikariPool:825] - HikariPool-1 - Thread starvation or clock leap detected (housekeeper delta=16m14s57ms).
[INFO ] 25-09-09 04:25:44 [sqlonly:228] - DELETE FROM SPRING_SESSION
WHERE EXPIRY_TIME < 1757359544053

[INFO ] 25-09-09 04:26:00 [sqlonly:228] - DELETE FROM SPRING_SESSION
WHERE EXPIRY_TIME < 1757359560010

[WARN ] 25-09-09 04:43:33 [HikariPool:825] - HikariPool-1 - Thread starvation or clock leap detected (housekeeper delta=17m27s148ms).
[INFO ] 25-09-09 04:43:57 [sqlonly:228] - DELETE FROM SPRING_SESSION
WHERE EXPIRY_TIME < 1757360637152

[INFO ] 25-09-09 04:44:00 [sqlonly:228] - DELETE FROM SPRING_SESSION
WHERE EXPIRY_TIME < 1757360640004

[WARN ] 25-09-09 04:59:41 [HikariPool:825] - HikariPool-1 - Thread starvation or clock leap detected (housekeeper delta=15m37s773ms).
[INFO ] 25-09-09 05:15:13 [sqlonly:228] - DELETE FROM SPRING_SESSION
WHERE EXPIRY_TIME < 1757362513775

[WARN ] 25-09-09 05:15:17 [HikariPool:825] - HikariPool-1 - Thread starvation or clock leap detected (housekeeper delta=15m36s3ms).
[INFO ] 25-09-09 05:32:08 [sqlonly:228] - DELETE FROM SPRING_SESSION
WHERE EXPIRY_TIME < 1757363528023

[WARN ] 25-09-09 05:32:25 [HikariPool:825] - HikariPool-1 - Thread starvation or clock leap detected (housekeeper delta=16m37s903ms).
[WARN ] 25-09-09 05:48:41 [HikariPool:825] - HikariPool-1 - Thread starvation or clock leap detected (housekeeper delta=16m16s59ms).
[INFO ] 25-09-09 05:48:45 [sqlonly:228] - DELETE FROM SPRING_SESSION
WHERE EXPIRY_TIME < 1757364525939

[INFO ] 25-09-09 05:49:00 [sqlonly:228] - DELETE FROM SPRING_SESSION
WHERE EXPIRY_TIME < 1757364540012

[WARN ] 25-09-09 06:00:08 [HikariPool:825] - HikariPool-1 - Thread starvation or clock leap detected (housekeeper delta=10m57s22ms).
[INFO ] 25-09-09 06:00:27 [sqlonly:228] - DELETE FROM SPRING_SESSION
WHERE EXPIRY_TIME < 1757365227023

[INFO ] 25-09-09 06:16:49 [sqlonly:228] - DELETE FROM SPRING_SESSION
WHERE EXPIRY_TIME < 1757366209278

[WARN ] 25-09-09 06:16:57 [HikariPool:825] - HikariPool-1 - Thread starvation or clock leap detected (housekeeper delta=16m19s271ms).
[INFO ] 25-09-09 06:17:00 [sqlonly:228] - DELETE FROM SPRING_SESSION
WHERE EXPIRY_TIME < 1757366220006

[INFO ] 25-09-09 06:18:00 [sqlonly:228] - DELETE FROM SPRING_SESSION
WHERE EXPIRY_TIME < 1757366280009

[INFO ] 25-09-09 06:19:00 [sqlonly:228] - DELETE FROM SPRING_SESSION
WHERE EXPIRY_TIME < 1757366340004

[INFO ] 25-09-09 06:20:00 [sqlonly:228] - DELETE FROM SPRING_SESSION
WHERE EXPIRY_TIME < 1757366400003

[INFO ] 25-09-09 06:21:00 [sqlonly:228] - DELETE FROM SPRING_SESSION
WHERE EXPIRY_TIME < 1757366460005

[INFO ] 25-09-09 06:22:00 [sqlonly:228] - DELETE FROM SPRING_SESSION
WHERE EXPIRY_TIME < 1757366520003

[INFO ] 25-09-09 06:23:00 [sqlonly:228] - DELETE FROM SPRING_SESSION
WHERE EXPIRY_TIME < 1757366580004

[INFO ] 25-09-09 06:24:00 [sqlonly:228] - DELETE FROM SPRING_SESSION
WHERE EXPIRY_TIME < 1757366640010

[INFO ] 25-09-09 06:25:00 [sqlonly:228] - DELETE FROM SPRING_SESSION
WHERE EXPIRY_TIME < 1757366700006

[INFO ] 25-09-09 06:26:00 [sqlonly:228] - DELETE FROM SPRING_SESSION
WHERE EXPIRY_TIME < 1757366760008

[INFO ] 25-09-09 06:27:00 [sqlonly:228] - DELETE FROM SPRING_SESSION
WHERE EXPIRY_TIME < 1757366820011

[INFO ] 25-09-09 06:28:00 [sqlonly:228] - DELETE FROM SPRING_SESSION
WHERE EXPIRY_TIME < 1757366880007

[INFO ] 25-09-09 06:29:00 [sqlonly:228] - DELETE FROM SPRING_SESSION
WHERE EXPIRY_TIME < 1757366940005

[INFO ] 25-09-09 06:30:00 [sqlonly:228] - DELETE FROM SPRING_SESSION
WHERE EXPIRY_TIME < 1757367000003

[INFO ] 25-09-09 06:31:00 [sqlonly:228] - DELETE FROM SPRING_SESSION
WHERE EXPIRY_TIME < 1757367060011

[INFO ] 25-09-09 06:32:00 [sqlonly:228] - DELETE FROM SPRING_SESSION
WHERE EXPIRY_TIME < 1757367120008

[INFO ] 25-09-09 06:33:00 [sqlonly:228] - DELETE FROM SPRING_SESSION
WHERE EXPIRY_TIME < 1757367180011

[INFO ] 25-09-09 06:34:00 [sqlonly:228] - DELETE FROM SPRING_SESSION
WHERE EXPIRY_TIME < 1757367240009

[INFO ] 25-09-09 06:35:00 [sqlonly:228] - DELETE FROM SPRING_SESSION
WHERE EXPIRY_TIME < 1757367300007

[WARN ] 25-09-09 06:50:40 [HikariPool:825] - HikariPool-1 - Thread starvation or clock leap detected (housekeeper delta=15m42s689ms).
[WARN ] 25-09-09 07:01:07 [HikariPool:825] - HikariPool-1 - Thread starvation or clock leap detected (housekeeper delta=10m27s245ms).
[INFO ] 25-09-09 07:01:09 [sqlonly:228] - DELETE FROM SPRING_SESSION
WHERE EXPIRY_TIME < 1757368869926

[INFO ] 25-09-09 07:02:00 [sqlonly:228] - DELETE FROM SPRING_SESSION
WHERE EXPIRY_TIME < 1757368920008

[INFO ] 25-09-09 07:03:00 [sqlonly:228] - DELETE FROM SPRING_SESSION
WHERE EXPIRY_TIME < 1757368980005

[INFO ] 25-09-09 07:04:00 [sqlonly:228] - DELETE FROM SPRING_SESSION
WHERE EXPIRY_TIME < 1757369040009

[INFO ] 25-09-09 07:05:00 [sqlonly:228] - DELETE FROM SPRING_SESSION
WHERE EXPIRY_TIME < 1757369100010

[INFO ] 25-09-09 07:06:00 [sqlonly:228] - DELETE FROM SPRING_SESSION
WHERE EXPIRY_TIME < 1757369160010

[INFO ] 25-09-09 07:07:00 [sqlonly:228] - DELETE FROM SPRING_SESSION
WHERE EXPIRY_TIME < 1757369220004

[INFO ] 25-09-09 07:08:00 [sqlonly:228] - DELETE FROM SPRING_SESSION
WHERE EXPIRY_TIME < 1757369280008

[INFO ] 25-09-09 07:09:00 [sqlonly:228] - DELETE FROM SPRING_SESSION
WHERE EXPIRY_TIME < 1757369340011

[INFO ] 25-09-09 07:10:00 [sqlonly:228] - DELETE FROM SPRING_SESSION
WHERE EXPIRY_TIME < 1757369400011

[INFO ] 25-09-09 07:11:00 [sqlonly:228] - DELETE FROM SPRING_SESSION
WHERE EXPIRY_TIME < 1757369460011

[INFO ] 25-09-09 07:12:00 [sqlonly:228] - DELETE FROM SPRING_SESSION
WHERE EXPIRY_TIME < 1757369520007

[INFO ] 25-09-09 07:13:00 [sqlonly:228] - DELETE FROM SPRING_SESSION
WHERE EXPIRY_TIME < 1757369580006

[INFO ] 25-09-09 07:14:00 [sqlonly:228] - DELETE FROM SPRING_SESSION
WHERE EXPIRY_TIME < 1757369640008

[INFO ] 25-09-09 07:15:00 [sqlonly:228] - DELETE FROM SPRING_SESSION
WHERE EXPIRY_TIME < 1757369700016

[INFO ] 25-09-09 07:16:00 [sqlonly:228] - DELETE FROM SPRING_SESSION
WHERE EXPIRY_TIME < 1757369760011

[INFO ] 25-09-09 07:17:00 [sqlonly:228] - DELETE FROM SPRING_SESSION
WHERE EXPIRY_TIME < 1757369820002

[INFO ] 25-09-09 07:18:00 [sqlonly:228] - DELETE FROM SPRING_SESSION
WHERE EXPIRY_TIME < 1757369880011

[INFO ] 25-09-09 07:19:00 [sqlonly:228] - DELETE FROM SPRING_SESSION
WHERE EXPIRY_TIME < 1757369940009

[INFO ] 25-09-09 07:20:00 [sqlonly:228] - DELETE FROM SPRING_SESSION
WHERE EXPIRY_TIME < 1757370000011

[INFO ] 25-09-09 07:21:00 [sqlonly:228] - DELETE FROM SPRING_SESSION
WHERE EXPIRY_TIME < 1757370060005

[INFO ] 25-09-09 07:22:00 [sqlonly:228] - DELETE FROM SPRING_SESSION
WHERE EXPIRY_TIME < 1757370120011

[INFO ] 25-09-09 07:23:00 [sqlonly:228] - DELETE FROM SPRING_SESSION
WHERE EXPIRY_TIME < 1757370180011

[INFO ] 25-09-09 07:24:00 [sqlonly:228] - DELETE FROM SPRING_SESSION
WHERE EXPIRY_TIME < 1757370240003

[INFO ] 25-09-09 07:25:00 [sqlonly:228] - DELETE FROM SPRING_SESSION
WHERE EXPIRY_TIME < 1757370300017

[INFO ] 25-09-09 07:26:00 [sqlonly:228] - DELETE FROM SPRING_SESSION
WHERE EXPIRY_TIME < 1757370360010

[INFO ] 25-09-09 07:27:00 [sqlonly:228] - DELETE FROM SPRING_SESSION
WHERE EXPIRY_TIME < 1757370420011

[INFO ] 25-09-09 07:28:00 [sqlonly:228] - DELETE FROM SPRING_SESSION
WHERE EXPIRY_TIME < 1757370480005

[INFO ] 25-09-09 07:29:00 [sqlonly:228] - DELETE FROM SPRING_SESSION
WHERE EXPIRY_TIME < 1757370540007

[INFO ] 25-09-09 07:30:00 [sqlonly:228] - DELETE FROM SPRING_SESSION
WHERE EXPIRY_TIME < 1757370600004

[INFO ] 25-09-09 07:31:00 [sqlonly:228] - DELETE FROM SPRING_SESSION
WHERE EXPIRY_TIME < 1757370660002

[INFO ] 25-09-09 07:32:00 [sqlonly:228] - DELETE FROM SPRING_SESSION
WHERE EXPIRY_TIME < 1757370720004

[INFO ] 25-09-09 07:33:00 [sqlonly:228] - DELETE FROM SPRING_SESSION
WHERE EXPIRY_TIME < 1757370780011

[INFO ] 25-09-09 07:34:00 [sqlonly:228] - DELETE FROM SPRING_SESSION
WHERE EXPIRY_TIME < 1757370840009

[INFO ] 25-09-09 07:35:00 [sqlonly:228] - DELETE FROM SPRING_SESSION
WHERE EXPIRY_TIME < 1757370900007

[INFO ] 25-09-09 07:36:00 [sqlonly:228] - DELETE FROM SPRING_SESSION
WHERE EXPIRY_TIME < 1757370960010

[INFO ] 25-09-09 07:37:00 [sqlonly:228] - DELETE FROM SPRING_SESSION
WHERE EXPIRY_TIME < 1757371020004

[INFO ] 25-09-09 07:38:00 [sqlonly:228] - DELETE FROM SPRING_SESSION
WHERE EXPIRY_TIME < 1757371080011

[INFO ] 25-09-09 07:39:00 [sqlonly:228] - DELETE FROM SPRING_SESSION
WHERE EXPIRY_TIME < 1757371140004

[INFO ] 25-09-09 07:40:00 [sqlonly:228] - DELETE FROM SPRING_SESSION
WHERE EXPIRY_TIME < 1757371200010

[INFO ] 25-09-09 07:41:00 [sqlonly:228] - DELETE FROM SPRING_SESSION
WHERE EXPIRY_TIME < 1757371260009

[INFO ] 25-09-09 07:42:00 [sqlonly:228] - DELETE FROM SPRING_SESSION
WHERE EXPIRY_TIME < 1757371320009

[INFO ] 25-09-09 07:43:00 [sqlonly:228] - DELETE FROM SPRING_SESSION
WHERE EXPIRY_TIME < 1757371380008

[INFO ] 25-09-09 07:43:59 [sqlonly:228] - DELETE FROM SPRING_SESSION
WHERE EXPIRY_TIME < 1757371439984

[INFO ] 25-09-09 07:44:59 [sqlonly:228] - DELETE FROM SPRING_SESSION
WHERE EXPIRY_TIME < 1757371499995

[INFO ] 25-09-09 07:46:00 [sqlonly:228] - DELETE FROM SPRING_SESSION
WHERE EXPIRY_TIME < 1757371560010

[INFO ] 25-09-09 07:47:00 [sqlonly:228] - DELETE FROM SPRING_SESSION
WHERE EXPIRY_TIME < 1757371620006

[INFO ] 25-09-09 07:48:00 [sqlonly:228] - DELETE FROM SPRING_SESSION
WHERE EXPIRY_TIME < 1757371680010

[INFO ] 25-09-09 07:49:00 [sqlonly:228] - DELETE FROM SPRING_SESSION
WHERE EXPIRY_TIME < 1757371740008

[INFO ] 25-09-09 07:50:00 [sqlonly:228] - DELETE FROM SPRING_SESSION
WHERE EXPIRY_TIME < 1757371800006

[INFO ] 25-09-09 07:51:00 [sqlonly:228] - DELETE FROM SPRING_SESSION
WHERE EXPIRY_TIME < 1757371860011

[INFO ] 25-09-09 07:52:00 [sqlonly:228] - DELETE FROM SPRING_SESSION
WHERE EXPIRY_TIME < 1757371920003

[INFO ] 25-09-09 07:53:00 [sqlonly:228] - DELETE FROM SPRING_SESSION
WHERE EXPIRY_TIME < 1757371980002

[INFO ] 25-09-09 07:54:00 [sqlonly:228] - DELETE FROM SPRING_SESSION
WHERE EXPIRY_TIME < 1757372040010

[INFO ] 25-09-09 07:55:00 [sqlonly:228] - DELETE FROM SPRING_SESSION
WHERE EXPIRY_TIME < 1757372100007

[INFO ] 25-09-09 07:56:00 [sqlonly:228] - DELETE FROM SPRING_SESSION
WHERE EXPIRY_TIME < 1757372160008

[INFO ] 25-09-09 07:57:00 [sqlonly:228] - DELETE FROM SPRING_SESSION
WHERE EXPIRY_TIME < 1757372220006

[INFO ] 25-09-09 07:58:00 [sqlonly:228] - DELETE FROM SPRING_SESSION
WHERE EXPIRY_TIME < 1757372280425

[INFO ] 25-09-09 07:59:00 [sqlonly:228] - DELETE FROM SPRING_SESSION
WHERE EXPIRY_TIME < 1757372340012

[INFO ] 25-09-09 08:00:00 [sqlonly:228] - DELETE FROM SPRING_SESSION
WHERE EXPIRY_TIME < 1757372400007

[INFO ] 25-09-09 08:01:00 [sqlonly:228] - DELETE FROM SPRING_SESSION
WHERE EXPIRY_TIME < 1757372460006

[INFO ] 25-09-09 08:02:00 [sqlonly:228] - DELETE FROM SPRING_SESSION
WHERE EXPIRY_TIME < 1757372520013

[INFO ] 25-09-09 08:03:00 [sqlonly:228] - DELETE FROM SPRING_SESSION
WHERE EXPIRY_TIME < 1757372580011

[INFO ] 25-09-09 08:04:00 [sqlonly:228] - DELETE FROM SPRING_SESSION
WHERE EXPIRY_TIME < 1757372640004

[INFO ] 25-09-09 08:05:00 [sqlonly:228] - DELETE FROM SPRING_SESSION
WHERE EXPIRY_TIME < 1757372700003

[INFO ] 25-09-09 08:06:00 [sqlonly:228] - DELETE FROM SPRING_SESSION
WHERE EXPIRY_TIME < 1757372760005

[INFO ] 25-09-09 08:07:00 [sqlonly:228] - DELETE FROM SPRING_SESSION
WHERE EXPIRY_TIME < 1757372820005

[INFO ] 25-09-09 08:08:00 [sqlonly:228] - DELETE FROM SPRING_SESSION
WHERE EXPIRY_TIME < 1757372880003

[INFO ] 25-09-09 08:09:00 [sqlonly:228] - DELETE FROM SPRING_SESSION
WHERE EXPIRY_TIME < 1757372940003

[INFO ] 25-09-09 08:10:00 [sqlonly:228] - DELETE FROM SPRING_SESSION
WHERE EXPIRY_TIME < 1757373000022

[INFO ] 25-09-09 08:11:00 [sqlonly:228] - DELETE FROM SPRING_SESSION
WHERE EXPIRY_TIME < 1757373060002

[INFO ] 25-09-09 08:12:00 [sqlonly:228] - DELETE FROM SPRING_SESSION
WHERE EXPIRY_TIME < 1757373120004

[INFO ] 25-09-09 08:13:00 [sqlonly:228] - DELETE FROM SPRING_SESSION
WHERE EXPIRY_TIME < 1757373180006

[INFO ] 25-09-09 08:14:00 [sqlonly:228] - DELETE FROM SPRING_SESSION
WHERE EXPIRY_TIME < 1757373240003

[INFO ] 25-09-09 08:15:00 [sqlonly:228] - DELETE FROM SPRING_SESSION
WHERE EXPIRY_TIME < 1757373300005

[WARN ] 25-09-09 08:18:23 [HikariPool:825] - HikariPool-1 - Thread starvation or clock leap detected (housekeeper delta=3m14s730ms).
[INFO ] 25-09-09 08:18:44 [sqlonly:228] - DELETE FROM SPRING_SESSION
WHERE EXPIRY_TIME < 1757373524733

[WARN ] 25-09-09 08:21:13 [HikariPool:825] - HikariPool-1 - Thread starvation or clock leap detected (housekeeper delta=2m49s930ms).
[INFO ] 25-09-09 08:21:19 [sqlonly:228] - DELETE FROM SPRING_SESSION
WHERE EXPIRY_TIME < 1757373679921

[INFO ] 25-09-09 08:50:23 [sqlonly:228] - DELETE FROM SPRING_SESSION
WHERE EXPIRY_TIME < 1757375423799

[WARN ] 25-09-09 08:50:37 [HikariPool:825] - HikariPool-1 - Thread starvation or clock leap detected (housekeeper delta=28m53s779ms).
[INFO ] 25-09-09 08:50:59 [sqlonly:228] - DELETE FROM SPRING_SESSION
WHERE EXPIRY_TIME < 1757375459970

[WARN ] 25-09-09 09:31:27 [HikariPool:825] - HikariPool-1 - Thread starvation or clock leap detected (housekeeper delta=40m19s595ms).
[INFO ] 25-09-09 09:35:59 [sqlonly:228] - DELETE FROM SPRING_SESSION
WHERE EXPIRY_TIME < 1757378159881

[INFO ] 25-09-09 09:36:00 [sqlonly:228] - DELETE FROM SPRING_SESSION
WHERE EXPIRY_TIME < 1757378160011

[WARN ] 25-09-09 09:36:07 [HikariPool:825] - HikariPool-1 - Thread starvation or clock leap detected (housekeeper delta=4m40s304ms).
[INFO ] 25-09-09 09:38:37 [sqlonly:228] - DELETE FROM SPRING_SESSION
WHERE EXPIRY_TIME < 1757378317186

[WARN ] 25-09-09 09:38:44 [HikariPool:825] - HikariPool-1 - Thread starvation or clock leap detected (housekeeper delta=2m7s183ms).
[INFO ] 25-09-09 09:39:00 [sqlonly:228] - DELETE FROM SPRING_SESSION
WHERE EXPIRY_TIME < 1757378340009

[WARN ] 25-09-09 09:42:43 [HikariPool:825] - HikariPool-1 - Thread starvation or clock leap detected (housekeeper delta=3m59s217ms).
[INFO ] 25-09-09 10:00:34 [sqlonly:228] - DELETE FROM SPRING_SESSION
WHERE EXPIRY_TIME < 1757379634392

[WARN ] 25-09-09 10:00:49 [HikariPool:825] - HikariPool-1 - Thread starvation or clock leap detected (housekeeper delta=17m35s185ms).
[INFO ] 25-09-09 10:01:00 [sqlonly:228] - DELETE FROM SPRING_SESSION
WHERE EXPIRY_TIME < 1757379660009

[WARN ] 25-09-09 10:16:15 [HikariPool:825] - HikariPool-1 - Thread starvation or clock leap detected (housekeeper delta=15m26s10ms).
[INFO ] 25-09-09 10:16:56 [sqlonly:228] - DELETE FROM SPRING_SESSION
WHERE EXPIRY_TIME < 1757380616049

[INFO ] 25-09-09 11:17:13 [sqlonly:228] - DELETE FROM SPRING_SESSION
WHERE EXPIRY_TIME < 1757384233029

[WARN ] 25-09-09 11:17:28 [HikariPool:825] - HikariPool-1 - Thread starvation or clock leap detected (housekeeper delta=1h43s32ms).
[INFO ] 25-09-09 11:48:01 [sqlonly:228] - DELETE FROM SPRING_SESSION
WHERE EXPIRY_TIME < 1757386081441

[WARN ] 25-09-09 11:48:29 [HikariPool:825] - HikariPool-1 - Thread starvation or clock leap detected (housekeeper delta=30m31s410ms).
[WARN ] 25-09-09 12:18:24 [HikariPool:825] - HikariPool-1 - Thread starvation or clock leap detected (housekeeper delta=29m54s546ms).
[INFO ] 25-09-09 12:18:24 [sqlonly:228] - DELETE FROM SPRING_SESSION
WHERE EXPIRY_TIME < 1757387904516

[INFO ] 25-09-09 12:33:25 [sqlonly:228] - DELETE FROM SPRING_SESSION
WHERE EXPIRY_TIME < 1757388805580

[WARN ] 25-09-09 12:33:49 [HikariPool:825] - HikariPool-1 - Thread starvation or clock leap detected (housekeeper delta=14m55s582ms).
[INFO ] 25-09-09 12:34:00 [sqlonly:228] - DELETE FROM SPRING_SESSION
WHERE EXPIRY_TIME < 1757388840008

[WARN ] 25-09-09 13:02:14 [HikariPool:825] - HikariPool-1 - Thread starvation or clock leap detected (housekeeper delta=28m24s521ms).
[INFO ] 25-09-09 13:19:13 [sqlonly:228] - DELETE FROM SPRING_SESSION
WHERE EXPIRY_TIME < 1757391553160

[WARN ] 25-09-09 13:19:32 [HikariPool:825] - HikariPool-1 - Thread starvation or clock leap detected (housekeeper delta=16m48s653ms).
[INFO ] 25-09-09 14:12:53 [sqlonly:228] - DELETE FROM SPRING_SESSION
WHERE EXPIRY_TIME < 1757394773644

[WARN ] 25-09-09 14:12:56 [HikariPool:825] - HikariPool-1 - Thread starvation or clock leap detected (housekeeper delta=53m23s634ms).
[INFO ] 25-09-09 14:13:00 [sqlonly:228] - DELETE FROM SPRING_SESSION
WHERE EXPIRY_TIME < 1757394780010

[WARN ] 25-09-09 14:20:28 [HikariPool:825] - HikariPool-1 - Thread starvation or clock leap detected (housekeeper delta=7m2s14ms).
[INFO ] 25-09-09 14:20:32 [sqlonly:228] - DELETE FROM SPRING_SESSION
WHERE EXPIRY_TIME < 1757395232014

[INFO ] 25-09-09 14:33:39 [sqlonly:228] - DELETE FROM SPRING_SESSION
WHERE EXPIRY_TIME < 1757396019426

[INFO ] 25-09-09 14:34:00 [sqlonly:228] - DELETE FROM SPRING_SESSION
WHERE EXPIRY_TIME < 1757396040011

[WARN ] 25-09-09 14:34:08 [HikariPool:825] - HikariPool-1 - Thread starvation or clock leap detected (housekeeper delta=13m9s426ms).
[WARN ] 25-09-09 15:21:24 [HikariPool:825] - HikariPool-1 - Thread starvation or clock leap detected (housekeeper delta=47m16s680ms).
[INFO ] 25-09-09 15:21:46 [sqlonly:228] - DELETE FROM SPRING_SESSION
WHERE EXPIRY_TIME < 1757398906664

[INFO ] 25-09-09 16:03:25 [sqlonly:228] - DELETE FROM SPRING_SESSION
WHERE EXPIRY_TIME < 1757401405817

[WARN ] 25-09-09 16:03:50 [HikariPool:825] - HikariPool-1 - Thread starvation or clock leap detected (housekeeper delta=41m55s823ms).
[INFO ] 25-09-09 16:04:00 [sqlonly:228] - DELETE FROM SPRING_SESSION
WHERE EXPIRY_TIME < 1757401440028

[WARN ] 25-09-09 16:22:20 [HikariPool:825] - HikariPool-1 - Thread starvation or clock leap detected (housekeeper delta=18m30s261ms).
[INFO ] 25-09-09 17:07:22 [sqlonly:228] - DELETE FROM SPRING_SESSION
WHERE EXPIRY_TIME < 1757405242315

[WARN ] 25-09-09 17:07:42 [HikariPool:825] - HikariPool-1 - Thread starvation or clock leap detected (housekeeper delta=44m52s84ms).
[INFO ] 25-09-09 17:08:00 [sqlonly:228] - DELETE FROM SPRING_SESSION
WHERE EXPIRY_TIME < 1757405280024

[WARN ] 25-09-09 17:23:16 [HikariPool:825] - HikariPool-1 - Thread starvation or clock leap detected (housekeeper delta=15m33s911ms).
[INFO ] 25-09-09 18:00:04 [sqlonly:228] - DELETE FROM SPRING_SESSION
WHERE EXPIRY_TIME < 1757408404900

[WARN ] 25-09-09 18:00:17 [HikariPool:825] - HikariPool-1 - Thread starvation or clock leap detected (housekeeper delta=36m31s5ms).
[WARN ] 25-09-09 18:03:05 [HikariPool:825] - HikariPool-1 - Thread starvation or clock leap detected (housekeeper delta=2m48s1ms).
[INFO ] 25-09-09 18:03:18 [sqlonly:228] - DELETE FROM SPRING_SESSION
WHERE EXPIRY_TIME < 1757408598005

[INFO ] 25-09-09 18:24:20 [sqlonly:228] - DELETE FROM SPRING_SESSION
WHERE EXPIRY_TIME < 1757409860156

[WARN ] 25-09-09 18:24:25 [HikariPool:825] - HikariPool-1 - Thread starvation or clock leap detected (housekeeper delta=20m50s153ms).
[INFO ] 25-09-09 18:43:19 [sqlonly:228] - DELETE FROM SPRING_SESSION
WHERE EXPIRY_TIME < 1757410999209

[WARN ] 25-09-09 18:43:45 [HikariPool:825] - HikariPool-1 - Thread starvation or clock leap detected (housekeeper delta=18m49s212ms).
[INFO ] 25-09-09 18:44:00 [sqlonly:228] - DELETE FROM SPRING_SESSION
WHERE EXPIRY_TIME < 1757411040022

[WARN ] 25-09-09 18:45:51 [HikariPool:825] - HikariPool-1 - Thread starvation or clock leap detected (housekeeper delta=2m6s579ms).
[INFO ] 25-09-09 18:46:36 [sqlonly:228] - DELETE FROM SPRING_SESSION
WHERE EXPIRY_TIME < 1757411196580

[INFO ] 25-09-09 18:47:00 [sqlonly:228] - DELETE FROM SPRING_SESSION
WHERE EXPIRY_TIME < 1757411220007

[INFO ] 25-09-09 18:48:00 [sqlonly:228] - DELETE FROM SPRING_SESSION
WHERE EXPIRY_TIME < 1757411280007

[INFO ] 25-09-09 18:49:00 [sqlonly:228] - DELETE FROM SPRING_SESSION
WHERE EXPIRY_TIME < 1757411340003

[INFO ] 25-09-09 18:50:00 [sqlonly:228] - DELETE FROM SPRING_SESSION
WHERE EXPIRY_TIME < 1757411400007

[INFO ] 25-09-09 18:51:00 [sqlonly:228] - DELETE FROM SPRING_SESSION
WHERE EXPIRY_TIME < 1757411460007

[INFO ] 25-09-09 18:52:00 [sqlonly:228] - DELETE FROM SPRING_SESSION
WHERE EXPIRY_TIME < 1757411520014

[INFO ] 25-09-09 18:53:00 [sqlonly:228] - DELETE FROM SPRING_SESSION
WHERE EXPIRY_TIME < 1757411580006

[INFO ] 25-09-09 18:54:00 [sqlonly:228] - DELETE FROM SPRING_SESSION
WHERE EXPIRY_TIME < 1757411640013

[INFO ] 25-09-09 18:55:00 [sqlonly:228] - DELETE FROM SPRING_SESSION
WHERE EXPIRY_TIME < 1757411700007

[INFO ] 25-09-09 18:56:00 [sqlonly:228] - DELETE FROM SPRING_SESSION
WHERE EXPIRY_TIME < 1757411760003

[INFO ] 25-09-09 18:57:00 [sqlonly:228] - DELETE FROM SPRING_SESSION
WHERE EXPIRY_TIME < 1757411820006

[INFO ] 25-09-09 18:58:00 [sqlonly:228] - DELETE FROM SPRING_SESSION
WHERE EXPIRY_TIME < 1757411880004

[INFO ] 25-09-09 18:59:00 [sqlonly:228] - DELETE FROM SPRING_SESSION
WHERE EXPIRY_TIME < 1757411940013

[INFO ] 25-09-09 19:00:00 [sqlonly:228] - DELETE FROM SPRING_SESSION
WHERE EXPIRY_TIME < 1757412000004

[INFO ] 25-09-09 19:00:59 [sqlonly:228] - DELETE FROM SPRING_SESSION
WHERE EXPIRY_TIME < 1757412059989

[INFO ] 25-09-09 19:01:59 [sqlonly:228] - DELETE FROM SPRING_SESSION
WHERE EXPIRY_TIME < 1757412119993

[INFO ] 25-09-09 19:03:00 [sqlonly:228] - DELETE FROM SPRING_SESSION
WHERE EXPIRY_TIME < 1757412180004

[INFO ] 25-09-09 19:04:00 [sqlonly:228] - DELETE FROM SPRING_SESSION
WHERE EXPIRY_TIME < 1757412240006

[INFO ] 25-09-09 19:05:00 [sqlonly:228] - DELETE FROM SPRING_SESSION
WHERE EXPIRY_TIME < 1757412300004

[WARN ] 25-09-09 19:12:47 [HikariPool:825] - HikariPool-1 - Thread starvation or clock leap detected (housekeeper delta=7m26s97ms).
[INFO ] 25-09-09 19:12:56 [sqlonly:228] - DELETE FROM SPRING_SESSION
WHERE EXPIRY_TIME < 1757412776097

[INFO ] 25-09-09 19:13:00 [sqlonly:228] - DELETE FROM SPRING_SESSION
WHERE EXPIRY_TIME < 1757412780006

[INFO ] 25-09-09 19:14:00 [sqlonly:228] - DELETE FROM SPRING_SESSION
WHERE EXPIRY_TIME < 1757412840004

[INFO ] 25-09-09 19:15:00 [sqlonly:228] - DELETE FROM SPRING_SESSION
WHERE EXPIRY_TIME < 1757412900002

[INFO ] 25-09-09 19:16:00 [sqlonly:228] - DELETE FROM SPRING_SESSION
WHERE EXPIRY_TIME < 1757412960003

[INFO ] 25-09-09 19:17:00 [sqlonly:228] - DELETE FROM SPRING_SESSION
WHERE EXPIRY_TIME < 1757413020005

[INFO ] 25-09-09 19:18:00 [sqlonly:228] - DELETE FROM SPRING_SESSION
WHERE EXPIRY_TIME < 1757413080001

[INFO ] 25-09-09 19:19:00 [sqlonly:228] - DELETE FROM SPRING_SESSION
WHERE EXPIRY_TIME < 1757413140006

[INFO ] 25-09-09 19:19:59 [sqlonly:228] - DELETE FROM SPRING_SESSION
WHERE EXPIRY_TIME < 1757413199974

[INFO ] 25-09-09 19:21:00 [sqlonly:228] - DELETE FROM SPRING_SESSION
WHERE EXPIRY_TIME < 1757413259999

[INFO ] 25-09-09 19:22:00 [sqlonly:228] - DELETE FROM SPRING_SESSION
WHERE EXPIRY_TIME < 1757413320006

[INFO ] 25-09-09 19:23:00 [sqlonly:228] - DELETE FROM SPRING_SESSION
WHERE EXPIRY_TIME < 1757413380005

[INFO ] 25-09-09 19:24:00 [sqlonly:228] - DELETE FROM SPRING_SESSION
WHERE EXPIRY_TIME < 1757413440004

[INFO ] 25-09-09 19:25:00 [sqlonly:228] - DELETE FROM SPRING_SESSION
WHERE EXPIRY_TIME < 1757413500005

[INFO ] 25-09-09 19:26:00 [sqlonly:228] - DELETE FROM SPRING_SESSION
WHERE EXPIRY_TIME < 1757413560002

[INFO ] 25-09-09 19:27:00 [sqlonly:228] - DELETE FROM SPRING_SESSION
WHERE EXPIRY_TIME < 1757413620006

[INFO ] 25-09-09 19:28:00 [sqlonly:228] - DELETE FROM SPRING_SESSION
WHERE EXPIRY_TIME < 1757413680006

[INFO ] 25-09-09 19:29:00 [sqlonly:228] - DELETE FROM SPRING_SESSION
WHERE EXPIRY_TIME < 1757413740006

[INFO ] 25-09-09 19:30:00 [sqlonly:228] - DELETE FROM SPRING_SESSION
WHERE EXPIRY_TIME < 1757413800007

[INFO ] 25-09-09 19:31:00 [sqlonly:228] - DELETE FROM SPRING_SESSION
WHERE EXPIRY_TIME < 1757413860006

[INFO ] 25-09-09 19:32:00 [sqlonly:228] - DELETE FROM SPRING_SESSION
WHERE EXPIRY_TIME < 1757413920004

[INFO ] 25-09-09 19:33:00 [sqlonly:228] - DELETE FROM SPRING_SESSION
WHERE EXPIRY_TIME < 1757413980006

[INFO ] 25-09-09 19:34:00 [sqlonly:228] - DELETE FROM SPRING_SESSION
WHERE EXPIRY_TIME < 1757414040002

[INFO ] 25-09-09 19:35:00 [sqlonly:228] - DELETE FROM SPRING_SESSION
WHERE EXPIRY_TIME < 1757414100003

[INFO ] 25-09-09 19:36:00 [sqlonly:228] - DELETE FROM SPRING_SESSION
WHERE EXPIRY_TIME < 1757414160004

[INFO ] 25-09-09 19:37:00 [sqlonly:228] - DELETE FROM SPRING_SESSION
WHERE EXPIRY_TIME < 1757414220006

[INFO ] 25-09-09 19:38:00 [sqlonly:228] - DELETE FROM SPRING_SESSION
WHERE EXPIRY_TIME < 1757414280001

[INFO ] 25-09-09 19:39:00 [sqlonly:228] - DELETE FROM SPRING_SESSION
WHERE EXPIRY_TIME < 1757414340004

[INFO ] 25-09-09 19:40:00 [sqlonly:228] - DELETE FROM SPRING_SESSION
WHERE EXPIRY_TIME < 1757414400004

[INFO ] 25-09-09 19:41:00 [sqlonly:228] - DELETE FROM SPRING_SESSION
WHERE EXPIRY_TIME < 1757414460002

[WARN ] 25-09-09 19:41:16 [HikariPool:817] - HikariPool-1 - Retrograde clock change detected (housekeeper delta=28s21ms), soft-evicting connections from pool.
[INFO ] 25-09-09 19:41:58 [sqlonly:228] - DELETE FROM SPRING_SESSION
WHERE EXPIRY_TIME < 1757414518027

[INFO ] 25-09-09 19:43:00 [sqlonly:228] - DELETE FROM SPRING_SESSION
WHERE EXPIRY_TIME < 1757414580006

[INFO ] 25-09-09 19:44:00 [sqlonly:228] - DELETE FROM SPRING_SESSION
WHERE EXPIRY_TIME < 1757414640005

[INFO ] 25-09-09 19:45:00 [sqlonly:228] - DELETE FROM SPRING_SESSION
WHERE EXPIRY_TIME < 1757414700001

[INFO ] 25-09-09 19:46:00 [sqlonly:228] - DELETE FROM SPRING_SESSION
WHERE EXPIRY_TIME < 1757414760004

[INFO ] 25-09-09 19:47:00 [sqlonly:228] - DELETE FROM SPRING_SESSION
WHERE EXPIRY_TIME < 1757414820002

[INFO ] 25-09-09 19:48:00 [sqlonly:228] - DELETE FROM SPRING_SESSION
WHERE EXPIRY_TIME < 1757414880001

[INFO ] 25-09-09 19:49:00 [sqlonly:228] - DELETE FROM SPRING_SESSION
WHERE EXPIRY_TIME < 1757414940002

[INFO ] 25-09-09 19:50:00 [sqlonly:228] - DELETE FROM SPRING_SESSION
WHERE EXPIRY_TIME < 1757415000004

[INFO ] 25-09-09 19:51:00 [sqlonly:228] - DELETE FROM SPRING_SESSION
WHERE EXPIRY_TIME < 1757415060005

[INFO ] 25-09-09 19:52:00 [sqlonly:228] - DELETE FROM SPRING_SESSION
WHERE EXPIRY_TIME < 1757415120006

[INFO ] 25-09-09 19:53:00 [sqlonly:228] - DELETE FROM SPRING_SESSION
WHERE EXPIRY_TIME < 1757415180005

[INFO ] 25-09-09 19:54:00 [sqlonly:228] - DELETE FROM SPRING_SESSION
WHERE EXPIRY_TIME < 1757415240000

[INFO ] 25-09-09 19:55:00 [sqlonly:228] - DELETE FROM SPRING_SESSION
WHERE EXPIRY_TIME < 1757415300004

[INFO ] 25-09-09 19:56:00 [sqlonly:228] - DELETE FROM SPRING_SESSION
WHERE EXPIRY_TIME < 1757415360004

[INFO ] 25-09-09 19:57:02 [sqlonly:228] - DELETE FROM SPRING_SESSION
WHERE EXPIRY_TIME < 1757415422039

[INFO ] 25-09-09 19:58:00 [sqlonly:228] - DELETE FROM SPRING_SESSION
WHERE EXPIRY_TIME < 1757415480004

[INFO ] 25-09-09 19:59:00 [sqlonly:228] - DELETE FROM SPRING_SESSION
WHERE EXPIRY_TIME < 1757415540006

[INFO ] 25-09-09 20:00:00 [sqlonly:228] - DELETE FROM SPRING_SESSION
WHERE EXPIRY_TIME < 1757415600002

[INFO ] 25-09-09 20:01:00 [sqlonly:228] - DELETE FROM SPRING_SESSION
WHERE EXPIRY_TIME < 1757415660003

[INFO ] 25-09-09 20:02:00 [sqlonly:228] - DELETE FROM SPRING_SESSION
WHERE EXPIRY_TIME < 1757415720007

[INFO ] 25-09-09 20:03:00 [sqlonly:228] - DELETE FROM SPRING_SESSION
WHERE EXPIRY_TIME < 1757415780002

[INFO ] 25-09-09 20:04:00 [sqlonly:228] - DELETE FROM SPRING_SESSION
WHERE EXPIRY_TIME < 1757415840002

[INFO ] 25-09-09 20:05:00 [sqlonly:228] - DELETE FROM SPRING_SESSION
WHERE EXPIRY_TIME < 1757415900005

[INFO ] 25-09-09 20:06:00 [sqlonly:228] - DELETE FROM SPRING_SESSION
WHERE EXPIRY_TIME < 1757415960004

[INFO ] 25-09-09 20:07:00 [sqlonly:228] - DELETE FROM SPRING_SESSION
WHERE EXPIRY_TIME < 1757416020004

[INFO ] 25-09-09 20:08:00 [sqlonly:228] - DELETE FROM SPRING_SESSION
WHERE EXPIRY_TIME < 1757416080001

[INFO ] 25-09-09 20:09:00 [sqlonly:228] - DELETE FROM SPRING_SESSION
WHERE EXPIRY_TIME < 1757416140006

[INFO ] 25-09-09 20:10:00 [sqlonly:228] - DELETE FROM SPRING_SESSION
WHERE EXPIRY_TIME < 1757416200004

[INFO ] 25-09-09 20:11:00 [sqlonly:228] - DELETE FROM SPRING_SESSION
WHERE EXPIRY_TIME < 1757416260006

[INFO ] 25-09-09 20:12:00 [sqlonly:228] - DELETE FROM SPRING_SESSION
WHERE EXPIRY_TIME < 1757416320043

[INFO ] 25-09-09 20:13:00 [sqlonly:228] - DELETE FROM SPRING_SESSION
WHERE EXPIRY_TIME < 1757416380011

[INFO ] 25-09-09 20:14:00 [sqlonly:228] - DELETE FROM SPRING_SESSION
WHERE EXPIRY_TIME < 1757416440009

[INFO ] 25-09-09 20:15:00 [sqlonly:228] - DELETE FROM SPRING_SESSION
WHERE EXPIRY_TIME < 1757416500006

[INFO ] 25-09-09 20:16:00 [sqlonly:228] - DELETE FROM SPRING_SESSION
WHERE EXPIRY_TIME < 1757416560008

[INFO ] 25-09-09 20:17:00 [sqlonly:228] - DELETE FROM SPRING_SESSION
WHERE EXPIRY_TIME < 1757416620006

[INFO ] 25-09-09 20:18:00 [sqlonly:228] - DELETE FROM SPRING_SESSION
WHERE EXPIRY_TIME < 1757416680008

[INFO ] 25-09-09 20:19:00 [sqlonly:228] - DELETE FROM SPRING_SESSION
WHERE EXPIRY_TIME < 1757416740008

[INFO ] 25-09-09 20:20:00 [sqlonly:228] - DELETE FROM SPRING_SESSION
WHERE EXPIRY_TIME < 1757416800006

[INFO ] 25-09-09 20:21:00 [sqlonly:228] - DELETE FROM SPRING_SESSION
WHERE EXPIRY_TIME < 1757416860007

[INFO ] 25-09-09 20:22:00 [sqlonly:228] - DELETE FROM SPRING_SESSION
WHERE EXPIRY_TIME < 1757416920008

[INFO ] 25-09-09 20:23:00 [sqlonly:228] - DELETE FROM SPRING_SESSION
WHERE EXPIRY_TIME < 1757416980005

[INFO ] 25-09-09 20:24:00 [sqlonly:228] - DELETE FROM SPRING_SESSION
WHERE EXPIRY_TIME < 1757417040003

[INFO ] 25-09-09 20:25:00 [sqlonly:228] - DELETE FROM SPRING_SESSION
WHERE EXPIRY_TIME < 1757417100012

[INFO ] 25-09-09 20:26:00 [sqlonly:228] - DELETE FROM SPRING_SESSION
WHERE EXPIRY_TIME < 1757417160006

[INFO ] 25-09-09 20:26:59 [sqlonly:228] - DELETE FROM SPRING_SESSION
WHERE EXPIRY_TIME < 1757417219946

[INFO ] 25-09-09 20:28:00 [sqlonly:228] - DELETE FROM SPRING_SESSION
WHERE EXPIRY_TIME < 1757417280006

[INFO ] 25-09-09 20:29:00 [sqlonly:228] - DELETE FROM SPRING_SESSION
WHERE EXPIRY_TIME < 1757417340005

[INFO ] 25-09-09 20:30:00 [sqlonly:228] - DELETE FROM SPRING_SESSION
WHERE EXPIRY_TIME < 1757417400005

[INFO ] 25-09-09 20:31:00 [sqlonly:228] - DELETE FROM SPRING_SESSION
WHERE EXPIRY_TIME < 1757417460004

[INFO ] 25-09-09 20:32:00 [sqlonly:228] - DELETE FROM SPRING_SESSION
WHERE EXPIRY_TIME < 1757417520003

[INFO ] 25-09-09 20:33:00 [sqlonly:228] - DELETE FROM SPRING_SESSION
WHERE EXPIRY_TIME < 1757417580007

[INFO ] 25-09-09 20:34:00 [sqlonly:228] - DELETE FROM SPRING_SESSION
WHERE EXPIRY_TIME < 1757417640002

[INFO ] 25-09-09 20:35:00 [sqlonly:228] - DELETE FROM SPRING_SESSION
WHERE EXPIRY_TIME < 1757417700008

[INFO ] 25-09-09 20:36:00 [sqlonly:228] - DELETE FROM SPRING_SESSION
WHERE EXPIRY_TIME < 1757417760009

[INFO ] 25-09-09 20:37:00 [sqlonly:228] - DELETE FROM SPRING_SESSION
WHERE EXPIRY_TIME < 1757417820006

[INFO ] 25-09-09 20:38:00 [sqlonly:228] - DELETE FROM SPRING_SESSION
WHERE EXPIRY_TIME < 1757417880003

[INFO ] 25-09-09 20:39:00 [sqlonly:228] - DELETE FROM SPRING_SESSION
WHERE EXPIRY_TIME < 1757417940004

[INFO ] 25-09-09 20:40:00 [sqlonly:228] - DELETE FROM SPRING_SESSION
WHERE EXPIRY_TIME < 1757418000003

[INFO ] 25-09-09 20:41:00 [sqlonly:228] - DELETE FROM SPRING_SESSION
WHERE EXPIRY_TIME < 1757418060004

[INFO ] 25-09-09 20:42:00 [sqlonly:228] - DELETE FROM SPRING_SESSION
WHERE EXPIRY_TIME < 1757418120009

[INFO ] 25-09-09 20:43:00 [sqlonly:228] - DELETE FROM SPRING_SESSION
WHERE EXPIRY_TIME < 1757418180084

[INFO ] 25-09-09 20:44:00 [sqlonly:228] - DELETE FROM SPRING_SESSION
WHERE EXPIRY_TIME < 1757418240007

[INFO ] 25-09-09 20:45:00 [sqlonly:228] - DELETE FROM SPRING_SESSION
WHERE EXPIRY_TIME < 1757418300008

[INFO ] 25-09-09 20:46:00 [sqlonly:228] - DELETE FROM SPRING_SESSION
WHERE EXPIRY_TIME < 1757418360003

[INFO ] 25-09-09 20:47:00 [sqlonly:228] - DELETE FROM SPRING_SESSION
WHERE EXPIRY_TIME < 1757418420009

[INFO ] 25-09-09 20:48:00 [sqlonly:228] - DELETE FROM SPRING_SESSION
WHERE EXPIRY_TIME < 1757418480008

[INFO ] 25-09-09 20:49:00 [sqlonly:228] - DELETE FROM SPRING_SESSION
WHERE EXPIRY_TIME < 1757418540003

[INFO ] 25-09-09 20:50:00 [sqlonly:228] - DELETE FROM SPRING_SESSION
WHERE EXPIRY_TIME < 1757418600006

[INFO ] 25-09-09 20:51:00 [sqlonly:228] - DELETE FROM SPRING_SESSION
WHERE EXPIRY_TIME < 1757418660011

[INFO ] 25-09-09 20:52:00 [sqlonly:228] - DELETE FROM SPRING_SESSION
WHERE EXPIRY_TIME < 1757418720009

[INFO ] 25-09-09 20:53:00 [sqlonly:228] - DELETE FROM SPRING_SESSION
WHERE EXPIRY_TIME < 1757418780006

[INFO ] 25-09-09 20:54:00 [sqlonly:228] - DELETE FROM SPRING_SESSION
WHERE EXPIRY_TIME < 1757418840006

[INFO ] 25-09-09 20:55:00 [sqlonly:228] - DELETE FROM SPRING_SESSION
WHERE EXPIRY_TIME < 1757418900007

[INFO ] 25-09-09 20:56:00 [sqlonly:228] - DELETE FROM SPRING_SESSION
WHERE EXPIRY_TIME < 1757418960008

[INFO ] 25-09-09 20:57:00 [sqlonly:228] - DELETE FROM SPRING_SESSION
WHERE EXPIRY_TIME < 1757419020004

[INFO ] 25-09-09 20:58:00 [sqlonly:228] - DELETE FROM SPRING_SESSION
WHERE EXPIRY_TIME < 1757419080005

[INFO ] 25-09-09 20:59:00 [sqlonly:228] - DELETE FROM SPRING_SESSION
WHERE EXPIRY_TIME < 1757419140004

[INFO ] 25-09-09 21:00:00 [sqlonly:228] - DELETE FROM SPRING_SESSION
WHERE EXPIRY_TIME < 1757419200002

[INFO ] 25-09-09 21:01:00 [sqlonly:228] - DELETE FROM SPRING_SESSION
WHERE EXPIRY_TIME < 1757419260006

[INFO ] 25-09-09 21:02:00 [sqlonly:228] - DELETE FROM SPRING_SESSION
WHERE EXPIRY_TIME < 1757419320010

[INFO ] 25-09-09 21:03:00 [sqlonly:228] - DELETE FROM SPRING_SESSION
WHERE EXPIRY_TIME < 1757419380008

[INFO ] 25-09-09 21:04:00 [sqlonly:228] - DELETE FROM SPRING_SESSION
WHERE EXPIRY_TIME < 1757419440008

[INFO ] 25-09-09 21:05:00 [sqlonly:228] - DELETE FROM SPRING_SESSION
WHERE EXPIRY_TIME < 1757419500005

[INFO ] 25-09-09 21:06:00 [sqlonly:228] - DELETE FROM SPRING_SESSION
WHERE EXPIRY_TIME < 1757419560009

[INFO ] 25-09-09 21:07:00 [sqlonly:228] - DELETE FROM SPRING_SESSION
WHERE EXPIRY_TIME < 1757419620004

[INFO ] 25-09-09 21:08:00 [sqlonly:228] - DELETE FROM SPRING_SESSION
WHERE EXPIRY_TIME < 1757419680010

[INFO ] 25-09-09 21:09:00 [sqlonly:228] - DELETE FROM SPRING_SESSION
WHERE EXPIRY_TIME < 1757419740009

[INFO ] 25-09-09 21:10:00 [sqlonly:228] - DELETE FROM SPRING_SESSION
WHERE EXPIRY_TIME < 1757419800005

[INFO ] 25-09-09 21:11:00 [sqlonly:228] - DELETE FROM SPRING_SESSION
WHERE EXPIRY_TIME < 1757419860006

[INFO ] 25-09-09 21:12:00 [sqlonly:228] - DELETE FROM SPRING_SESSION
WHERE EXPIRY_TIME < 1757419920008

[INFO ] 25-09-09 21:13:00 [sqlonly:228] - DELETE FROM SPRING_SESSION
WHERE EXPIRY_TIME < 1757419980009

[INFO ] 25-09-09 21:14:00 [sqlonly:228] - DELETE FROM SPRING_SESSION
WHERE EXPIRY_TIME < 1757420040002

[INFO ] 25-09-09 21:15:00 [sqlonly:228] - DELETE FROM SPRING_SESSION
WHERE EXPIRY_TIME < 1757420100010

[INFO ] 25-09-09 21:16:00 [sqlonly:228] - DELETE FROM SPRING_SESSION
WHERE EXPIRY_TIME < 1757420160007

[INFO ] 25-09-09 21:17:00 [sqlonly:228] - DELETE FROM SPRING_SESSION
WHERE EXPIRY_TIME < 1757420220007

[INFO ] 25-09-09 21:18:00 [sqlonly:228] - DELETE FROM SPRING_SESSION
WHERE EXPIRY_TIME < 1757420280007

[INFO ] 25-09-09 21:19:00 [sqlonly:228] - DELETE FROM SPRING_SESSION
WHERE EXPIRY_TIME < 1757420340011

[INFO ] 25-09-09 21:20:00 [sqlonly:228] - DELETE FROM SPRING_SESSION
WHERE EXPIRY_TIME < 1757420400003

[INFO ] 25-09-09 21:21:00 [sqlonly:228] - DELETE FROM SPRING_SESSION
WHERE EXPIRY_TIME < 1757420460004

[INFO ] 25-09-09 21:22:00 [sqlonly:228] - DELETE FROM SPRING_SESSION
WHERE EXPIRY_TIME < 1757420520008

[INFO ] 25-09-09 21:23:00 [sqlonly:228] - DELETE FROM SPRING_SESSION
WHERE EXPIRY_TIME < 1757420580007

[INFO ] 25-09-09 21:24:00 [sqlonly:228] - DELETE FROM SPRING_SESSION
WHERE EXPIRY_TIME < 1757420640010

[INFO ] 25-09-09 21:25:00 [sqlonly:228] - DELETE FROM SPRING_SESSION
WHERE EXPIRY_TIME < 1757420700008

[INFO ] 25-09-09 21:26:00 [sqlonly:228] - DELETE FROM SPRING_SESSION
WHERE EXPIRY_TIME < 1757420760008

[INFO ] 25-09-09 21:27:00 [sqlonly:228] - DELETE FROM SPRING_SESSION
WHERE EXPIRY_TIME < 1757420820004

[INFO ] 25-09-09 21:28:00 [sqlonly:228] - DELETE FROM SPRING_SESSION
WHERE EXPIRY_TIME < 1757420880013

[INFO ] 25-09-09 21:29:00 [sqlonly:228] - DELETE FROM SPRING_SESSION
WHERE EXPIRY_TIME < 1757420940002

[INFO ] 25-09-09 21:30:00 [sqlonly:228] - DELETE FROM SPRING_SESSION
WHERE EXPIRY_TIME < 1757421000020

[INFO ] 25-09-09 21:31:00 [sqlonly:228] - DELETE FROM SPRING_SESSION
WHERE EXPIRY_TIME < 1757421060004

[INFO ] 25-09-09 21:32:00 [sqlonly:228] - DELETE FROM SPRING_SESSION
WHERE EXPIRY_TIME < 1757421120004

[INFO ] 25-09-09 21:34:08 [sqlonly:228] - DELETE FROM SPRING_SESSION
WHERE EXPIRY_TIME < 1757421248228

[WARN ] 25-09-09 21:34:27 [HikariPool:825] - HikariPool-1 - Thread starvation or clock leap detected (housekeeper delta=1m38s205ms).
[WARN ] 25-09-09 21:37:16 [HikariPool:825] - HikariPool-1 - Thread starvation or clock leap detected (housekeeper delta=2m49s290ms).
[INFO ] 25-09-09 21:37:19 [sqlonly:228] - DELETE FROM SPRING_SESSION
WHERE EXPIRY_TIME < 1757421439279

[INFO ] 25-09-09 21:38:01 [sqlonly:228] - DELETE FROM SPRING_SESSION
WHERE EXPIRY_TIME < 1757421481710

[WARN ] 25-09-09 21:39:45 [HikariPool:825] - HikariPool-1 - Thread starvation or clock leap detected (housekeeper delta=1m27s168ms).
[INFO ] 25-09-09 21:39:57 [sqlonly:228] - DELETE FROM SPRING_SESSION
WHERE EXPIRY_TIME < 1757421597173

[INFO ] 25-09-09 21:40:00 [sqlonly:228] - DELETE FROM SPRING_SESSION
WHERE EXPIRY_TIME < 1757421600010

[WARN ] 25-09-09 21:41:30 [HikariPool:825] - HikariPool-1 - Thread starvation or clock leap detected (housekeeper delta=1m15s419ms).
[INFO ] 25-09-09 21:41:45 [sqlonly:228] - DELETE FROM SPRING_SESSION
WHERE EXPIRY_TIME < 1757421705425

[INFO ] 25-09-09 21:42:00 [sqlonly:228] - DELETE FROM SPRING_SESSION
WHERE EXPIRY_TIME < 1757421720007

[WARN ] 25-09-09 22:01:25 [HikariPool:825] - HikariPool-1 - Thread starvation or clock leap detected (housekeeper delta=19m24s923ms).
[INFO ] 25-09-09 22:10:51 [sqlonly:228] - DELETE FROM SPRING_SESSION
WHERE EXPIRY_TIME < 1757423451163

[WARN ] 25-09-09 22:10:52 [HikariPool:825] - HikariPool-1 - Thread starvation or clock leap detected (housekeeper delta=9m26s259ms).
[INFO ] 25-09-09 22:11:00 [sqlonly:228] - DELETE FROM SPRING_SESSION
WHERE EXPIRY_TIME < 1757423460007

[WARN ] 25-09-09 22:12:56 [HikariPool:825] - HikariPool-1 - Thread starvation or clock leap detected (housekeeper delta=1m34s638ms).
[INFO ] 25-09-09 22:13:04 [sqlonly:228] - DELETE FROM SPRING_SESSION
WHERE EXPIRY_TIME < 1757423584643

[WARN ] 25-09-09 22:25:58 [HikariPool:825] - HikariPool-1 - Thread starvation or clock leap detected (housekeeper delta=13m1s878ms).
[INFO ] 25-09-09 22:26:31 [sqlonly:228] - DELETE FROM SPRING_SESSION
WHERE EXPIRY_TIME < 1757424391868

[WARN ] 25-09-09 22:32:14 [HikariPool:825] - HikariPool-1 - Thread starvation or clock leap detected (housekeeper delta=5m45s639ms).
[INFO ] 25-09-09 22:32:15 [sqlonly:228] - DELETE FROM SPRING_SESSION
WHERE EXPIRY_TIME < 1757424735647

[WARN ] 25-09-09 23:33:52 [HikariPool:825] - HikariPool-1 - Thread starvation or clock leap detected (housekeeper delta=1h1m38s484ms).
[INFO ] 25-09-09 23:34:08 [sqlonly:228] - DELETE FROM SPRING_SESSION
WHERE EXPIRY_TIME < 1757428448367

[WARN ] 25-09-09 23:45:26 [HikariPool:825] - HikariPool-1 - Thread starvation or clock leap detected (housekeeper delta=11m3s806ms).
[INFO ] 25-09-09 23:45:33 [sqlonly:228] - DELETE FROM SPRING_SESSION
WHERE EXPIRY_TIME < 1757429133806

[INFO ] 25-09-09 23:58:06 [sqlonly:228] - DELETE FROM SPRING_SESSION
WHERE EXPIRY_TIME < 1757429886266

[WARN ] 25-09-09 23:58:32 [HikariPool:825] - HikariPool-1 - Thread starvation or clock leap detected (housekeeper delta=12m36s261ms).
[INFO ] 25-09-09 23:59:28 [sqlonly:228] - DELETE FROM SPRING_SESSION
WHERE EXPIRY_TIME < 1757429968662

[WARN ] 25-09-09 23:59:31 [HikariPool:825] - HikariPool-1 - Thread starvation or clock leap detected (housekeeper delta=58s657ms).
