[WARN ] 25-09-08 00:00:22 [HikariPool:825] - HikariPool-1 - Thread starvation or clock leap detected (housekeeper delta=14m48s953ms).
[INFO ] 25-09-08 00:19:24 [sqlonly:228] - DELETE FROM SPRING_SESSION
WHERE EXPIRY_TIME < 1757258364236

[WARN ] 25-09-08 00:19:27 [HikariPool:825] - HikariPool-1 - Thread starvation or clock leap detected (housekeeper delta=18m35s286ms).
[INFO ] 25-09-08 00:20:00 [sqlonly:228] - DELETE FROM SPRING_SESSION
WHERE EXPIRY_TIME < 1757258400012

[WARN ] 25-09-08 00:21:43 [HikariPool:825] - HikariPool-1 - Thread starvation or clock leap detected (housekeeper delta=1m45s401ms).
[WARN ] 25-09-08 00:45:52 [HikariPool:825] - HikariPool-1 - Thread starvation or clock leap detected (housekeeper delta=24m9s33ms).
[INFO ] 25-09-08 00:45:54 [sqlonly:228] - DELETE FROM SPRING_SESSION
WHERE EXPIRY_TIME < 1757259954430

[INFO ] 25-09-08 00:46:00 [sqlonly:228] - DELETE FROM SPRING_SESSION
WHERE EXPIRY_TIME < 1757259960016

[WARN ] 25-09-08 01:04:51 [HikariPool:825] - HikariPool-1 - Thread starvation or clock leap detected (housekeeper delta=18m28s765ms).
[INFO ] 25-09-08 01:04:58 [sqlonly:228] - DELETE FROM SPRING_SESSION
WHERE EXPIRY_TIME < 1757261098785

[INFO ] 25-09-08 01:05:00 [sqlonly:228] - DELETE FROM SPRING_SESSION
WHERE EXPIRY_TIME < 1757261100013

[WARN ] 25-09-08 01:05:49 [HikariPool:825] - HikariPool-1 - Thread starvation or clock leap detected (housekeeper delta=58s590ms).
[INFO ] 25-09-08 01:06:28 [sqlonly:228] - DELETE FROM SPRING_SESSION
WHERE EXPIRY_TIME < 1757261188587

[WARN ] 25-09-08 01:23:14 [HikariPool:825] - HikariPool-1 - Thread starvation or clock leap detected (housekeeper delta=16m54s364ms).
[INFO ] 25-09-08 01:23:24 [sqlonly:228] - DELETE FROM SPRING_SESSION
WHERE EXPIRY_TIME < 1757262204362

[WARN ] 25-09-08 01:39:04 [HikariPool:825] - HikariPool-1 - Thread starvation or clock leap detected (housekeeper delta=15m50s253ms).
[INFO ] 25-09-08 01:39:20 [sqlonly:228] - DELETE FROM SPRING_SESSION
WHERE EXPIRY_TIME < 1757263160250

[INFO ] 25-09-08 01:46:52 [sqlonly:228] - DELETE FROM SPRING_SESSION
WHERE EXPIRY_TIME < 1757263612040

[WARN ] 25-09-08 01:46:56 [HikariPool:825] - HikariPool-1 - Thread starvation or clock leap detected (housekeeper delta=7m22s50ms).
[INFO ] 25-09-08 01:47:00 [sqlonly:228] - DELETE FROM SPRING_SESSION
WHERE EXPIRY_TIME < 1757263620008

[WARN ] 25-09-08 02:03:07 [HikariPool:825] - HikariPool-1 - Thread starvation or clock leap detected (housekeeper delta=15m41s82ms).
[INFO ] 25-09-08 02:03:11 [sqlonly:228] - DELETE FROM SPRING_SESSION
WHERE EXPIRY_TIME < 1757264591091

[WARN ] 25-09-08 02:19:25 [HikariPool:825] - HikariPool-1 - Thread starvation or clock leap detected (housekeeper delta=16m17s654ms).
[INFO ] 25-09-08 02:19:47 [sqlonly:228] - DELETE FROM SPRING_SESSION
WHERE EXPIRY_TIME < 1757265587660

[INFO ] 25-09-08 02:20:00 [sqlonly:228] - DELETE FROM SPRING_SESSION
WHERE EXPIRY_TIME < 1757265600007

[WARN ] 25-09-08 02:37:52 [HikariPool:825] - HikariPool-1 - Thread starvation or clock leap detected (housekeeper delta=17m57s17ms).
[INFO ] 25-09-08 02:38:27 [sqlonly:228] - DELETE FROM SPRING_SESSION
WHERE EXPIRY_TIME < 1757266707017

[WARN ] 25-09-08 02:47:56 [HikariPool:825] - HikariPool-1 - Thread starvation or clock leap detected (housekeeper delta=9m34s598ms).
[INFO ] 25-09-08 02:48:04 [sqlonly:228] - DELETE FROM SPRING_SESSION
WHERE EXPIRY_TIME < 1757267284600

[WARN ] 25-09-08 03:05:03 [HikariPool:825] - HikariPool-1 - Thread starvation or clock leap detected (housekeeper delta=16m37s90ms).
[INFO ] 25-09-08 03:05:07 [sqlonly:228] - DELETE FROM SPRING_SESSION
WHERE EXPIRY_TIME < 1757268307089

[INFO ] 25-09-08 03:21:21 [sqlonly:228] - DELETE FROM SPRING_SESSION
WHERE EXPIRY_TIME < 1757269281709

[WARN ] 25-09-08 03:21:25 [HikariPool:825] - HikariPool-1 - Thread starvation or clock leap detected (housekeeper delta=15m51s704ms).
[INFO ] 25-09-08 03:22:00 [sqlonly:228] - DELETE FROM SPRING_SESSION
WHERE EXPIRY_TIME < 1757269320011

[WARN ] 25-09-08 03:37:38 [HikariPool:825] - HikariPool-1 - Thread starvation or clock leap detected (housekeeper delta=15m43s74ms).
[INFO ] 25-09-08 03:38:13 [sqlonly:228] - DELETE FROM SPRING_SESSION
WHERE EXPIRY_TIME < 1757270293084

[WARN ] 25-09-08 03:54:14 [HikariPool:825] - HikariPool-1 - Thread starvation or clock leap detected (housekeeper delta=16m5s676ms).
[INFO ] 25-09-08 03:54:35 [sqlonly:228] - DELETE FROM SPRING_SESSION
WHERE EXPIRY_TIME < 1757271275670

[INFO ] 25-09-08 03:55:00 [sqlonly:228] - DELETE FROM SPRING_SESSION
WHERE EXPIRY_TIME < 1757271300005

[WARN ] 25-09-08 04:12:05 [HikariPool:825] - HikariPool-1 - Thread starvation or clock leap detected (housekeeper delta=16m51s601ms).
[INFO ] 25-09-08 04:12:21 [sqlonly:228] - DELETE FROM SPRING_SESSION
WHERE EXPIRY_TIME < 1757272341591

[INFO ] 25-09-08 04:13:00 [sqlonly:228] - DELETE FROM SPRING_SESSION
WHERE EXPIRY_TIME < 1757272380011

[WARN ] 25-09-08 04:30:07 [HikariPool:825] - HikariPool-1 - Thread starvation or clock leap detected (housekeeper delta=17m1s763ms).
[INFO ] 25-09-08 04:45:29 [sqlonly:228] - DELETE FROM SPRING_SESSION
WHERE EXPIRY_TIME < 1757274329824

[WARN ] 25-09-08 04:45:35 [HikariPool:825] - HikariPool-1 - Thread starvation or clock leap detected (housekeeper delta=15m28s66ms).
[INFO ] 25-09-08 04:46:00 [sqlonly:228] - DELETE FROM SPRING_SESSION
WHERE EXPIRY_TIME < 1757274360011

[WARN ] 25-09-08 05:03:37 [HikariPool:825] - HikariPool-1 - Thread starvation or clock leap detected (housekeeper delta=17m31s339ms).
[INFO ] 25-09-08 05:04:01 [sqlonly:228] - DELETE FROM SPRING_SESSION
WHERE EXPIRY_TIME < 1757275441347

[WARN ] 25-09-08 05:19:35 [HikariPool:825] - HikariPool-1 - Thread starvation or clock leap detected (housekeeper delta=15m28s683ms).
[INFO ] 25-09-08 05:19:58 [sqlonly:228] - DELETE FROM SPRING_SESSION
WHERE EXPIRY_TIME < 1757276398691

[INFO ] 25-09-08 05:20:00 [sqlonly:228] - DELETE FROM SPRING_SESSION
WHERE EXPIRY_TIME < 1757276400005

[INFO ] 25-09-08 05:21:00 [sqlonly:228] - DELETE FROM SPRING_SESSION
WHERE EXPIRY_TIME < 1757276460007

[INFO ] 25-09-08 05:22:00 [sqlonly:228] - DELETE FROM SPRING_SESSION
WHERE EXPIRY_TIME < 1757276520008

[INFO ] 25-09-08 05:38:09 [sqlonly:228] - DELETE FROM SPRING_SESSION
WHERE EXPIRY_TIME < 1757277489575

[WARN ] 25-09-08 05:38:15 [HikariPool:825] - HikariPool-1 - Thread starvation or clock leap detected (housekeeper delta=15m39s593ms).
[WARN ] 25-09-08 05:56:05 [HikariPool:825] - HikariPool-1 - Thread starvation or clock leap detected (housekeeper delta=17m49s966ms).
[INFO ] 25-09-08 05:56:19 [sqlonly:228] - DELETE FROM SPRING_SESSION
WHERE EXPIRY_TIME < 1757278579977

[INFO ] 25-09-08 06:14:08 [sqlonly:228] - DELETE FROM SPRING_SESSION
WHERE EXPIRY_TIME < 1757279648655

[WARN ] 25-09-08 06:14:14 [HikariPool:825] - HikariPool-1 - Thread starvation or clock leap detected (housekeeper delta=17m38s656ms).
[INFO ] 25-09-08 06:15:00 [sqlonly:228] - DELETE FROM SPRING_SESSION
WHERE EXPIRY_TIME < 1757279700006

[INFO ] 25-09-08 06:16:00 [sqlonly:228] - DELETE FROM SPRING_SESSION
WHERE EXPIRY_TIME < 1757279760011

[INFO ] 25-09-08 06:17:00 [sqlonly:228] - DELETE FROM SPRING_SESSION
WHERE EXPIRY_TIME < 1757279820006

[INFO ] 25-09-08 06:18:00 [sqlonly:228] - DELETE FROM SPRING_SESSION
WHERE EXPIRY_TIME < 1757279880009

[INFO ] 25-09-08 06:19:00 [sqlonly:228] - DELETE FROM SPRING_SESSION
WHERE EXPIRY_TIME < 1757279940003

[INFO ] 25-09-08 06:20:00 [sqlonly:228] - DELETE FROM SPRING_SESSION
WHERE EXPIRY_TIME < 1757280000019

[INFO ] 25-09-08 06:21:00 [sqlonly:228] - DELETE FROM SPRING_SESSION
WHERE EXPIRY_TIME < 1757280060010

[INFO ] 25-09-08 06:22:00 [sqlonly:228] - DELETE FROM SPRING_SESSION
WHERE EXPIRY_TIME < 1757280120011

[INFO ] 25-09-08 06:23:00 [sqlonly:228] - DELETE FROM SPRING_SESSION
WHERE EXPIRY_TIME < 1757280180004

[INFO ] 25-09-08 06:24:00 [sqlonly:228] - DELETE FROM SPRING_SESSION
WHERE EXPIRY_TIME < 1757280240010

[INFO ] 25-09-08 06:25:00 [sqlonly:228] - DELETE FROM SPRING_SESSION
WHERE EXPIRY_TIME < 1757280300009

[INFO ] 25-09-08 06:26:00 [sqlonly:228] - DELETE FROM SPRING_SESSION
WHERE EXPIRY_TIME < 1757280360004

[INFO ] 25-09-08 06:27:00 [sqlonly:228] - DELETE FROM SPRING_SESSION
WHERE EXPIRY_TIME < 1757280420003

[INFO ] 25-09-08 06:28:00 [sqlonly:228] - DELETE FROM SPRING_SESSION
WHERE EXPIRY_TIME < 1757280480011

[INFO ] 25-09-08 06:29:00 [sqlonly:228] - DELETE FROM SPRING_SESSION
WHERE EXPIRY_TIME < 1757280540004

[WARN ] 25-09-08 06:39:13 [HikariPool:825] - HikariPool-1 - Thread starvation or clock leap detected (housekeeper delta=10m28s853ms).
[INFO ] 25-09-08 06:39:58 [sqlonly:228] - DELETE FROM SPRING_SESSION
WHERE EXPIRY_TIME < 1757281198862

[INFO ] 25-09-08 06:40:00 [sqlonly:228] - DELETE FROM SPRING_SESSION
WHERE EXPIRY_TIME < 1757281200004

[INFO ] 25-09-08 06:41:00 [sqlonly:228] - DELETE FROM SPRING_SESSION
WHERE EXPIRY_TIME < 1757281260007

[INFO ] 25-09-08 06:42:00 [sqlonly:228] - DELETE FROM SPRING_SESSION
WHERE EXPIRY_TIME < 1757281320005

[WARN ] 25-09-08 06:57:48 [HikariPool:825] - HikariPool-1 - Thread starvation or clock leap detected (housekeeper delta=16m4s938ms).
[INFO ] 25-09-08 06:58:34 [sqlonly:228] - DELETE FROM SPRING_SESSION
WHERE EXPIRY_TIME < 1757282314943

[INFO ] 25-09-08 06:59:00 [sqlonly:228] - DELETE FROM SPRING_SESSION
WHERE EXPIRY_TIME < 1757282340008

[INFO ] 25-09-08 07:00:00 [sqlonly:228] - DELETE FROM SPRING_SESSION
WHERE EXPIRY_TIME < 1757282400008

[INFO ] 25-09-08 07:01:00 [sqlonly:228] - DELETE FROM SPRING_SESSION
WHERE EXPIRY_TIME < 1757282460009

[INFO ] 25-09-08 07:02:00 [sqlonly:228] - DELETE FROM SPRING_SESSION
WHERE EXPIRY_TIME < 1757282520008

[WARN ] 25-09-08 07:20:00 [HikariPool:825] - HikariPool-1 - Thread starvation or clock leap detected (housekeeper delta=17m42s748ms).
[INFO ] 25-09-08 07:20:12 [sqlonly:228] - DELETE FROM SPRING_SESSION
WHERE EXPIRY_TIME < 1757283612750

[INFO ] 25-09-08 07:21:00 [sqlonly:228] - DELETE FROM SPRING_SESSION
WHERE EXPIRY_TIME < 1757283660005

[INFO ] 25-09-08 07:22:00 [sqlonly:228] - DELETE FROM SPRING_SESSION
WHERE EXPIRY_TIME < 1757283720015

[INFO ] 25-09-08 07:23:00 [sqlonly:228] - DELETE FROM SPRING_SESSION
WHERE EXPIRY_TIME < 1757283780011

[INFO ] 25-09-08 07:24:00 [sqlonly:228] - DELETE FROM SPRING_SESSION
WHERE EXPIRY_TIME < 1757283840010

[INFO ] 25-09-08 07:25:00 [sqlonly:228] - DELETE FROM SPRING_SESSION
WHERE EXPIRY_TIME < 1757283900011

[INFO ] 25-09-08 07:26:00 [sqlonly:228] - DELETE FROM SPRING_SESSION
WHERE EXPIRY_TIME < 1757283960011

[INFO ] 25-09-08 07:27:00 [sqlonly:228] - DELETE FROM SPRING_SESSION
WHERE EXPIRY_TIME < 1757284020007

[INFO ] 25-09-08 07:28:00 [sqlonly:228] - DELETE FROM SPRING_SESSION
WHERE EXPIRY_TIME < 1757284080005

[INFO ] 25-09-08 07:29:00 [sqlonly:228] - DELETE FROM SPRING_SESSION
WHERE EXPIRY_TIME < 1757284140008

[INFO ] 25-09-08 07:30:00 [sqlonly:228] - DELETE FROM SPRING_SESSION
WHERE EXPIRY_TIME < 1757284200011

[INFO ] 25-09-08 07:31:00 [sqlonly:228] - DELETE FROM SPRING_SESSION
WHERE EXPIRY_TIME < 1757284260009

[INFO ] 25-09-08 07:32:00 [sqlonly:228] - DELETE FROM SPRING_SESSION
WHERE EXPIRY_TIME < 1757284320011

[INFO ] 25-09-08 07:33:00 [sqlonly:228] - DELETE FROM SPRING_SESSION
WHERE EXPIRY_TIME < 1757284380007

[INFO ] 25-09-08 07:34:00 [sqlonly:228] - DELETE FROM SPRING_SESSION
WHERE EXPIRY_TIME < 1757284440011

[INFO ] 25-09-08 07:35:00 [sqlonly:228] - DELETE FROM SPRING_SESSION
WHERE EXPIRY_TIME < 1757284500011

[INFO ] 25-09-08 07:36:00 [sqlonly:228] - DELETE FROM SPRING_SESSION
WHERE EXPIRY_TIME < 1757284560003

[INFO ] 25-09-08 07:37:00 [sqlonly:228] - DELETE FROM SPRING_SESSION
WHERE EXPIRY_TIME < 1757284620005

[INFO ] 25-09-08 07:38:00 [sqlonly:228] - DELETE FROM SPRING_SESSION
WHERE EXPIRY_TIME < 1757284680005

[INFO ] 25-09-08 07:39:00 [sqlonly:228] - DELETE FROM SPRING_SESSION
WHERE EXPIRY_TIME < 1757284740004

[INFO ] 25-09-08 07:40:00 [sqlonly:228] - DELETE FROM SPRING_SESSION
WHERE EXPIRY_TIME < 1757284800003

[INFO ] 25-09-08 07:41:00 [sqlonly:228] - DELETE FROM SPRING_SESSION
WHERE EXPIRY_TIME < 1757284860006

[INFO ] 25-09-08 07:42:00 [sqlonly:228] - DELETE FROM SPRING_SESSION
WHERE EXPIRY_TIME < 1757284920024

[INFO ] 25-09-08 07:43:00 [sqlonly:228] - DELETE FROM SPRING_SESSION
WHERE EXPIRY_TIME < 1757284980012

[INFO ] 25-09-08 07:44:00 [sqlonly:228] - DELETE FROM SPRING_SESSION
WHERE EXPIRY_TIME < 1757285040020

[INFO ] 25-09-08 07:45:00 [sqlonly:228] - DELETE FROM SPRING_SESSION
WHERE EXPIRY_TIME < 1757285100015

[INFO ] 25-09-08 07:46:00 [sqlonly:228] - DELETE FROM SPRING_SESSION
WHERE EXPIRY_TIME < 1757285160006

[INFO ] 25-09-08 07:47:00 [sqlonly:228] - DELETE FROM SPRING_SESSION
WHERE EXPIRY_TIME < 1757285220005

[INFO ] 25-09-08 07:48:00 [sqlonly:228] - DELETE FROM SPRING_SESSION
WHERE EXPIRY_TIME < 1757285280012

[INFO ] 25-09-08 07:49:00 [sqlonly:228] - DELETE FROM SPRING_SESSION
WHERE EXPIRY_TIME < 1757285340008

[INFO ] 25-09-08 07:50:00 [sqlonly:228] - DELETE FROM SPRING_SESSION
WHERE EXPIRY_TIME < 1757285400009

[INFO ] 25-09-08 07:51:00 [sqlonly:228] - DELETE FROM SPRING_SESSION
WHERE EXPIRY_TIME < 1757285460009

[INFO ] 25-09-08 07:52:00 [sqlonly:228] - DELETE FROM SPRING_SESSION
WHERE EXPIRY_TIME < 1757285520004

[INFO ] 25-09-08 07:53:00 [sqlonly:228] - DELETE FROM SPRING_SESSION
WHERE EXPIRY_TIME < 1757285580010

[INFO ] 25-09-08 07:54:00 [sqlonly:228] - DELETE FROM SPRING_SESSION
WHERE EXPIRY_TIME < 1757285640008

[INFO ] 25-09-08 07:55:00 [sqlonly:228] - DELETE FROM SPRING_SESSION
WHERE EXPIRY_TIME < 1757285700010

[INFO ] 25-09-08 07:56:00 [sqlonly:228] - DELETE FROM SPRING_SESSION
WHERE EXPIRY_TIME < 1757285760010

[INFO ] 25-09-08 07:57:00 [sqlonly:228] - DELETE FROM SPRING_SESSION
WHERE EXPIRY_TIME < 1757285820008

[INFO ] 25-09-08 07:58:00 [sqlonly:228] - DELETE FROM SPRING_SESSION
WHERE EXPIRY_TIME < 1757285880006

[INFO ] 25-09-08 07:59:00 [sqlonly:228] - DELETE FROM SPRING_SESSION
WHERE EXPIRY_TIME < 1757285940005

[INFO ] 25-09-08 07:59:59 [sqlonly:228] - DELETE FROM SPRING_SESSION
WHERE EXPIRY_TIME < 1757285999995

[INFO ] 25-09-08 08:01:00 [sqlonly:228] - DELETE FROM SPRING_SESSION
WHERE EXPIRY_TIME < 1757286060011

[INFO ] 25-09-08 08:02:00 [sqlonly:228] - DELETE FROM SPRING_SESSION
WHERE EXPIRY_TIME < 1757286120004

[INFO ] 25-09-08 08:03:00 [sqlonly:228] - DELETE FROM SPRING_SESSION
WHERE EXPIRY_TIME < 1757286180003

[INFO ] 25-09-08 08:04:00 [sqlonly:228] - DELETE FROM SPRING_SESSION
WHERE EXPIRY_TIME < 1757286240011

[INFO ] 25-09-08 08:05:00 [sqlonly:228] - DELETE FROM SPRING_SESSION
WHERE EXPIRY_TIME < 1757286300008

[INFO ] 25-09-08 08:06:00 [sqlonly:228] - DELETE FROM SPRING_SESSION
WHERE EXPIRY_TIME < 1757286360007

[INFO ] 25-09-08 08:07:00 [sqlonly:228] - DELETE FROM SPRING_SESSION
WHERE EXPIRY_TIME < 1757286420007

[INFO ] 25-09-08 08:08:00 [sqlonly:228] - DELETE FROM SPRING_SESSION
WHERE EXPIRY_TIME < 1757286480011

[INFO ] 25-09-08 08:09:00 [sqlonly:228] - DELETE FROM SPRING_SESSION
WHERE EXPIRY_TIME < 1757286540011

[INFO ] 25-09-08 08:10:00 [sqlonly:228] - DELETE FROM SPRING_SESSION
WHERE EXPIRY_TIME < 1757286600011

[INFO ] 25-09-08 08:11:00 [sqlonly:228] - DELETE FROM SPRING_SESSION
WHERE EXPIRY_TIME < 1757286660007

[INFO ] 25-09-08 08:12:00 [sqlonly:228] - DELETE FROM SPRING_SESSION
WHERE EXPIRY_TIME < 1757286720011

[INFO ] 25-09-08 08:13:00 [sqlonly:228] - DELETE FROM SPRING_SESSION
WHERE EXPIRY_TIME < 1757286780011

[INFO ] 25-09-08 08:14:00 [sqlonly:228] - DELETE FROM SPRING_SESSION
WHERE EXPIRY_TIME < 1757286840010

[INFO ] 25-09-08 08:15:00 [sqlonly:228] - DELETE FROM SPRING_SESSION
WHERE EXPIRY_TIME < 1757286900010

[INFO ] 25-09-08 08:16:00 [sqlonly:228] - DELETE FROM SPRING_SESSION
WHERE EXPIRY_TIME < 1757286960008

[INFO ] 25-09-08 08:17:00 [sqlonly:228] - DELETE FROM SPRING_SESSION
WHERE EXPIRY_TIME < 1757287020009

[INFO ] 25-09-08 08:18:00 [sqlonly:228] - DELETE FROM SPRING_SESSION
WHERE EXPIRY_TIME < 1757287080012

[INFO ] 25-09-08 08:19:00 [sqlonly:228] - DELETE FROM SPRING_SESSION
WHERE EXPIRY_TIME < 1757287140011

[INFO ] 25-09-08 08:25:03 [sqlonly:228] - DELETE FROM SPRING_SESSION
WHERE EXPIRY_TIME < 1757287503401

[WARN ] 25-09-08 08:25:05 [HikariPool:825] - HikariPool-1 - Thread starvation or clock leap detected (housekeeper delta=5m33s400ms).
[INFO ] 25-09-08 08:27:26 [sqlonly:228] - DELETE FROM SPRING_SESSION
WHERE EXPIRY_TIME < 1757287646537

[WARN ] 25-09-08 08:27:31 [HikariPool:825] - HikariPool-1 - Thread starvation or clock leap detected (housekeeper delta=1m56s537ms).
[INFO ] 25-09-08 08:40:09 [sqlonly:228] - DELETE FROM SPRING_SESSION
WHERE EXPIRY_TIME < 1757288409759

[WARN ] 25-09-08 08:40:11 [HikariPool:825] - HikariPool-1 - Thread starvation or clock leap detected (housekeeper delta=12m39s752ms).
[INFO ] 25-09-08 08:59:38 [sqlonly:228] - DELETE FROM SPRING_SESSION
WHERE EXPIRY_TIME < 1757289578236

[WARN ] 25-09-08 08:59:49 [HikariPool:825] - HikariPool-1 - Thread starvation or clock leap detected (housekeeper delta=19m8s235ms).
[INFO ] 25-09-08 09:00:00 [sqlonly:228] - DELETE FROM SPRING_SESSION
WHERE EXPIRY_TIME < 1757289600005

[WARN ] 25-09-08 09:17:10 [HikariPool:825] - HikariPool-1 - Thread starvation or clock leap detected (housekeeper delta=17m21s212ms).
[INFO ] 25-09-08 09:17:51 [sqlonly:228] - DELETE FROM SPRING_SESSION
WHERE EXPIRY_TIME < 1757290671200

[INFO ] 25-09-08 09:41:09 [sqlonly:228] - DELETE FROM SPRING_SESSION
WHERE EXPIRY_TIME < 1757292069896

[WARN ] 25-09-08 09:41:20 [HikariPool:825] - HikariPool-1 - Thread starvation or clock leap detected (housekeeper delta=23m39s888ms).
[WARN ] 25-09-08 10:42:03 [HikariPool:825] - HikariPool-1 - Thread starvation or clock leap detected (housekeeper delta=1h43s97ms).
[INFO ] 25-09-08 10:42:12 [sqlonly:228] - DELETE FROM SPRING_SESSION
WHERE EXPIRY_TIME < 1757295732966

[INFO ] 25-09-08 11:03:18 [sqlonly:228] - DELETE FROM SPRING_SESSION
WHERE EXPIRY_TIME < 1757296998221

[WARN ] 25-09-08 11:03:21 [HikariPool:825] - HikariPool-1 - Thread starvation or clock leap detected (housekeeper delta=20m48s219ms).
[INFO ] 25-09-08 11:17:07 [sqlonly:228] - DELETE FROM SPRING_SESSION
WHERE EXPIRY_TIME < 1757297827626

[WARN ] 25-09-08 11:17:29 [HikariPool:825] - HikariPool-1 - Thread starvation or clock leap detected (housekeeper delta=13m37s618ms).
[WARN ] 25-09-08 11:43:12 [HikariPool:825] - HikariPool-1 - Thread starvation or clock leap detected (housekeeper delta=25m43s288ms).
[INFO ] 25-09-08 11:43:13 [sqlonly:228] - DELETE FROM SPRING_SESSION
WHERE EXPIRY_TIME < 1757299393281

[INFO ] 25-09-08 12:11:26 [sqlonly:228] - DELETE FROM SPRING_SESSION
WHERE EXPIRY_TIME < 1757301086005

[WARN ] 25-09-08 12:11:38 [HikariPool:825] - HikariPool-1 - Thread starvation or clock leap detected (housekeeper delta=27m56s).
[INFO ] 25-09-08 12:12:00 [sqlonly:228] - DELETE FROM SPRING_SESSION
WHERE EXPIRY_TIME < 1757301120012

[WARN ] 25-09-08 12:13:25 [HikariPool:825] - HikariPool-1 - Thread starvation or clock leap detected (housekeeper delta=1m46s762ms).
[INFO ] 25-09-08 12:18:02 [sqlonly:228] - DELETE FROM SPRING_SESSION
WHERE EXPIRY_TIME < 1757301482340

[WARN ] 25-09-08 12:18:11 [HikariPool:825] - HikariPool-1 - Thread starvation or clock leap detected (housekeeper delta=4m15s588ms).
[WARN ] 25-09-08 12:18:57 [HikariPool:825] - HikariPool-1 - Thread starvation or clock leap detected (housekeeper delta=45s985ms).
[INFO ] 25-09-08 12:19:16 [sqlonly:228] - DELETE FROM SPRING_SESSION
WHERE EXPIRY_TIME < 1757301556000

[INFO ] 25-09-08 12:20:00 [sqlonly:228] - DELETE FROM SPRING_SESSION
WHERE EXPIRY_TIME < 1757301600012

[INFO ] 25-09-08 12:21:00 [sqlonly:228] - DELETE FROM SPRING_SESSION
WHERE EXPIRY_TIME < 1757301660006

[INFO ] 25-09-08 12:22:00 [sqlonly:228] - DELETE FROM SPRING_SESSION
WHERE EXPIRY_TIME < 1757301720007

[INFO ] 25-09-08 12:23:00 [sqlonly:228] - DELETE FROM SPRING_SESSION
WHERE EXPIRY_TIME < 1757301780002

[INFO ] 25-09-08 12:24:00 [sqlonly:228] - DELETE FROM SPRING_SESSION
WHERE EXPIRY_TIME < 1757301840010

[INFO ] 25-09-08 12:25:00 [sqlonly:228] - DELETE FROM SPRING_SESSION
WHERE EXPIRY_TIME < 1757301900006

[INFO ] 25-09-08 12:26:00 [sqlonly:228] - DELETE FROM SPRING_SESSION
WHERE EXPIRY_TIME < 1757301960003

[INFO ] 25-09-08 12:27:00 [sqlonly:228] - DELETE FROM SPRING_SESSION
WHERE EXPIRY_TIME < 1757302020003

[INFO ] 25-09-08 12:28:00 [sqlonly:228] - DELETE FROM SPRING_SESSION
WHERE EXPIRY_TIME < 1757302080023

[INFO ] 25-09-08 12:29:00 [sqlonly:228] - DELETE FROM SPRING_SESSION
WHERE EXPIRY_TIME < 1757302140006

[INFO ] 25-09-08 12:30:00 [sqlonly:228] - DELETE FROM SPRING_SESSION
WHERE EXPIRY_TIME < 1757302200005

[INFO ] 25-09-08 12:31:00 [sqlonly:228] - DELETE FROM SPRING_SESSION
WHERE EXPIRY_TIME < 1757302260008

[INFO ] 25-09-08 12:32:00 [sqlonly:228] - DELETE FROM SPRING_SESSION
WHERE EXPIRY_TIME < 1757302320007

[INFO ] 25-09-08 12:33:00 [sqlonly:228] - DELETE FROM SPRING_SESSION
WHERE EXPIRY_TIME < 1757302380007

[INFO ] 25-09-08 12:34:00 [sqlonly:228] - DELETE FROM SPRING_SESSION
WHERE EXPIRY_TIME < 1757302440004

[INFO ] 25-09-08 12:35:00 [sqlonly:228] - DELETE FROM SPRING_SESSION
WHERE EXPIRY_TIME < 1757302500004

[INFO ] 25-09-08 12:36:00 [sqlonly:228] - DELETE FROM SPRING_SESSION
WHERE EXPIRY_TIME < 1757302560007

[INFO ] 25-09-08 12:37:00 [sqlonly:228] - DELETE FROM SPRING_SESSION
WHERE EXPIRY_TIME < 1757302620003

[INFO ] 25-09-08 12:38:00 [sqlonly:228] - DELETE FROM SPRING_SESSION
WHERE EXPIRY_TIME < 1757302680005

[INFO ] 25-09-08 12:39:00 [sqlonly:228] - DELETE FROM SPRING_SESSION
WHERE EXPIRY_TIME < 1757302740002

[INFO ] 25-09-08 12:40:00 [sqlonly:228] - DELETE FROM SPRING_SESSION
WHERE EXPIRY_TIME < 1757302800009

[INFO ] 25-09-08 12:41:00 [sqlonly:228] - DELETE FROM SPRING_SESSION
WHERE EXPIRY_TIME < 1757302860006

[INFO ] 25-09-08 12:42:00 [sqlonly:228] - DELETE FROM SPRING_SESSION
WHERE EXPIRY_TIME < 1757302920010

[INFO ] 25-09-08 12:43:00 [sqlonly:228] - DELETE FROM SPRING_SESSION
WHERE EXPIRY_TIME < 1757302980006

[INFO ] 25-09-08 12:44:00 [sqlonly:228] - DELETE FROM SPRING_SESSION
WHERE EXPIRY_TIME < 1757303040003

[INFO ] 25-09-08 12:45:00 [sqlonly:228] - DELETE FROM SPRING_SESSION
WHERE EXPIRY_TIME < 1757303100006

[INFO ] 25-09-08 12:46:00 [sqlonly:228] - DELETE FROM SPRING_SESSION
WHERE EXPIRY_TIME < 1757303160007

[INFO ] 25-09-08 12:47:00 [sqlonly:228] - DELETE FROM SPRING_SESSION
WHERE EXPIRY_TIME < 1757303220006

[INFO ] 25-09-08 12:48:00 [sqlonly:228] - DELETE FROM SPRING_SESSION
WHERE EXPIRY_TIME < 1757303280002

[INFO ] 25-09-08 12:49:00 [sqlonly:228] - DELETE FROM SPRING_SESSION
WHERE EXPIRY_TIME < 1757303340008

[INFO ] 25-09-08 12:50:00 [sqlonly:228] - DELETE FROM SPRING_SESSION
WHERE EXPIRY_TIME < 1757303400009

[INFO ] 25-09-08 12:51:00 [sqlonly:228] - DELETE FROM SPRING_SESSION
WHERE EXPIRY_TIME < 1757303460002

[INFO ] 25-09-08 12:52:00 [sqlonly:228] - DELETE FROM SPRING_SESSION
WHERE EXPIRY_TIME < 1757303520010

[INFO ] 25-09-08 12:53:00 [sqlonly:228] - DELETE FROM SPRING_SESSION
WHERE EXPIRY_TIME < 1757303580002

[INFO ] 25-09-08 12:54:00 [sqlonly:228] - DELETE FROM SPRING_SESSION
WHERE EXPIRY_TIME < 1757303640002

[INFO ] 25-09-08 12:55:00 [sqlonly:228] - DELETE FROM SPRING_SESSION
WHERE EXPIRY_TIME < 1757303700005

[INFO ] 25-09-08 12:56:00 [sqlonly:228] - DELETE FROM SPRING_SESSION
WHERE EXPIRY_TIME < 1757303760008

[INFO ] 25-09-08 12:57:00 [sqlonly:228] - DELETE FROM SPRING_SESSION
WHERE EXPIRY_TIME < 1757303820006

[INFO ] 25-09-08 12:58:00 [sqlonly:228] - DELETE FROM SPRING_SESSION
WHERE EXPIRY_TIME < 1757303880008

[INFO ] 25-09-08 12:59:00 [sqlonly:228] - DELETE FROM SPRING_SESSION
WHERE EXPIRY_TIME < 1757303940002

[INFO ] 25-09-08 13:00:00 [sqlonly:228] - DELETE FROM SPRING_SESSION
WHERE EXPIRY_TIME < 1757304000010

[INFO ] 25-09-08 13:01:00 [sqlonly:228] - DELETE FROM SPRING_SESSION
WHERE EXPIRY_TIME < 1757304060017

[INFO ] 25-09-08 13:02:00 [sqlonly:228] - DELETE FROM SPRING_SESSION
WHERE EXPIRY_TIME < 1757304120007

[WARN ] 25-09-08 13:33:57 [HikariPool:825] - HikariPool-1 - Thread starvation or clock leap detected (housekeeper delta=32m268ms).
[INFO ] 25-09-08 13:34:30 [sqlonly:228] - DELETE FROM SPRING_SESSION
WHERE EXPIRY_TIME < 1757306070362

[WARN ] 25-09-08 14:36:36 [HikariPool:825] - HikariPool-1 - Thread starvation or clock leap detected (housekeeper delta=1h2m8s107ms).
[INFO ] 25-09-08 14:36:38 [sqlonly:228] - DELETE FROM SPRING_SESSION
WHERE EXPIRY_TIME < 1757309798110

[INFO ] 25-09-08 14:37:00 [sqlonly:228] - DELETE FROM SPRING_SESSION
WHERE EXPIRY_TIME < 1757309820011

[WARN ] 25-09-08 15:03:16 [HikariPool:825] - HikariPool-1 - Thread starvation or clock leap detected (housekeeper delta=26m40s104ms).
[INFO ] 25-09-08 16:04:23 [sqlonly:228] - DELETE FROM SPRING_SESSION
WHERE EXPIRY_TIME < 1757315063081

[WARN ] 25-09-08 16:04:29 [HikariPool:825] - HikariPool-1 - Thread starvation or clock leap detected (housekeeper delta=1h42s986ms).
[INFO ] 25-09-08 16:05:00 [sqlonly:228] - DELETE FROM SPRING_SESSION
WHERE EXPIRY_TIME < 1757315100017

[WARN ] 25-09-08 16:25:35 [HikariPool:825] - HikariPool-1 - Thread starvation or clock leap detected (housekeeper delta=20m35s940ms).
[WARN ] 25-09-08 17:05:25 [HikariPool:825] - HikariPool-1 - Thread starvation or clock leap detected (housekeeper delta=39m50s107ms).
[INFO ] 25-09-08 17:05:26 [sqlonly:228] - DELETE FROM SPRING_SESSION
WHERE EXPIRY_TIME < 1757318726036

[INFO ] 25-09-08 17:06:00 [sqlonly:228] - DELETE FROM SPRING_SESSION
WHERE EXPIRY_TIME < 1757318760026

[WARN ] 25-09-08 17:22:30 [HikariPool:825] - HikariPool-1 - Thread starvation or clock leap detected (housekeeper delta=15m59s335ms).
[INFO ] 25-09-08 17:22:35 [sqlonly:228] - DELETE FROM SPRING_SESSION
WHERE EXPIRY_TIME < 1757319755580

[INFO ] 25-09-08 17:23:00 [sqlonly:228] - DELETE FROM SPRING_SESSION
WHERE EXPIRY_TIME < 1757319780006

[WARN ] 25-09-08 18:06:34 [HikariPool:825] - HikariPool-1 - Thread starvation or clock leap detected (housekeeper delta=43m33s597ms).
[INFO ] 25-09-08 18:40:08 [sqlonly:228] - DELETE FROM SPRING_SESSION
WHERE EXPIRY_TIME < 1757324408305

[WARN ] 25-09-08 18:40:09 [HikariPool:825] - HikariPool-1 - Thread starvation or clock leap detected (housekeeper delta=33m34s717ms).
[INFO ] 25-09-08 18:55:59 [sqlonly:228] - DELETE FROM SPRING_SESSION
WHERE EXPIRY_TIME < 1757325359821

[INFO ] 25-09-08 18:56:00 [sqlonly:228] - DELETE FROM SPRING_SESSION
WHERE EXPIRY_TIME < 1757325360011

[WARN ] 25-09-08 18:56:08 [HikariPool:825] - HikariPool-1 - Thread starvation or clock leap detected (housekeeper delta=15m29s843ms).
[INFO ] 25-09-08 19:07:32 [sqlonly:228] - DELETE FROM SPRING_SESSION
WHERE EXPIRY_TIME < 1757326052824

[WARN ] 25-09-08 19:07:41 [HikariPool:825] - HikariPool-1 - Thread starvation or clock leap detected (housekeeper delta=11m2s821ms).
[INFO ] 25-09-08 19:08:00 [sqlonly:228] - DELETE FROM SPRING_SESSION
WHERE EXPIRY_TIME < 1757326080014

[WARN ] 25-09-08 20:00:01 [HikariPool:825] - HikariPool-1 - Thread starvation or clock leap detected (housekeeper delta=52m19s687ms).
[INFO ] 25-09-08 20:08:26 [sqlonly:228] - DELETE FROM SPRING_SESSION
WHERE EXPIRY_TIME < 1757329706069

[WARN ] 25-09-08 20:08:37 [HikariPool:825] - HikariPool-1 - Thread starvation or clock leap detected (housekeeper delta=8m6s404ms).
[INFO ] 25-09-08 20:09:00 [sqlonly:228] - DELETE FROM SPRING_SESSION
WHERE EXPIRY_TIME < 1757329740011

[WARN ] 25-09-08 20:16:20 [HikariPool:825] - HikariPool-1 - Thread starvation or clock leap detected (housekeeper delta=7m42s866ms).
[INFO ] 25-09-08 20:32:29 [sqlonly:228] - DELETE FROM SPRING_SESSION
WHERE EXPIRY_TIME < 1757331149253

[WARN ] 25-09-08 20:32:37 [HikariPool:825] - HikariPool-1 - Thread starvation or clock leap detected (housekeeper delta=15m46s408ms).
[INFO ] 25-09-08 20:33:00 [sqlonly:228] - DELETE FROM SPRING_SESSION
WHERE EXPIRY_TIME < 1757331180043

[WARN ] 25-09-08 20:35:16 [HikariPool:825] - HikariPool-1 - Thread starvation or clock leap detected (housekeeper delta=2m39s493ms).
[INFO ] 25-09-08 20:36:09 [sqlonly:228] - DELETE FROM SPRING_SESSION
WHERE EXPIRY_TIME < 1757331369486

[INFO ] 25-09-08 20:37:00 [sqlonly:228] - DELETE FROM SPRING_SESSION
WHERE EXPIRY_TIME < 1757331420007

[INFO ] 25-09-08 20:38:00 [sqlonly:228] - DELETE FROM SPRING_SESSION
WHERE EXPIRY_TIME < 1757331480006

[INFO ] 25-09-08 20:39:00 [sqlonly:228] - DELETE FROM SPRING_SESSION
WHERE EXPIRY_TIME < 1757331540008

[INFO ] 25-09-08 20:40:00 [sqlonly:228] - DELETE FROM SPRING_SESSION
WHERE EXPIRY_TIME < 1757331600006

[INFO ] 25-09-08 20:41:00 [sqlonly:228] - DELETE FROM SPRING_SESSION
WHERE EXPIRY_TIME < 1757331660006

[INFO ] 25-09-08 20:42:00 [sqlonly:228] - DELETE FROM SPRING_SESSION
WHERE EXPIRY_TIME < 1757331720005

[INFO ] 25-09-08 20:43:00 [sqlonly:228] - DELETE FROM SPRING_SESSION
WHERE EXPIRY_TIME < 1757331780008

[INFO ] 25-09-08 20:44:00 [sqlonly:228] - DELETE FROM SPRING_SESSION
WHERE EXPIRY_TIME < 1757331840004

[INFO ] 25-09-08 20:45:00 [sqlonly:228] - DELETE FROM SPRING_SESSION
WHERE EXPIRY_TIME < 1757331900007

[INFO ] 25-09-08 20:46:00 [sqlonly:228] - DELETE FROM SPRING_SESSION
WHERE EXPIRY_TIME < 1757331960009

[INFO ] 25-09-08 20:47:00 [sqlonly:228] - DELETE FROM SPRING_SESSION
WHERE EXPIRY_TIME < 1757332020006

[INFO ] 25-09-08 20:48:00 [sqlonly:228] - DELETE FROM SPRING_SESSION
WHERE EXPIRY_TIME < 1757332080005

[INFO ] 25-09-08 20:49:00 [sqlonly:228] - DELETE FROM SPRING_SESSION
WHERE EXPIRY_TIME < 1757332140007

[INFO ] 25-09-08 20:50:00 [sqlonly:228] - DELETE FROM SPRING_SESSION
WHERE EXPIRY_TIME < 1757332200004

[INFO ] 25-09-08 20:51:00 [sqlonly:228] - DELETE FROM SPRING_SESSION
WHERE EXPIRY_TIME < 1757332260011

[INFO ] 25-09-08 20:52:00 [sqlonly:228] - DELETE FROM SPRING_SESSION
WHERE EXPIRY_TIME < 1757332320006

[INFO ] 25-09-08 20:53:00 [sqlonly:228] - DELETE FROM SPRING_SESSION
WHERE EXPIRY_TIME < 1757332380005

[INFO ] 25-09-08 20:54:00 [sqlonly:228] - DELETE FROM SPRING_SESSION
WHERE EXPIRY_TIME < 1757332440008

[INFO ] 25-09-08 20:55:00 [sqlonly:228] - DELETE FROM SPRING_SESSION
WHERE EXPIRY_TIME < 1757332500007

[INFO ] 25-09-08 20:56:00 [sqlonly:228] - DELETE FROM SPRING_SESSION
WHERE EXPIRY_TIME < 1757332560003

[INFO ] 25-09-08 20:57:00 [sqlonly:228] - DELETE FROM SPRING_SESSION
WHERE EXPIRY_TIME < 1757332620008

[INFO ] 25-09-08 20:58:00 [sqlonly:228] - DELETE FROM SPRING_SESSION
WHERE EXPIRY_TIME < 1757332680008

[INFO ] 25-09-08 20:59:00 [sqlonly:228] - DELETE FROM SPRING_SESSION
WHERE EXPIRY_TIME < 1757332740008

[INFO ] 25-09-08 21:00:00 [sqlonly:228] - DELETE FROM SPRING_SESSION
WHERE EXPIRY_TIME < 1757332800010

[INFO ] 25-09-08 21:01:00 [sqlonly:228] - DELETE FROM SPRING_SESSION
WHERE EXPIRY_TIME < 1757332860010

[INFO ] 25-09-08 21:02:00 [sqlonly:228] - DELETE FROM SPRING_SESSION
WHERE EXPIRY_TIME < 1757332920003

[INFO ] 25-09-08 21:03:00 [sqlonly:228] - DELETE FROM SPRING_SESSION
WHERE EXPIRY_TIME < 1757332980007

[INFO ] 25-09-08 21:04:00 [sqlonly:228] - DELETE FROM SPRING_SESSION
WHERE EXPIRY_TIME < 1757333040007

[INFO ] 25-09-08 21:05:00 [sqlonly:228] - DELETE FROM SPRING_SESSION
WHERE EXPIRY_TIME < 1757333100008

[INFO ] 25-09-08 21:06:00 [sqlonly:228] - DELETE FROM SPRING_SESSION
WHERE EXPIRY_TIME < 1757333160008

[INFO ] 25-09-08 21:07:00 [sqlonly:228] - DELETE FROM SPRING_SESSION
WHERE EXPIRY_TIME < 1757333220005

[INFO ] 25-09-08 21:08:00 [sqlonly:228] - DELETE FROM SPRING_SESSION
WHERE EXPIRY_TIME < 1757333280006

[INFO ] 25-09-08 21:08:59 [sqlonly:228] - DELETE FROM SPRING_SESSION
WHERE EXPIRY_TIME < 1757333339938

[INFO ] 25-09-08 21:10:00 [sqlonly:228] - DELETE FROM SPRING_SESSION
WHERE EXPIRY_TIME < 1757333400009

[INFO ] 25-09-08 21:11:00 [sqlonly:228] - DELETE FROM SPRING_SESSION
WHERE EXPIRY_TIME < 1757333460006

[INFO ] 25-09-08 21:12:00 [sqlonly:228] - DELETE FROM SPRING_SESSION
WHERE EXPIRY_TIME < 1757333520004

[INFO ] 25-09-08 21:13:00 [sqlonly:228] - DELETE FROM SPRING_SESSION
WHERE EXPIRY_TIME < 1757333580003

[INFO ] 25-09-08 21:14:00 [sqlonly:228] - DELETE FROM SPRING_SESSION
WHERE EXPIRY_TIME < 1757333640006

[INFO ] 25-09-08 21:15:00 [sqlonly:228] - DELETE FROM SPRING_SESSION
WHERE EXPIRY_TIME < 1757333700003

[INFO ] 25-09-08 21:16:00 [sqlonly:228] - DELETE FROM SPRING_SESSION
WHERE EXPIRY_TIME < 1757333760008

[INFO ] 25-09-08 21:17:00 [sqlonly:228] - DELETE FROM SPRING_SESSION
WHERE EXPIRY_TIME < 1757333820007

[INFO ] 25-09-08 21:18:00 [sqlonly:228] - DELETE FROM SPRING_SESSION
WHERE EXPIRY_TIME < 1757333880001

[INFO ] 25-09-08 21:19:00 [sqlonly:228] - DELETE FROM SPRING_SESSION
WHERE EXPIRY_TIME < 1757333940004

[INFO ] 25-09-08 21:20:00 [sqlonly:228] - DELETE FROM SPRING_SESSION
WHERE EXPIRY_TIME < 1757334000006

[INFO ] 25-09-08 21:21:00 [sqlonly:228] - DELETE FROM SPRING_SESSION
WHERE EXPIRY_TIME < 1757334060008

[INFO ] 25-09-08 21:22:00 [sqlonly:228] - DELETE FROM SPRING_SESSION
WHERE EXPIRY_TIME < 1757334120006

[INFO ] 25-09-08 21:23:00 [sqlonly:228] - DELETE FROM SPRING_SESSION
WHERE EXPIRY_TIME < 1757334180005

[INFO ] 25-09-08 21:24:00 [sqlonly:228] - DELETE FROM SPRING_SESSION
WHERE EXPIRY_TIME < 1757334240008

[INFO ] 25-09-08 21:25:00 [sqlonly:228] - DELETE FROM SPRING_SESSION
WHERE EXPIRY_TIME < 1757334300006

[INFO ] 25-09-08 21:26:00 [sqlonly:228] - DELETE FROM SPRING_SESSION
WHERE EXPIRY_TIME < 1757334360004

[INFO ] 25-09-08 21:27:00 [sqlonly:228] - DELETE FROM SPRING_SESSION
WHERE EXPIRY_TIME < 1757334420006

[INFO ] 25-09-08 21:28:00 [sqlonly:228] - DELETE FROM SPRING_SESSION
WHERE EXPIRY_TIME < 1757334480003

[INFO ] 25-09-08 21:29:00 [sqlonly:228] - DELETE FROM SPRING_SESSION
WHERE EXPIRY_TIME < 1757334540006

[INFO ] 25-09-08 21:30:00 [sqlonly:228] - DELETE FROM SPRING_SESSION
WHERE EXPIRY_TIME < 1757334600002

[INFO ] 25-09-08 21:31:00 [sqlonly:228] - DELETE FROM SPRING_SESSION
WHERE EXPIRY_TIME < 1757334660012

[INFO ] 25-09-08 21:32:00 [sqlonly:228] - DELETE FROM SPRING_SESSION
WHERE EXPIRY_TIME < 1757334719999

[INFO ] 25-09-08 21:33:00 [sqlonly:228] - DELETE FROM SPRING_SESSION
WHERE EXPIRY_TIME < 1757334780006

[INFO ] 25-09-08 21:34:00 [sqlonly:228] - DELETE FROM SPRING_SESSION
WHERE EXPIRY_TIME < 1757334840006

[INFO ] 25-09-08 21:35:00 [sqlonly:228] - DELETE FROM SPRING_SESSION
WHERE EXPIRY_TIME < 1757334900002

[INFO ] 25-09-08 21:36:00 [sqlonly:228] - DELETE FROM SPRING_SESSION
WHERE EXPIRY_TIME < 1757334960002

[INFO ] 25-09-08 21:37:00 [sqlonly:228] - DELETE FROM SPRING_SESSION
WHERE EXPIRY_TIME < 1757335020003

[INFO ] 25-09-08 21:38:00 [sqlonly:228] - DELETE FROM SPRING_SESSION
WHERE EXPIRY_TIME < 1757335080005

[INFO ] 25-09-08 21:39:00 [sqlonly:228] - DELETE FROM SPRING_SESSION
WHERE EXPIRY_TIME < 1757335140006

[INFO ] 25-09-08 21:40:00 [sqlonly:228] - DELETE FROM SPRING_SESSION
WHERE EXPIRY_TIME < 1757335200005

[INFO ] 25-09-08 21:41:00 [sqlonly:228] - DELETE FROM SPRING_SESSION
WHERE EXPIRY_TIME < 1757335260003

[INFO ] 25-09-08 21:42:00 [sqlonly:228] - DELETE FROM SPRING_SESSION
WHERE EXPIRY_TIME < 1757335320009

[INFO ] 25-09-08 21:43:00 [sqlonly:228] - DELETE FROM SPRING_SESSION
WHERE EXPIRY_TIME < 1757335380025

[INFO ] 25-09-08 21:44:00 [sqlonly:228] - DELETE FROM SPRING_SESSION
WHERE EXPIRY_TIME < 1757335440007

[INFO ] 25-09-08 21:45:00 [sqlonly:228] - DELETE FROM SPRING_SESSION
WHERE EXPIRY_TIME < 1757335500010

[INFO ] 25-09-08 21:46:00 [sqlonly:228] - DELETE FROM SPRING_SESSION
WHERE EXPIRY_TIME < 1757335560005

[INFO ] 25-09-08 21:47:00 [sqlonly:228] - DELETE FROM SPRING_SESSION
WHERE EXPIRY_TIME < 1757335620006

[INFO ] 25-09-08 21:48:00 [sqlonly:228] - DELETE FROM SPRING_SESSION
WHERE EXPIRY_TIME < 1757335680006

[INFO ] 25-09-08 21:49:00 [sqlonly:228] - DELETE FROM SPRING_SESSION
WHERE EXPIRY_TIME < 1757335740008

[INFO ] 25-09-08 21:50:00 [sqlonly:228] - DELETE FROM SPRING_SESSION
WHERE EXPIRY_TIME < 1757335800009

[INFO ] 25-09-08 21:51:00 [sqlonly:228] - DELETE FROM SPRING_SESSION
WHERE EXPIRY_TIME < 1757335860002

[INFO ] 25-09-08 21:52:00 [sqlonly:228] - DELETE FROM SPRING_SESSION
WHERE EXPIRY_TIME < 1757335920003

[INFO ] 25-09-08 21:53:00 [sqlonly:228] - DELETE FROM SPRING_SESSION
WHERE EXPIRY_TIME < 1757335980008

[INFO ] 25-09-08 21:54:00 [sqlonly:228] - DELETE FROM SPRING_SESSION
WHERE EXPIRY_TIME < 1757336040003

[INFO ] 25-09-08 21:55:00 [sqlonly:228] - DELETE FROM SPRING_SESSION
WHERE EXPIRY_TIME < 1757336100002

[INFO ] 25-09-08 21:56:00 [sqlonly:228] - DELETE FROM SPRING_SESSION
WHERE EXPIRY_TIME < 1757336160004

[INFO ] 25-09-08 21:57:00 [sqlonly:228] - DELETE FROM SPRING_SESSION
WHERE EXPIRY_TIME < 1757336220001

[INFO ] 25-09-08 21:58:00 [sqlonly:228] - DELETE FROM SPRING_SESSION
WHERE EXPIRY_TIME < 1757336280006

[INFO ] 25-09-08 21:59:00 [sqlonly:228] - DELETE FROM SPRING_SESSION
WHERE EXPIRY_TIME < 1757336340007

[INFO ] 25-09-08 22:00:00 [sqlonly:228] - DELETE FROM SPRING_SESSION
WHERE EXPIRY_TIME < 1757336400002

[INFO ] 25-09-08 22:01:00 [sqlonly:228] - DELETE FROM SPRING_SESSION
WHERE EXPIRY_TIME < 1757336460007

[INFO ] 25-09-08 22:02:00 [sqlonly:228] - DELETE FROM SPRING_SESSION
WHERE EXPIRY_TIME < 1757336520002

[INFO ] 25-09-08 22:03:00 [sqlonly:228] - DELETE FROM SPRING_SESSION
WHERE EXPIRY_TIME < 1757336580007

[INFO ] 25-09-08 22:04:00 [sqlonly:228] - DELETE FROM SPRING_SESSION
WHERE EXPIRY_TIME < 1757336640000

[INFO ] 25-09-08 22:05:00 [sqlonly:228] - DELETE FROM SPRING_SESSION
WHERE EXPIRY_TIME < 1757336700001

[INFO ] 25-09-08 22:06:00 [sqlonly:228] - DELETE FROM SPRING_SESSION
WHERE EXPIRY_TIME < 1757336760001

[INFO ] 25-09-08 22:07:00 [sqlonly:228] - DELETE FROM SPRING_SESSION
WHERE EXPIRY_TIME < 1757336820005

[INFO ] 25-09-08 22:08:00 [sqlonly:228] - DELETE FROM SPRING_SESSION
WHERE EXPIRY_TIME < 1757336880007

[INFO ] 25-09-08 22:09:00 [sqlonly:228] - DELETE FROM SPRING_SESSION
WHERE EXPIRY_TIME < 1757336940005

[INFO ] 25-09-08 22:10:00 [sqlonly:228] - DELETE FROM SPRING_SESSION
WHERE EXPIRY_TIME < 1757337000005

[INFO ] 25-09-08 22:11:00 [sqlonly:228] - DELETE FROM SPRING_SESSION
WHERE EXPIRY_TIME < 1757337060002

[INFO ] 25-09-08 22:12:00 [sqlonly:228] - DELETE FROM SPRING_SESSION
WHERE EXPIRY_TIME < 1757337120005

[INFO ] 25-09-08 22:13:00 [sqlonly:228] - DELETE FROM SPRING_SESSION
WHERE EXPIRY_TIME < 1757337180004

[INFO ] 25-09-08 22:14:00 [sqlonly:228] - DELETE FROM SPRING_SESSION
WHERE EXPIRY_TIME < 1757337240005

[INFO ] 25-09-08 22:15:00 [sqlonly:228] - DELETE FROM SPRING_SESSION
WHERE EXPIRY_TIME < 1757337300006

[INFO ] 25-09-08 22:16:00 [sqlonly:228] - DELETE FROM SPRING_SESSION
WHERE EXPIRY_TIME < 1757337360005

[INFO ] 25-09-08 22:17:00 [sqlonly:228] - DELETE FROM SPRING_SESSION
WHERE EXPIRY_TIME < 1757337420003

[INFO ] 25-09-08 22:18:00 [sqlonly:228] - DELETE FROM SPRING_SESSION
WHERE EXPIRY_TIME < 1757337480006

[INFO ] 25-09-08 22:19:00 [sqlonly:228] - DELETE FROM SPRING_SESSION
WHERE EXPIRY_TIME < 1757337540002

[INFO ] 25-09-08 22:20:00 [sqlonly:228] - DELETE FROM SPRING_SESSION
WHERE EXPIRY_TIME < 1757337600005

[INFO ] 25-09-08 22:21:00 [sqlonly:228] - DELETE FROM SPRING_SESSION
WHERE EXPIRY_TIME < 1757337660008

[INFO ] 25-09-08 22:22:00 [sqlonly:228] - DELETE FROM SPRING_SESSION
WHERE EXPIRY_TIME < 1757337720005

[INFO ] 25-09-08 22:23:00 [sqlonly:228] - DELETE FROM SPRING_SESSION
WHERE EXPIRY_TIME < 1757337780006

[INFO ] 25-09-08 22:24:00 [sqlonly:228] - DELETE FROM SPRING_SESSION
WHERE EXPIRY_TIME < 1757337840001

[INFO ] 25-09-08 22:25:00 [sqlonly:228] - DELETE FROM SPRING_SESSION
WHERE EXPIRY_TIME < 1757337900006

[INFO ] 25-09-08 22:26:00 [sqlonly:228] - DELETE FROM SPRING_SESSION
WHERE EXPIRY_TIME < 1757337960005

[INFO ] 25-09-08 22:27:00 [sqlonly:228] - DELETE FROM SPRING_SESSION
WHERE EXPIRY_TIME < 1757338020005

[INFO ] 25-09-08 22:28:00 [sqlonly:228] - DELETE FROM SPRING_SESSION
WHERE EXPIRY_TIME < 1757338080006

[INFO ] 25-09-08 22:29:00 [sqlonly:228] - DELETE FROM SPRING_SESSION
WHERE EXPIRY_TIME < 1757338140006

[INFO ] 25-09-08 22:30:00 [sqlonly:228] - DELETE FROM SPRING_SESSION
WHERE EXPIRY_TIME < 1757338200027

[INFO ] 25-09-08 22:31:00 [sqlonly:228] - DELETE FROM SPRING_SESSION
WHERE EXPIRY_TIME < 1757338260005

[INFO ] 25-09-08 22:32:00 [sqlonly:228] - DELETE FROM SPRING_SESSION
WHERE EXPIRY_TIME < 1757338320008

[INFO ] 25-09-08 22:33:00 [sqlonly:228] - DELETE FROM SPRING_SESSION
WHERE EXPIRY_TIME < 1757338380006

[INFO ] 25-09-08 22:34:00 [sqlonly:228] - DELETE FROM SPRING_SESSION
WHERE EXPIRY_TIME < 1757338440006

[INFO ] 25-09-08 22:35:00 [sqlonly:228] - DELETE FROM SPRING_SESSION
WHERE EXPIRY_TIME < 1757338500006

[INFO ] 25-09-08 22:36:00 [sqlonly:228] - DELETE FROM SPRING_SESSION
WHERE EXPIRY_TIME < 1757338560010

[INFO ] 25-09-08 22:37:00 [sqlonly:228] - DELETE FROM SPRING_SESSION
WHERE EXPIRY_TIME < 1757338620005

[INFO ] 25-09-08 22:38:00 [sqlonly:228] - DELETE FROM SPRING_SESSION
WHERE EXPIRY_TIME < 1757338680006

[WARN ] 25-09-08 22:44:09 [HikariPool:825] - HikariPool-1 - Thread starvation or clock leap detected (housekeeper delta=5m51s630ms).
[INFO ] 25-09-08 22:44:21 [sqlonly:228] - DELETE FROM SPRING_SESSION
WHERE EXPIRY_TIME < 1757339061629

[INFO ] 25-09-08 23:00:01 [sqlonly:228] - DELETE FROM SPRING_SESSION
WHERE EXPIRY_TIME < 1757340001722

[WARN ] 25-09-08 23:00:10 [HikariPool:825] - HikariPool-1 - Thread starvation or clock leap detected (housekeeper delta=15m31s728ms).
[WARN ] 25-09-08 23:06:07 [HikariPool:825] - HikariPool-1 - Thread starvation or clock leap detected (housekeeper delta=5m57s7ms).
[INFO ] 25-09-08 23:06:27 [sqlonly:228] - DELETE FROM SPRING_SESSION
WHERE EXPIRY_TIME < 1757340387012

[INFO ] 25-09-08 23:45:20 [sqlonly:228] - DELETE FROM SPRING_SESSION
WHERE EXPIRY_TIME < 1757342720464

[WARN ] 25-09-08 23:45:28 [HikariPool:825] - HikariPool-1 - Thread starvation or clock leap detected (housekeeper delta=38m50s468ms).
