[INFO ] 25-09-07 10:19:15 [BenjerryscloneApplication:53] - Starting BenjerryscloneApplication using Java 17.0.14 with PID 99070 (/Users/sieun/benjerrysclone/build/classes/java/main started by sieun in /Users/sieun/benjerrysclone)
[DEBUG] 25-09-07 10:19:15 [BenjerryscloneApplication:54] - Running with Spring Boot v3.5.5, Spring v6.2.10
[INFO ] 25-09-07 10:19:15 [BenjerryscloneApplication:652] - No active profile set, falling back to 1 default profile: "default"
[WARN ] 25-09-07 10:19:17 [ClassPathMapperScanner:44] - No MyBatis mapper was found in '[kr.bhodu.benjerrysclone]' package. Please check your configuration.
[INFO ] 25-09-07 10:19:20 [BenjerryscloneApplication:59] - Started BenjerryscloneApplication in 6.134 seconds (process running for 6.757)
[INFO ] 25-09-07 10:20:00 [sqlonly:228] - DELETE FROM SPRING_SESSION
WHERE EXPIRY_TIME < 1757208000054

[INFO ] 25-09-07 10:21:00 [sqlonly:228] - DELETE FROM SPRING_SESSION
WHERE EXPIRY_TIME < 1757208060008

[INFO ] 25-09-07 10:31:30 [BenjerryscloneApplication:53] - Starting BenjerryscloneApplication using Java 17.0.14 with PID 99899 (/Users/sieun/benjerrysclone/build/classes/java/main started by sieun in /Users/sieun/benjerrysclone)
[DEBUG] 25-09-07 10:31:30 [BenjerryscloneApplication:54] - Running with Spring Boot v3.5.5, Spring v6.2.10
[INFO ] 25-09-07 10:31:30 [BenjerryscloneApplication:652] - No active profile set, falling back to 1 default profile: "default"
[WARN ] 25-09-07 10:31:32 [ClassPathMapperScanner:44] - No MyBatis mapper was found in '[kr.bhodu.benjerrysclone]' package. Please check your configuration.
[INFO ] 25-09-07 10:31:35 [BenjerryscloneApplication:59] - Started BenjerryscloneApplication in 6.077 seconds (process running for 6.705)
[INFO ] 25-09-07 10:32:00 [sqlonly:228] - DELETE FROM SPRING_SESSION
WHERE EXPIRY_TIME < 1757208720042

[INFO ] 25-09-07 10:33:00 [sqlonly:228] - DELETE FROM SPRING_SESSION
WHERE EXPIRY_TIME < 1757208780019

[INFO ] 25-09-07 10:34:00 [sqlonly:228] - DELETE FROM SPRING_SESSION
WHERE EXPIRY_TIME < 1757208840011

[INFO ] 25-09-07 10:35:00 [sqlonly:228] - DELETE FROM SPRING_SESSION
WHERE EXPIRY_TIME < 1757208900007

[INFO ] 25-09-07 10:36:00 [sqlonly:228] - DELETE FROM SPRING_SESSION
WHERE EXPIRY_TIME < 1757208960010

[INFO ] 25-09-07 10:37:00 [sqlonly:228] - DELETE FROM SPRING_SESSION
WHERE EXPIRY_TIME < 1757209020008

[INFO ] 25-09-07 10:38:00 [sqlonly:228] - DELETE FROM SPRING_SESSION
WHERE EXPIRY_TIME < 1757209080014

[INFO ] 25-09-07 10:38:23 [BenjerryscloneApplication:53] - Starting BenjerryscloneApplication using Java 17.0.14 with PID 495 (/Users/sieun/benjerrysclone/build/classes/java/main started by sieun in /Users/sieun/benjerrysclone)
[DEBUG] 25-09-07 10:38:23 [BenjerryscloneApplication:54] - Running with Spring Boot v3.5.5, Spring v6.2.10
[INFO ] 25-09-07 10:38:23 [BenjerryscloneApplication:652] - No active profile set, falling back to 1 default profile: "default"
[WARN ] 25-09-07 10:38:25 [ClassPathMapperScanner:44] - No MyBatis mapper was found in '[kr.bhodu.benjerrysclone]' package. Please check your configuration.
[INFO ] 25-09-07 10:38:29 [BenjerryscloneApplication:59] - Started BenjerryscloneApplication in 6.121 seconds (process running for 6.766)
[INFO ] 25-09-07 10:39:00 [sqlonly:228] - DELETE FROM SPRING_SESSION
WHERE EXPIRY_TIME < 1757209140030

[INFO ] 25-09-07 10:40:00 [sqlonly:228] - DELETE FROM SPRING_SESSION
WHERE EXPIRY_TIME < 1757209200013

[INFO ] 25-09-07 10:41:00 [sqlonly:228] - DELETE FROM SPRING_SESSION
WHERE EXPIRY_TIME < 1757209260009

[INFO ] 25-09-07 10:42:00 [sqlonly:228] - DELETE FROM SPRING_SESSION
WHERE EXPIRY_TIME < 1757209320014

[INFO ] 25-09-07 10:43:00 [sqlonly:228] - DELETE FROM SPRING_SESSION
WHERE EXPIRY_TIME < 1757209380012

[INFO ] 25-09-07 10:44:00 [sqlonly:228] - DELETE FROM SPRING_SESSION
WHERE EXPIRY_TIME < 1757209440009

[INFO ] 25-09-07 10:45:00 [sqlonly:228] - DELETE FROM SPRING_SESSION
WHERE EXPIRY_TIME < 1757209500011

[INFO ] 25-09-07 10:46:00 [sqlonly:228] - DELETE FROM SPRING_SESSION
WHERE EXPIRY_TIME < 1757209560006

[INFO ] 25-09-07 10:47:00 [sqlonly:228] - DELETE FROM SPRING_SESSION
WHERE EXPIRY_TIME < 1757209620012

[INFO ] 25-09-07 10:47:18 [BenjerryscloneApplication:53] - Starting BenjerryscloneApplication using Java 17.0.14 with PID 1187 (/Users/sieun/benjerrysclone/build/classes/java/main started by sieun in /Users/sieun/benjerrysclone)
[DEBUG] 25-09-07 10:47:18 [BenjerryscloneApplication:54] - Running with Spring Boot v3.5.5, Spring v6.2.10
[INFO ] 25-09-07 10:47:18 [BenjerryscloneApplication:652] - No active profile set, falling back to 1 default profile: "default"
[WARN ] 25-09-07 10:47:20 [ClassPathMapperScanner:44] - No MyBatis mapper was found in '[kr.bhodu.benjerrysclone]' package. Please check your configuration.
[INFO ] 25-09-07 10:47:23 [BenjerryscloneApplication:59] - Started BenjerryscloneApplication in 6.239 seconds (process running for 6.857)
[INFO ] 25-09-07 10:48:00 [sqlonly:228] - DELETE FROM SPRING_SESSION
WHERE EXPIRY_TIME < 1757209680039

[INFO ] 25-09-07 10:49:00 [sqlonly:228] - DELETE FROM SPRING_SESSION
WHERE EXPIRY_TIME < 1757209740010

[INFO ] 25-09-07 10:50:00 [sqlonly:228] - DELETE FROM SPRING_SESSION
WHERE EXPIRY_TIME < 1757209800011

[INFO ] 25-09-07 10:51:00 [sqlonly:228] - DELETE FROM SPRING_SESSION
WHERE EXPIRY_TIME < 1757209860009

[INFO ] 25-09-07 10:51:45 [BenjerryscloneApplication:53] - Starting BenjerryscloneApplication using Java 17.0.14 with PID 1503 (/Users/sieun/benjerrysclone/build/classes/java/main started by sieun in /Users/sieun/benjerrysclone)
[DEBUG] 25-09-07 10:51:46 [BenjerryscloneApplication:54] - Running with Spring Boot v3.5.5, Spring v6.2.10
[INFO ] 25-09-07 10:51:46 [BenjerryscloneApplication:652] - No active profile set, falling back to 1 default profile: "default"
[WARN ] 25-09-07 10:51:48 [ClassPathMapperScanner:44] - No MyBatis mapper was found in '[kr.bhodu.benjerrysclone]' package. Please check your configuration.
[INFO ] 25-09-07 10:51:51 [BenjerryscloneApplication:59] - Started BenjerryscloneApplication in 6.057 seconds (process running for 6.715)
[INFO ] 25-09-07 10:52:00 [sqlonly:228] - DELETE FROM SPRING_SESSION
WHERE EXPIRY_TIME < 1757209920036

[INFO ] 25-09-07 10:53:00 [sqlonly:228] - DELETE FROM SPRING_SESSION
WHERE EXPIRY_TIME < 1757209980013

[INFO ] 25-09-07 10:54:00 [sqlonly:228] - DELETE FROM SPRING_SESSION
WHERE EXPIRY_TIME < 1757210040010

[INFO ] 25-09-07 10:55:00 [sqlonly:228] - DELETE FROM SPRING_SESSION
WHERE EXPIRY_TIME < 1757210100013

[INFO ] 25-09-07 10:56:00 [sqlonly:228] - DELETE FROM SPRING_SESSION
WHERE EXPIRY_TIME < 1757210160146

[INFO ] 25-09-07 10:57:00 [sqlonly:228] - DELETE FROM SPRING_SESSION
WHERE EXPIRY_TIME < 1757210220007

[INFO ] 25-09-07 10:58:00 [sqlonly:228] - DELETE FROM SPRING_SESSION
WHERE EXPIRY_TIME < 1757210280019

[INFO ] 25-09-07 10:59:00 [sqlonly:228] - DELETE FROM SPRING_SESSION
WHERE EXPIRY_TIME < 1757210340018

[INFO ] 25-09-07 11:00:00 [sqlonly:228] - DELETE FROM SPRING_SESSION
WHERE EXPIRY_TIME < 1757210400017

[INFO ] 25-09-07 11:01:00 [sqlonly:228] - DELETE FROM SPRING_SESSION
WHERE EXPIRY_TIME < 1757210460011

[INFO ] 25-09-07 11:01:22 [BenjerryscloneApplication:53] - Starting BenjerryscloneApplication using Java 17.0.14 with PID 2156 (/Users/sieun/benjerrysclone/build/classes/java/main started by sieun in /Users/sieun/benjerrysclone)
[DEBUG] 25-09-07 11:01:22 [BenjerryscloneApplication:54] - Running with Spring Boot v3.5.5, Spring v6.2.10
[INFO ] 25-09-07 11:01:22 [BenjerryscloneApplication:652] - No active profile set, falling back to 1 default profile: "default"
[WARN ] 25-09-07 11:01:24 [ClassPathMapperScanner:44] - No MyBatis mapper was found in '[kr.bhodu.benjerrysclone]' package. Please check your configuration.
[INFO ] 25-09-07 11:01:28 [BenjerryscloneApplication:59] - Started BenjerryscloneApplication in 6.152 seconds (process running for 6.754)
[INFO ] 25-09-07 11:02:00 [sqlonly:228] - DELETE FROM SPRING_SESSION
WHERE EXPIRY_TIME < 1757210520036

[INFO ] 25-09-07 11:02:15 [BenjerryscloneApplication:53] - Starting BenjerryscloneApplication using Java 17.0.14 with PID 2240 (/Users/sieun/benjerrysclone/build/classes/java/main started by sieun in /Users/sieun/benjerrysclone)
[DEBUG] 25-09-07 11:02:15 [BenjerryscloneApplication:54] - Running with Spring Boot v3.5.5, Spring v6.2.10
[INFO ] 25-09-07 11:02:15 [BenjerryscloneApplication:652] - No active profile set, falling back to 1 default profile: "default"
[WARN ] 25-09-07 11:02:17 [ClassPathMapperScanner:44] - No MyBatis mapper was found in '[kr.bhodu.benjerrysclone]' package. Please check your configuration.
[INFO ] 25-09-07 11:02:19 [BenjerryscloneApplication:59] - Started BenjerryscloneApplication in 5.782 seconds (process running for 6.4)
[INFO ] 25-09-07 11:03:00 [sqlonly:228] - DELETE FROM SPRING_SESSION
WHERE EXPIRY_TIME < 1757210580029

[INFO ] 25-09-07 11:04:00 [sqlonly:228] - DELETE FROM SPRING_SESSION
WHERE EXPIRY_TIME < 1757210640010

[INFO ] 25-09-07 11:05:00 [sqlonly:228] - DELETE FROM SPRING_SESSION
WHERE EXPIRY_TIME < 1757210700014

[INFO ] 25-09-07 11:06:00 [sqlonly:228] - DELETE FROM SPRING_SESSION
WHERE EXPIRY_TIME < 1757210760007

[INFO ] 25-09-07 11:07:00 [sqlonly:228] - DELETE FROM SPRING_SESSION
WHERE EXPIRY_TIME < 1757210820008

[INFO ] 25-09-07 11:08:00 [sqlonly:228] - DELETE FROM SPRING_SESSION
WHERE EXPIRY_TIME < 1757210880006

[INFO ] 25-09-07 11:09:00 [sqlonly:228] - DELETE FROM SPRING_SESSION
WHERE EXPIRY_TIME < 1757210940010

[INFO ] 25-09-07 11:10:00 [sqlonly:228] - DELETE FROM SPRING_SESSION
WHERE EXPIRY_TIME < 1757211000004

[INFO ] 25-09-07 11:11:00 [sqlonly:228] - DELETE FROM SPRING_SESSION
WHERE EXPIRY_TIME < 1757211060011

[INFO ] 25-09-07 11:12:00 [sqlonly:228] - DELETE FROM SPRING_SESSION
WHERE EXPIRY_TIME < 1757211120022

[INFO ] 25-09-07 11:13:00 [sqlonly:228] - DELETE FROM SPRING_SESSION
WHERE EXPIRY_TIME < 1757211180009

[INFO ] 25-09-07 11:14:00 [sqlonly:228] - DELETE FROM SPRING_SESSION
WHERE EXPIRY_TIME < 1757211240013

[INFO ] 25-09-07 11:15:00 [sqlonly:228] - DELETE FROM SPRING_SESSION
WHERE EXPIRY_TIME < 1757211300019

[INFO ] 25-09-07 11:16:00 [sqlonly:228] - DELETE FROM SPRING_SESSION
WHERE EXPIRY_TIME < 1757211360007

[INFO ] 25-09-07 11:17:00 [sqlonly:228] - DELETE FROM SPRING_SESSION
WHERE EXPIRY_TIME < 1757211420009

[INFO ] 25-09-07 11:18:00 [sqlonly:228] - DELETE FROM SPRING_SESSION
WHERE EXPIRY_TIME < 1757211480005

[INFO ] 25-09-07 11:19:00 [sqlonly:228] - DELETE FROM SPRING_SESSION
WHERE EXPIRY_TIME < 1757211540005

[INFO ] 25-09-07 11:20:00 [sqlonly:228] - DELETE FROM SPRING_SESSION
WHERE EXPIRY_TIME < 1757211600015

[INFO ] 25-09-07 11:21:00 [sqlonly:228] - DELETE FROM SPRING_SESSION
WHERE EXPIRY_TIME < 1757211660009

[INFO ] 25-09-07 11:22:00 [sqlonly:228] - DELETE FROM SPRING_SESSION
WHERE EXPIRY_TIME < 1757211720007

[INFO ] 25-09-07 11:23:00 [sqlonly:228] - DELETE FROM SPRING_SESSION
WHERE EXPIRY_TIME < 1757211780007

[INFO ] 25-09-07 11:24:00 [sqlonly:228] - DELETE FROM SPRING_SESSION
WHERE EXPIRY_TIME < 1757211840012

[INFO ] 25-09-07 11:25:00 [sqlonly:228] - DELETE FROM SPRING_SESSION
WHERE EXPIRY_TIME < 1757211900007

[INFO ] 25-09-07 11:26:00 [sqlonly:228] - DELETE FROM SPRING_SESSION
WHERE EXPIRY_TIME < 1757211960007

[INFO ] 25-09-07 11:27:00 [sqlonly:228] - DELETE FROM SPRING_SESSION
WHERE EXPIRY_TIME < 1757212020009

[INFO ] 25-09-07 11:28:00 [sqlonly:228] - DELETE FROM SPRING_SESSION
WHERE EXPIRY_TIME < 1757212080006

[INFO ] 25-09-07 11:29:00 [sqlonly:228] - DELETE FROM SPRING_SESSION
WHERE EXPIRY_TIME < 1757212140007

[INFO ] 25-09-07 11:30:00 [sqlonly:228] - DELETE FROM SPRING_SESSION
WHERE EXPIRY_TIME < 1757212200009

[INFO ] 25-09-07 11:31:00 [sqlonly:228] - DELETE FROM SPRING_SESSION
WHERE EXPIRY_TIME < 1757212260014

[INFO ] 25-09-07 11:32:00 [sqlonly:228] - DELETE FROM SPRING_SESSION
WHERE EXPIRY_TIME < 1757212320010

[INFO ] 25-09-07 11:33:00 [sqlonly:228] - DELETE FROM SPRING_SESSION
WHERE EXPIRY_TIME < 1757212380008

[INFO ] 25-09-07 11:34:00 [sqlonly:228] - DELETE FROM SPRING_SESSION
WHERE EXPIRY_TIME < 1757212440011

[INFO ] 25-09-07 11:35:00 [sqlonly:228] - DELETE FROM SPRING_SESSION
WHERE EXPIRY_TIME < 1757212500007

[INFO ] 25-09-07 11:36:00 [sqlonly:228] - DELETE FROM SPRING_SESSION
WHERE EXPIRY_TIME < 1757212560008

[INFO ] 25-09-07 11:37:00 [sqlonly:228] - DELETE FROM SPRING_SESSION
WHERE EXPIRY_TIME < 1757212620006

[INFO ] 25-09-07 11:38:00 [sqlonly:228] - DELETE FROM SPRING_SESSION
WHERE EXPIRY_TIME < 1757212680009

[INFO ] 25-09-07 11:39:00 [sqlonly:228] - DELETE FROM SPRING_SESSION
WHERE EXPIRY_TIME < 1757212740008

[INFO ] 25-09-07 11:40:00 [sqlonly:228] - DELETE FROM SPRING_SESSION
WHERE EXPIRY_TIME < 1757212800015

[INFO ] 25-09-07 11:41:00 [sqlonly:228] - DELETE FROM SPRING_SESSION
WHERE EXPIRY_TIME < 1757212860024

[INFO ] 25-09-07 11:42:00 [sqlonly:228] - DELETE FROM SPRING_SESSION
WHERE EXPIRY_TIME < 1757212920011

[INFO ] 25-09-07 11:43:00 [sqlonly:228] - DELETE FROM SPRING_SESSION
WHERE EXPIRY_TIME < 1757212980009

[INFO ] 25-09-07 11:44:00 [sqlonly:228] - DELETE FROM SPRING_SESSION
WHERE EXPIRY_TIME < 1757213040010

[INFO ] 25-09-07 11:45:00 [sqlonly:228] - DELETE FROM SPRING_SESSION
WHERE EXPIRY_TIME < 1757213100016

[INFO ] 25-09-07 11:46:00 [sqlonly:228] - DELETE FROM SPRING_SESSION
WHERE EXPIRY_TIME < 1757213160010

[INFO ] 25-09-07 11:47:00 [sqlonly:228] - DELETE FROM SPRING_SESSION
WHERE EXPIRY_TIME < 1757213220012

[INFO ] 25-09-07 11:48:00 [sqlonly:228] - DELETE FROM SPRING_SESSION
WHERE EXPIRY_TIME < 1757213280011

[INFO ] 25-09-07 11:49:00 [sqlonly:228] - DELETE FROM SPRING_SESSION
WHERE EXPIRY_TIME < 1757213340006

[INFO ] 25-09-07 11:50:00 [sqlonly:228] - DELETE FROM SPRING_SESSION
WHERE EXPIRY_TIME < 1757213400008

[INFO ] 25-09-07 11:51:00 [sqlonly:228] - DELETE FROM SPRING_SESSION
WHERE EXPIRY_TIME < 1757213460016

[INFO ] 25-09-07 11:52:00 [sqlonly:228] - DELETE FROM SPRING_SESSION
WHERE EXPIRY_TIME < 1757213520010

[INFO ] 25-09-07 11:53:00 [sqlonly:228] - DELETE FROM SPRING_SESSION
WHERE EXPIRY_TIME < 1757213580009

[INFO ] 25-09-07 11:54:00 [sqlonly:228] - DELETE FROM SPRING_SESSION
WHERE EXPIRY_TIME < 1757213640007

[INFO ] 25-09-07 11:55:00 [sqlonly:228] - DELETE FROM SPRING_SESSION
WHERE EXPIRY_TIME < 1757213700008

[INFO ] 25-09-07 11:56:00 [sqlonly:228] - DELETE FROM SPRING_SESSION
WHERE EXPIRY_TIME < 1757213760006

[INFO ] 25-09-07 11:57:00 [sqlonly:228] - DELETE FROM SPRING_SESSION
WHERE EXPIRY_TIME < 1757213820004

[INFO ] 25-09-07 11:58:00 [sqlonly:228] - DELETE FROM SPRING_SESSION
WHERE EXPIRY_TIME < 1757213880008

[INFO ] 25-09-07 11:59:00 [sqlonly:228] - DELETE FROM SPRING_SESSION
WHERE EXPIRY_TIME < 1757213940005

[INFO ] 25-09-07 12:00:00 [sqlonly:228] - DELETE FROM SPRING_SESSION
WHERE EXPIRY_TIME < 1757214000009

[INFO ] 25-09-07 12:01:00 [sqlonly:228] - DELETE FROM SPRING_SESSION
WHERE EXPIRY_TIME < 1757214060010

[INFO ] 25-09-07 12:02:00 [sqlonly:228] - DELETE FROM SPRING_SESSION
WHERE EXPIRY_TIME < 1757214120007

[INFO ] 25-09-07 12:03:00 [sqlonly:228] - DELETE FROM SPRING_SESSION
WHERE EXPIRY_TIME < 1757214180010

[INFO ] 25-09-07 12:04:00 [sqlonly:228] - DELETE FROM SPRING_SESSION
WHERE EXPIRY_TIME < 1757214240006

[INFO ] 25-09-07 12:05:00 [sqlonly:228] - DELETE FROM SPRING_SESSION
WHERE EXPIRY_TIME < 1757214300011

[INFO ] 25-09-07 12:06:00 [sqlonly:228] - DELETE FROM SPRING_SESSION
WHERE EXPIRY_TIME < 1757214360004

[INFO ] 25-09-07 12:07:00 [sqlonly:228] - DELETE FROM SPRING_SESSION
WHERE EXPIRY_TIME < 1757214420011

[INFO ] 25-09-07 12:08:00 [sqlonly:228] - DELETE FROM SPRING_SESSION
WHERE EXPIRY_TIME < 1757214480009

[INFO ] 25-09-07 12:09:00 [sqlonly:228] - DELETE FROM SPRING_SESSION
WHERE EXPIRY_TIME < 1757214540014

[INFO ] 25-09-07 12:10:00 [sqlonly:228] - DELETE FROM SPRING_SESSION
WHERE EXPIRY_TIME < 1757214600010

[INFO ] 25-09-07 12:11:00 [sqlonly:228] - DELETE FROM SPRING_SESSION
WHERE EXPIRY_TIME < 1757214660007

[INFO ] 25-09-07 12:12:00 [sqlonly:228] - DELETE FROM SPRING_SESSION
WHERE EXPIRY_TIME < 1757214720008

[INFO ] 25-09-07 12:13:00 [sqlonly:228] - DELETE FROM SPRING_SESSION
WHERE EXPIRY_TIME < 1757214780005

[INFO ] 25-09-07 12:14:00 [sqlonly:228] - DELETE FROM SPRING_SESSION
WHERE EXPIRY_TIME < 1757214840006

[INFO ] 25-09-07 12:15:00 [sqlonly:228] - DELETE FROM SPRING_SESSION
WHERE EXPIRY_TIME < 1757214900008

[INFO ] 25-09-07 12:16:00 [sqlonly:228] - DELETE FROM SPRING_SESSION
WHERE EXPIRY_TIME < 1757214960006

[INFO ] 25-09-07 12:17:00 [sqlonly:228] - DELETE FROM SPRING_SESSION
WHERE EXPIRY_TIME < 1757215020008

[INFO ] 25-09-07 12:18:00 [sqlonly:228] - DELETE FROM SPRING_SESSION
WHERE EXPIRY_TIME < 1757215080013

[INFO ] 25-09-07 12:19:00 [sqlonly:228] - DELETE FROM SPRING_SESSION
WHERE EXPIRY_TIME < 1757215140009

[INFO ] 25-09-07 12:19:59 [sqlonly:228] - DELETE FROM SPRING_SESSION
WHERE EXPIRY_TIME < 1757215199996

[INFO ] 25-09-07 12:21:00 [sqlonly:228] - DELETE FROM SPRING_SESSION
WHERE EXPIRY_TIME < 1757215260004

[INFO ] 25-09-07 12:22:00 [sqlonly:228] - DELETE FROM SPRING_SESSION
WHERE EXPIRY_TIME < 1757215320019

[INFO ] 25-09-07 12:23:00 [sqlonly:228] - DELETE FROM SPRING_SESSION
WHERE EXPIRY_TIME < 1757215380005

[INFO ] 25-09-07 12:24:00 [sqlonly:228] - DELETE FROM SPRING_SESSION
WHERE EXPIRY_TIME < 1757215440004

[INFO ] 25-09-07 12:25:00 [sqlonly:228] - DELETE FROM SPRING_SESSION
WHERE EXPIRY_TIME < 1757215500006

[INFO ] 25-09-07 12:26:00 [sqlonly:228] - DELETE FROM SPRING_SESSION
WHERE EXPIRY_TIME < 1757215560009

[INFO ] 25-09-07 12:27:00 [sqlonly:228] - DELETE FROM SPRING_SESSION
WHERE EXPIRY_TIME < 1757215620006

[INFO ] 25-09-07 12:28:00 [sqlonly:228] - DELETE FROM SPRING_SESSION
WHERE EXPIRY_TIME < 1757215680004

[INFO ] 25-09-07 12:29:00 [sqlonly:228] - DELETE FROM SPRING_SESSION
WHERE EXPIRY_TIME < 1757215740005

[INFO ] 25-09-07 12:30:00 [sqlonly:228] - DELETE FROM SPRING_SESSION
WHERE EXPIRY_TIME < 1757215800016

[INFO ] 25-09-07 12:31:00 [sqlonly:228] - DELETE FROM SPRING_SESSION
WHERE EXPIRY_TIME < 1757215860010

[INFO ] 25-09-07 12:32:00 [sqlonly:228] - DELETE FROM SPRING_SESSION
WHERE EXPIRY_TIME < 1757215920006

[INFO ] 25-09-07 12:33:00 [sqlonly:228] - DELETE FROM SPRING_SESSION
WHERE EXPIRY_TIME < 1757215980009

[INFO ] 25-09-07 12:34:00 [sqlonly:228] - DELETE FROM SPRING_SESSION
WHERE EXPIRY_TIME < 1757216040005

[INFO ] 25-09-07 12:35:00 [sqlonly:228] - DELETE FROM SPRING_SESSION
WHERE EXPIRY_TIME < 1757216100005

[INFO ] 25-09-07 12:36:00 [sqlonly:228] - DELETE FROM SPRING_SESSION
WHERE EXPIRY_TIME < 1757216160008

[INFO ] 25-09-07 12:37:00 [sqlonly:228] - DELETE FROM SPRING_SESSION
WHERE EXPIRY_TIME < 1757216220007

[INFO ] 25-09-07 12:38:00 [sqlonly:228] - DELETE FROM SPRING_SESSION
WHERE EXPIRY_TIME < 1757216280004

[INFO ] 25-09-07 12:39:00 [sqlonly:228] - DELETE FROM SPRING_SESSION
WHERE EXPIRY_TIME < 1757216340019

[INFO ] 25-09-07 12:40:00 [sqlonly:228] - DELETE FROM SPRING_SESSION
WHERE EXPIRY_TIME < 1757216400008

[INFO ] 25-09-07 12:41:00 [sqlonly:228] - DELETE FROM SPRING_SESSION
WHERE EXPIRY_TIME < 1757216460004

[INFO ] 25-09-07 12:42:00 [sqlonly:228] - DELETE FROM SPRING_SESSION
WHERE EXPIRY_TIME < 1757216520006

[INFO ] 25-09-07 12:43:00 [sqlonly:228] - DELETE FROM SPRING_SESSION
WHERE EXPIRY_TIME < 1757216580005

[INFO ] 25-09-07 12:44:00 [sqlonly:228] - DELETE FROM SPRING_SESSION
WHERE EXPIRY_TIME < 1757216640012

[INFO ] 25-09-07 12:45:00 [sqlonly:228] - DELETE FROM SPRING_SESSION
WHERE EXPIRY_TIME < 1757216700007

[INFO ] 25-09-07 12:46:00 [sqlonly:228] - DELETE FROM SPRING_SESSION
WHERE EXPIRY_TIME < 1757216760007

[INFO ] 25-09-07 12:47:00 [sqlonly:228] - DELETE FROM SPRING_SESSION
WHERE EXPIRY_TIME < 1757216820006

[INFO ] 25-09-07 12:48:00 [sqlonly:228] - DELETE FROM SPRING_SESSION
WHERE EXPIRY_TIME < 1757216880020

[INFO ] 25-09-07 12:49:00 [sqlonly:228] - DELETE FROM SPRING_SESSION
WHERE EXPIRY_TIME < 1757216940004

[INFO ] 25-09-07 12:50:00 [sqlonly:228] - DELETE FROM SPRING_SESSION
WHERE EXPIRY_TIME < 1757217000003

[INFO ] 25-09-07 12:51:00 [sqlonly:228] - DELETE FROM SPRING_SESSION
WHERE EXPIRY_TIME < 1757217060007

[INFO ] 25-09-07 12:52:00 [sqlonly:228] - DELETE FROM SPRING_SESSION
WHERE EXPIRY_TIME < 1757217120007

[INFO ] 25-09-07 12:53:00 [sqlonly:228] - DELETE FROM SPRING_SESSION
WHERE EXPIRY_TIME < 1757217180008

[INFO ] 25-09-07 12:54:00 [sqlonly:228] - DELETE FROM SPRING_SESSION
WHERE EXPIRY_TIME < 1757217240007

[INFO ] 25-09-07 12:55:00 [sqlonly:228] - DELETE FROM SPRING_SESSION
WHERE EXPIRY_TIME < 1757217300006

[INFO ] 25-09-07 12:56:00 [sqlonly:228] - DELETE FROM SPRING_SESSION
WHERE EXPIRY_TIME < 1757217360004

[INFO ] 25-09-07 12:57:00 [sqlonly:228] - DELETE FROM SPRING_SESSION
WHERE EXPIRY_TIME < 1757217420006

[INFO ] 25-09-07 12:58:00 [sqlonly:228] - DELETE FROM SPRING_SESSION
WHERE EXPIRY_TIME < 1757217480007

[INFO ] 25-09-07 12:59:00 [sqlonly:228] - DELETE FROM SPRING_SESSION
WHERE EXPIRY_TIME < 1757217540010

[INFO ] 25-09-07 13:00:00 [sqlonly:228] - DELETE FROM SPRING_SESSION
WHERE EXPIRY_TIME < 1757217600006

[INFO ] 25-09-07 13:01:00 [sqlonly:228] - DELETE FROM SPRING_SESSION
WHERE EXPIRY_TIME < 1757217660009

[INFO ] 25-09-07 13:02:00 [sqlonly:228] - DELETE FROM SPRING_SESSION
WHERE EXPIRY_TIME < 1757217720007

[INFO ] 25-09-07 13:03:00 [sqlonly:228] - DELETE FROM SPRING_SESSION
WHERE EXPIRY_TIME < 1757217780006

[INFO ] 25-09-07 13:04:00 [sqlonly:228] - DELETE FROM SPRING_SESSION
WHERE EXPIRY_TIME < 1757217840007

[INFO ] 25-09-07 13:05:00 [sqlonly:228] - DELETE FROM SPRING_SESSION
WHERE EXPIRY_TIME < 1757217900020

[INFO ] 25-09-07 13:06:00 [sqlonly:228] - DELETE FROM SPRING_SESSION
WHERE EXPIRY_TIME < 1757217960009

[INFO ] 25-09-07 13:07:00 [sqlonly:228] - DELETE FROM SPRING_SESSION
WHERE EXPIRY_TIME < 1757218020004

[INFO ] 25-09-07 13:08:00 [sqlonly:228] - DELETE FROM SPRING_SESSION
WHERE EXPIRY_TIME < 1757218080009

[INFO ] 25-09-07 13:09:00 [sqlonly:228] - DELETE FROM SPRING_SESSION
WHERE EXPIRY_TIME < 1757218140007

[INFO ] 25-09-07 13:10:00 [sqlonly:228] - DELETE FROM SPRING_SESSION
WHERE EXPIRY_TIME < 1757218200009

[INFO ] 25-09-07 13:11:00 [sqlonly:228] - DELETE FROM SPRING_SESSION
WHERE EXPIRY_TIME < 1757218260010

[INFO ] 25-09-07 13:12:00 [sqlonly:228] - DELETE FROM SPRING_SESSION
WHERE EXPIRY_TIME < 1757218320003

[INFO ] 25-09-07 13:13:00 [sqlonly:228] - DELETE FROM SPRING_SESSION
WHERE EXPIRY_TIME < 1757218380010

[INFO ] 25-09-07 13:14:00 [sqlonly:228] - DELETE FROM SPRING_SESSION
WHERE EXPIRY_TIME < 1757218440005

[INFO ] 25-09-07 13:15:00 [sqlonly:228] - DELETE FROM SPRING_SESSION
WHERE EXPIRY_TIME < 1757218500004

[INFO ] 25-09-07 13:16:00 [sqlonly:228] - DELETE FROM SPRING_SESSION
WHERE EXPIRY_TIME < 1757218560009

[WARN ] 25-09-07 13:18:25 [HikariPool:825] - HikariPool-1 - Thread starvation or clock leap detected (housekeeper delta=2m5s272ms).
[INFO ] 25-09-07 13:18:35 [sqlonly:228] - DELETE FROM SPRING_SESSION
WHERE EXPIRY_TIME < 1757218715278

[INFO ] 25-09-07 13:19:00 [sqlonly:228] - DELETE FROM SPRING_SESSION
WHERE EXPIRY_TIME < 1757218740008

[WARN ] 25-09-07 13:21:26 [HikariPool:825] - HikariPool-1 - Thread starvation or clock leap detected (housekeeper delta=2m31s47ms).
[WARN ] 25-09-07 13:24:11 [HikariPool:825] - HikariPool-1 - Thread starvation or clock leap detected (housekeeper delta=2m45s243ms).
[INFO ] 25-09-07 13:24:16 [sqlonly:228] - DELETE FROM SPRING_SESSION
WHERE EXPIRY_TIME < 1757219056284

[INFO ] 25-09-07 13:46:24 [sqlonly:228] - DELETE FROM SPRING_SESSION
WHERE EXPIRY_TIME < 1757220384237

[WARN ] 25-09-07 13:46:35 [HikariPool:825] - HikariPool-1 - Thread starvation or clock leap detected (housekeeper delta=21m54s218ms).
[INFO ] 25-09-07 13:46:59 [sqlonly:228] - DELETE FROM SPRING_SESSION
WHERE EXPIRY_TIME < 1757220419974

[WARN ] 25-09-07 13:53:55 [HikariPool:825] - HikariPool-1 - Thread starvation or clock leap detected (housekeeper delta=7m20s255ms).
[INFO ] 25-09-07 13:55:18 [sqlonly:228] - DELETE FROM SPRING_SESSION
WHERE EXPIRY_TIME < 1757220918895

[WARN ] 25-09-07 13:55:24 [HikariPool:825] - HikariPool-1 - Thread starvation or clock leap detected (housekeeper delta=58s641ms).
[INFO ] 25-09-07 14:10:57 [sqlonly:228] - DELETE FROM SPRING_SESSION
WHERE EXPIRY_TIME < 1757221857698

[INFO ] 25-09-07 14:11:00 [sqlonly:228] - DELETE FROM SPRING_SESSION
WHERE EXPIRY_TIME < 1757221860007

[WARN ] 25-09-07 14:11:22 [HikariPool:825] - HikariPool-1 - Thread starvation or clock leap detected (housekeeper delta=15m27s692ms).
[WARN ] 25-09-07 14:23:34 [HikariPool:825] - HikariPool-1 - Thread starvation or clock leap detected (housekeeper delta=12m11s845ms).
[INFO ] 25-09-07 14:23:41 [sqlonly:228] - DELETE FROM SPRING_SESSION
WHERE EXPIRY_TIME < 1757222621838

[INFO ] 25-09-07 14:24:00 [sqlonly:228] - DELETE FROM SPRING_SESSION
WHERE EXPIRY_TIME < 1757222640004

[WARN ] 25-09-07 14:39:32 [HikariPool:825] - HikariPool-1 - Thread starvation or clock leap detected (housekeeper delta=15m28s279ms).
[INFO ] 25-09-07 14:42:47 [sqlonly:228] - DELETE FROM SPRING_SESSION
WHERE EXPIRY_TIME < 1757223767165

[WARN ] 25-09-07 14:42:51 [HikariPool:825] - HikariPool-1 - Thread starvation or clock leap detected (housekeeper delta=3m18s895ms).
[INFO ] 25-09-07 14:43:00 [sqlonly:228] - DELETE FROM SPRING_SESSION
WHERE EXPIRY_TIME < 1757223780009

[WARN ] 25-09-07 14:45:38 [HikariPool:825] - HikariPool-1 - Thread starvation or clock leap detected (housekeeper delta=2m17s172ms).
[INFO ] 25-09-07 14:45:47 [sqlonly:228] - DELETE FROM SPRING_SESSION
WHERE EXPIRY_TIME < 1757223947170

[INFO ] 25-09-07 14:46:00 [sqlonly:228] - DELETE FROM SPRING_SESSION
WHERE EXPIRY_TIME < 1757223960008

[INFO ] 25-09-07 14:47:00 [sqlonly:228] - DELETE FROM SPRING_SESSION
WHERE EXPIRY_TIME < 1757224020012

[INFO ] 25-09-07 14:48:00 [sqlonly:228] - DELETE FROM SPRING_SESSION
WHERE EXPIRY_TIME < 1757224080013

[INFO ] 25-09-07 14:49:00 [sqlonly:228] - DELETE FROM SPRING_SESSION
WHERE EXPIRY_TIME < 1757224140003

[INFO ] 25-09-07 14:50:00 [sqlonly:228] - DELETE FROM SPRING_SESSION
WHERE EXPIRY_TIME < 1757224200003

[INFO ] 25-09-07 14:51:00 [sqlonly:228] - DELETE FROM SPRING_SESSION
WHERE EXPIRY_TIME < 1757224260008

[INFO ] 25-09-07 14:52:00 [sqlonly:228] - DELETE FROM SPRING_SESSION
WHERE EXPIRY_TIME < 1757224320004

[INFO ] 25-09-07 14:53:00 [sqlonly:228] - DELETE FROM SPRING_SESSION
WHERE EXPIRY_TIME < 1757224380010

[INFO ] 25-09-07 14:54:00 [sqlonly:228] - DELETE FROM SPRING_SESSION
WHERE EXPIRY_TIME < 1757224440005

[INFO ] 25-09-07 14:55:00 [sqlonly:228] - DELETE FROM SPRING_SESSION
WHERE EXPIRY_TIME < 1757224500011

[INFO ] 25-09-07 14:56:00 [sqlonly:228] - DELETE FROM SPRING_SESSION
WHERE EXPIRY_TIME < 1757224560005

[INFO ] 25-09-07 14:57:00 [sqlonly:228] - DELETE FROM SPRING_SESSION
WHERE EXPIRY_TIME < 1757224620018

[INFO ] 25-09-07 14:58:00 [sqlonly:228] - DELETE FROM SPRING_SESSION
WHERE EXPIRY_TIME < 1757224680008

[INFO ] 25-09-07 14:59:00 [sqlonly:228] - DELETE FROM SPRING_SESSION
WHERE EXPIRY_TIME < 1757224740003

[INFO ] 25-09-07 15:00:00 [sqlonly:228] - DELETE FROM SPRING_SESSION
WHERE EXPIRY_TIME < 1757224800007

[INFO ] 25-09-07 15:01:00 [sqlonly:228] - DELETE FROM SPRING_SESSION
WHERE EXPIRY_TIME < 1757224860009

[INFO ] 25-09-07 15:02:00 [sqlonly:228] - DELETE FROM SPRING_SESSION
WHERE EXPIRY_TIME < 1757224920011

[INFO ] 25-09-07 15:03:00 [sqlonly:228] - DELETE FROM SPRING_SESSION
WHERE EXPIRY_TIME < 1757224980010

[INFO ] 25-09-07 15:04:00 [sqlonly:228] - DELETE FROM SPRING_SESSION
WHERE EXPIRY_TIME < 1757225040009

[INFO ] 25-09-07 15:05:00 [sqlonly:228] - DELETE FROM SPRING_SESSION
WHERE EXPIRY_TIME < 1757225100011

[INFO ] 25-09-07 15:06:00 [sqlonly:228] - DELETE FROM SPRING_SESSION
WHERE EXPIRY_TIME < 1757225160003

[INFO ] 25-09-07 15:07:00 [sqlonly:228] - DELETE FROM SPRING_SESSION
WHERE EXPIRY_TIME < 1757225220004

[INFO ] 25-09-07 15:08:00 [sqlonly:228] - DELETE FROM SPRING_SESSION
WHERE EXPIRY_TIME < 1757225280005

[INFO ] 25-09-07 15:09:00 [sqlonly:228] - DELETE FROM SPRING_SESSION
WHERE EXPIRY_TIME < 1757225340004

[INFO ] 25-09-07 15:10:00 [sqlonly:228] - DELETE FROM SPRING_SESSION
WHERE EXPIRY_TIME < 1757225400007

[INFO ] 25-09-07 15:11:00 [sqlonly:228] - DELETE FROM SPRING_SESSION
WHERE EXPIRY_TIME < 1757225460003

[INFO ] 25-09-07 15:12:00 [sqlonly:228] - DELETE FROM SPRING_SESSION
WHERE EXPIRY_TIME < 1757225520001

[INFO ] 25-09-07 15:13:00 [sqlonly:228] - DELETE FROM SPRING_SESSION
WHERE EXPIRY_TIME < 1757225580009

[INFO ] 25-09-07 15:14:00 [sqlonly:228] - DELETE FROM SPRING_SESSION
WHERE EXPIRY_TIME < 1757225640010

[INFO ] 25-09-07 15:15:00 [sqlonly:228] - DELETE FROM SPRING_SESSION
WHERE EXPIRY_TIME < 1757225700011

[INFO ] 25-09-07 15:16:00 [sqlonly:228] - DELETE FROM SPRING_SESSION
WHERE EXPIRY_TIME < 1757225760005

[INFO ] 25-09-07 15:17:00 [sqlonly:228] - DELETE FROM SPRING_SESSION
WHERE EXPIRY_TIME < 1757225820012

[INFO ] 25-09-07 15:18:00 [sqlonly:228] - DELETE FROM SPRING_SESSION
WHERE EXPIRY_TIME < 1757225880011

[INFO ] 25-09-07 15:19:00 [sqlonly:228] - DELETE FROM SPRING_SESSION
WHERE EXPIRY_TIME < 1757225940012

[INFO ] 25-09-07 15:20:00 [sqlonly:228] - DELETE FROM SPRING_SESSION
WHERE EXPIRY_TIME < 1757226000006

[INFO ] 25-09-07 15:21:00 [sqlonly:228] - DELETE FROM SPRING_SESSION
WHERE EXPIRY_TIME < 1757226060012

[INFO ] 25-09-07 15:22:00 [sqlonly:228] - DELETE FROM SPRING_SESSION
WHERE EXPIRY_TIME < 1757226120003

[INFO ] 25-09-07 15:23:00 [sqlonly:228] - DELETE FROM SPRING_SESSION
WHERE EXPIRY_TIME < 1757226180007

[INFO ] 25-09-07 15:24:00 [sqlonly:228] - DELETE FROM SPRING_SESSION
WHERE EXPIRY_TIME < 1757226240008

[INFO ] 25-09-07 15:25:00 [sqlonly:228] - DELETE FROM SPRING_SESSION
WHERE EXPIRY_TIME < 1757226300003

[INFO ] 25-09-07 15:26:00 [sqlonly:228] - DELETE FROM SPRING_SESSION
WHERE EXPIRY_TIME < 1757226360011

[INFO ] 25-09-07 15:27:00 [sqlonly:228] - DELETE FROM SPRING_SESSION
WHERE EXPIRY_TIME < 1757226420009

[INFO ] 25-09-07 15:28:00 [sqlonly:228] - DELETE FROM SPRING_SESSION
WHERE EXPIRY_TIME < 1757226480005

[INFO ] 25-09-07 15:29:00 [sqlonly:228] - DELETE FROM SPRING_SESSION
WHERE EXPIRY_TIME < 1757226540012

[INFO ] 25-09-07 15:30:00 [sqlonly:228] - DELETE FROM SPRING_SESSION
WHERE EXPIRY_TIME < 1757226600008

[INFO ] 25-09-07 15:31:00 [sqlonly:228] - DELETE FROM SPRING_SESSION
WHERE EXPIRY_TIME < 1757226660037

[INFO ] 25-09-07 15:32:00 [sqlonly:228] - DELETE FROM SPRING_SESSION
WHERE EXPIRY_TIME < 1757226720012

[INFO ] 25-09-07 15:33:00 [sqlonly:228] - DELETE FROM SPRING_SESSION
WHERE EXPIRY_TIME < 1757226780048

[INFO ] 25-09-07 15:34:00 [sqlonly:228] - DELETE FROM SPRING_SESSION
WHERE EXPIRY_TIME < 1757226840006

[INFO ] 25-09-07 15:35:00 [sqlonly:228] - DELETE FROM SPRING_SESSION
WHERE EXPIRY_TIME < 1757226900011

[INFO ] 25-09-07 15:36:00 [sqlonly:228] - DELETE FROM SPRING_SESSION
WHERE EXPIRY_TIME < 1757226960008

[INFO ] 25-09-07 15:37:00 [sqlonly:228] - DELETE FROM SPRING_SESSION
WHERE EXPIRY_TIME < 1757227020003

[INFO ] 25-09-07 15:38:00 [sqlonly:228] - DELETE FROM SPRING_SESSION
WHERE EXPIRY_TIME < 1757227080006

[INFO ] 25-09-07 15:39:00 [sqlonly:228] - DELETE FROM SPRING_SESSION
WHERE EXPIRY_TIME < 1757227140010

[INFO ] 25-09-07 15:40:00 [sqlonly:228] - DELETE FROM SPRING_SESSION
WHERE EXPIRY_TIME < 1757227200005

[INFO ] 25-09-07 15:41:00 [sqlonly:228] - DELETE FROM SPRING_SESSION
WHERE EXPIRY_TIME < 1757227260009

[INFO ] 25-09-07 15:42:00 [sqlonly:228] - DELETE FROM SPRING_SESSION
WHERE EXPIRY_TIME < 1757227320010

[INFO ] 25-09-07 15:43:00 [sqlonly:228] - DELETE FROM SPRING_SESSION
WHERE EXPIRY_TIME < 1757227380012

[INFO ] 25-09-07 15:44:00 [sqlonly:228] - DELETE FROM SPRING_SESSION
WHERE EXPIRY_TIME < 1757227440005

[INFO ] 25-09-07 15:45:00 [sqlonly:228] - DELETE FROM SPRING_SESSION
WHERE EXPIRY_TIME < 1757227500007

[INFO ] 25-09-07 15:46:00 [sqlonly:228] - DELETE FROM SPRING_SESSION
WHERE EXPIRY_TIME < 1757227560004

[WARN ] 25-09-07 16:01:09 [HikariPool:825] - HikariPool-1 - Thread starvation or clock leap detected (housekeeper delta=15m30s379ms).
[INFO ] 25-09-07 16:02:00 [sqlonly:228] - DELETE FROM SPRING_SESSION
WHERE EXPIRY_TIME < 1757228520334

[WARN ] 25-09-07 16:18:03 [HikariPool:825] - HikariPool-1 - Thread starvation or clock leap detected (housekeeper delta=15m53s391ms).
[INFO ] 25-09-07 16:21:51 [sqlonly:228] - DELETE FROM SPRING_SESSION
WHERE EXPIRY_TIME < 1757229711163

[INFO ] 25-09-07 16:22:00 [sqlonly:228] - DELETE FROM SPRING_SESSION
WHERE EXPIRY_TIME < 1757229720003

[WARN ] 25-09-07 16:22:00 [HikariPool:825] - HikariPool-1 - Thread starvation or clock leap detected (housekeeper delta=3m57s781ms).
[INFO ] 25-09-07 16:38:21 [sqlonly:228] - DELETE FROM SPRING_SESSION
WHERE EXPIRY_TIME < 1757230701776

[WARN ] 25-09-07 16:38:22 [HikariPool:825] - HikariPool-1 - Thread starvation or clock leap detected (housekeeper delta=15m51s767ms).
[INFO ] 25-09-07 16:39:00 [sqlonly:228] - DELETE FROM SPRING_SESSION
WHERE EXPIRY_TIME < 1757230740008

[WARN ] 25-09-07 16:43:19 [HikariPool:825] - HikariPool-1 - Thread starvation or clock leap detected (housekeeper delta=4m26s600ms).
[INFO ] 25-09-07 16:59:28 [sqlonly:228] - DELETE FROM SPRING_SESSION
WHERE EXPIRY_TIME < 1757231968634

[WARN ] 25-09-07 16:59:51 [HikariPool:825] - HikariPool-1 - Thread starvation or clock leap detected (housekeeper delta=16m2s40ms).
[INFO ] 25-09-07 17:00:00 [sqlonly:228] - DELETE FROM SPRING_SESSION
WHERE EXPIRY_TIME < 1757232000008

[WARN ] 25-09-07 17:16:53 [HikariPool:825] - HikariPool-1 - Thread starvation or clock leap detected (housekeeper delta=16m32s595ms).
[INFO ] 25-09-07 17:17:02 [sqlonly:228] - DELETE FROM SPRING_SESSION
WHERE EXPIRY_TIME < 1757233022592

[WARN ] 25-09-07 17:33:55 [HikariPool:825] - HikariPool-1 - Thread starvation or clock leap detected (housekeeper delta=16m31s451ms).
[INFO ] 25-09-07 17:34:01 [sqlonly:228] - DELETE FROM SPRING_SESSION
WHERE EXPIRY_TIME < 1757234041443

[WARN ] 25-09-07 17:51:42 [HikariPool:825] - HikariPool-1 - Thread starvation or clock leap detected (housekeeper delta=17m17s512ms).
[INFO ] 25-09-07 17:51:47 [sqlonly:228] - DELETE FROM SPRING_SESSION
WHERE EXPIRY_TIME < 1757235107502

[INFO ] 25-09-07 17:52:00 [sqlonly:228] - DELETE FROM SPRING_SESSION
WHERE EXPIRY_TIME < 1757235120005

[WARN ] 25-09-07 18:08:11 [HikariPool:825] - HikariPool-1 - Thread starvation or clock leap detected (housekeeper delta=15m59s12ms).
[INFO ] 25-09-07 18:08:29 [sqlonly:228] - DELETE FROM SPRING_SESSION
WHERE EXPIRY_TIME < 1757236109004

[WARN ] 25-09-07 18:18:40 [HikariPool:825] - HikariPool-1 - Thread starvation or clock leap detected (housekeeper delta=10m28s66ms).
[INFO ] 25-09-07 18:18:58 [sqlonly:228] - DELETE FROM SPRING_SESSION
WHERE EXPIRY_TIME < 1757236738095

[INFO ] 25-09-07 18:19:00 [sqlonly:228] - DELETE FROM SPRING_SESSION
WHERE EXPIRY_TIME < 1757236740006

[WARN ] 25-09-07 18:32:13 [HikariPool:825] - HikariPool-1 - Thread starvation or clock leap detected (housekeeper delta=13m3s144ms).
[INFO ] 25-09-07 18:32:33 [sqlonly:228] - DELETE FROM SPRING_SESSION
WHERE EXPIRY_TIME < 1757237553159

[INFO ] 25-09-07 18:33:00 [sqlonly:228] - DELETE FROM SPRING_SESSION
WHERE EXPIRY_TIME < 1757237580008

[INFO ] 25-09-07 18:34:00 [sqlonly:228] - DELETE FROM SPRING_SESSION
WHERE EXPIRY_TIME < 1757237640012

[INFO ] 25-09-07 18:50:35 [sqlonly:228] - DELETE FROM SPRING_SESSION
WHERE EXPIRY_TIME < 1757238635372

[WARN ] 25-09-07 18:50:48 [HikariPool:825] - HikariPool-1 - Thread starvation or clock leap detected (housekeeper delta=16m5s371ms).
[INFO ] 25-09-07 18:51:00 [sqlonly:228] - DELETE FROM SPRING_SESSION
WHERE EXPIRY_TIME < 1757238660009

[WARN ] 25-09-07 18:55:14 [HikariPool:825] - HikariPool-1 - Thread starvation or clock leap detected (housekeeper delta=4m25s892ms).
[INFO ] 25-09-07 19:05:23 [sqlonly:228] - DELETE FROM SPRING_SESSION
WHERE EXPIRY_TIME < 1757239523759

[WARN ] 25-09-07 19:05:42 [HikariPool:825] - HikariPool-1 - Thread starvation or clock leap detected (housekeeper delta=9m57s878ms).
[INFO ] 25-09-07 19:06:00 [sqlonly:228] - DELETE FROM SPRING_SESSION
WHERE EXPIRY_TIME < 1757239560007

[INFO ] 25-09-07 19:15:03 [sqlonly:228] - DELETE FROM SPRING_SESSION
WHERE EXPIRY_TIME < 1757240103024

[WARN ] 25-09-07 19:15:15 [HikariPool:825] - HikariPool-1 - Thread starvation or clock leap detected (housekeeper delta=8m30s417ms).
[INFO ] 25-09-07 19:16:00 [sqlonly:228] - DELETE FROM SPRING_SESSION
WHERE EXPIRY_TIME < 1757240160007

[INFO ] 25-09-07 19:17:00 [sqlonly:228] - DELETE FROM SPRING_SESSION
WHERE EXPIRY_TIME < 1757240220009

[INFO ] 25-09-07 19:18:00 [sqlonly:228] - DELETE FROM SPRING_SESSION
WHERE EXPIRY_TIME < 1757240280008

[INFO ] 25-09-07 19:19:00 [sqlonly:228] - DELETE FROM SPRING_SESSION
WHERE EXPIRY_TIME < 1757240340004

[INFO ] 25-09-07 19:20:00 [sqlonly:228] - DELETE FROM SPRING_SESSION
WHERE EXPIRY_TIME < 1757240400005

[INFO ] 25-09-07 19:21:00 [sqlonly:228] - DELETE FROM SPRING_SESSION
WHERE EXPIRY_TIME < 1757240460007

[INFO ] 25-09-07 19:22:00 [sqlonly:228] - DELETE FROM SPRING_SESSION
WHERE EXPIRY_TIME < 1757240520004

[INFO ] 25-09-07 19:23:00 [sqlonly:228] - DELETE FROM SPRING_SESSION
WHERE EXPIRY_TIME < 1757240580009

[INFO ] 25-09-07 19:24:00 [sqlonly:228] - DELETE FROM SPRING_SESSION
WHERE EXPIRY_TIME < 1757240640008

[INFO ] 25-09-07 19:25:00 [sqlonly:228] - DELETE FROM SPRING_SESSION
WHERE EXPIRY_TIME < 1757240700007

[INFO ] 25-09-07 19:26:00 [sqlonly:228] - DELETE FROM SPRING_SESSION
WHERE EXPIRY_TIME < 1757240760003

[INFO ] 25-09-07 19:27:00 [sqlonly:228] - DELETE FROM SPRING_SESSION
WHERE EXPIRY_TIME < 1757240820008

[INFO ] 25-09-07 19:28:00 [sqlonly:228] - DELETE FROM SPRING_SESSION
WHERE EXPIRY_TIME < 1757240880006

[INFO ] 25-09-07 19:29:00 [sqlonly:228] - DELETE FROM SPRING_SESSION
WHERE EXPIRY_TIME < 1757240940007

[INFO ] 25-09-07 19:30:00 [sqlonly:228] - DELETE FROM SPRING_SESSION
WHERE EXPIRY_TIME < 1757241000004

[INFO ] 25-09-07 19:31:00 [sqlonly:228] - DELETE FROM SPRING_SESSION
WHERE EXPIRY_TIME < 1757241060007

[INFO ] 25-09-07 19:32:00 [sqlonly:228] - DELETE FROM SPRING_SESSION
WHERE EXPIRY_TIME < 1757241120007

[INFO ] 25-09-07 19:33:00 [sqlonly:228] - DELETE FROM SPRING_SESSION
WHERE EXPIRY_TIME < 1757241180007

[INFO ] 25-09-07 19:34:00 [sqlonly:228] - DELETE FROM SPRING_SESSION
WHERE EXPIRY_TIME < 1757241240005

[INFO ] 25-09-07 19:35:00 [sqlonly:228] - DELETE FROM SPRING_SESSION
WHERE EXPIRY_TIME < 1757241300008

[INFO ] 25-09-07 19:36:00 [sqlonly:228] - DELETE FROM SPRING_SESSION
WHERE EXPIRY_TIME < 1757241360008

[INFO ] 25-09-07 19:37:00 [sqlonly:228] - DELETE FROM SPRING_SESSION
WHERE EXPIRY_TIME < 1757241420007

[INFO ] 25-09-07 19:38:00 [sqlonly:228] - DELETE FROM SPRING_SESSION
WHERE EXPIRY_TIME < 1757241480032

[INFO ] 25-09-07 19:39:00 [sqlonly:228] - DELETE FROM SPRING_SESSION
WHERE EXPIRY_TIME < 1757241540035

[INFO ] 25-09-07 19:40:00 [sqlonly:228] - DELETE FROM SPRING_SESSION
WHERE EXPIRY_TIME < 1757241600008

[INFO ] 25-09-07 19:41:00 [sqlonly:228] - DELETE FROM SPRING_SESSION
WHERE EXPIRY_TIME < 1757241660012

[INFO ] 25-09-07 19:42:00 [sqlonly:228] - DELETE FROM SPRING_SESSION
WHERE EXPIRY_TIME < 1757241720015

[INFO ] 25-09-07 19:43:00 [sqlonly:228] - DELETE FROM SPRING_SESSION
WHERE EXPIRY_TIME < 1757241780008

[INFO ] 25-09-07 19:44:00 [sqlonly:228] - DELETE FROM SPRING_SESSION
WHERE EXPIRY_TIME < 1757241840003

[INFO ] 25-09-07 19:45:00 [sqlonly:228] - DELETE FROM SPRING_SESSION
WHERE EXPIRY_TIME < 1757241900004

[INFO ] 25-09-07 19:46:00 [sqlonly:228] - DELETE FROM SPRING_SESSION
WHERE EXPIRY_TIME < 1757241960006

[INFO ] 25-09-07 19:46:59 [sqlonly:228] - DELETE FROM SPRING_SESSION
WHERE EXPIRY_TIME < 1757242019968

[INFO ] 25-09-07 19:48:00 [sqlonly:228] - DELETE FROM SPRING_SESSION
WHERE EXPIRY_TIME < 1757242080002

[INFO ] 25-09-07 19:49:00 [sqlonly:228] - DELETE FROM SPRING_SESSION
WHERE EXPIRY_TIME < 1757242140008

[INFO ] 25-09-07 19:50:00 [sqlonly:228] - DELETE FROM SPRING_SESSION
WHERE EXPIRY_TIME < 1757242200011

[INFO ] 25-09-07 19:51:00 [sqlonly:228] - DELETE FROM SPRING_SESSION
WHERE EXPIRY_TIME < 1757242260008

[INFO ] 25-09-07 19:52:00 [sqlonly:228] - DELETE FROM SPRING_SESSION
WHERE EXPIRY_TIME < 1757242320005

[INFO ] 25-09-07 19:53:00 [sqlonly:228] - DELETE FROM SPRING_SESSION
WHERE EXPIRY_TIME < 1757242380005

[INFO ] 25-09-07 19:54:00 [sqlonly:228] - DELETE FROM SPRING_SESSION
WHERE EXPIRY_TIME < 1757242440008

[INFO ] 25-09-07 19:55:00 [sqlonly:228] - DELETE FROM SPRING_SESSION
WHERE EXPIRY_TIME < 1757242500011

[INFO ] 25-09-07 19:56:00 [sqlonly:228] - DELETE FROM SPRING_SESSION
WHERE EXPIRY_TIME < 1757242560008

[INFO ] 25-09-07 19:57:00 [sqlonly:228] - DELETE FROM SPRING_SESSION
WHERE EXPIRY_TIME < 1757242620006

[INFO ] 25-09-07 19:58:00 [sqlonly:228] - DELETE FROM SPRING_SESSION
WHERE EXPIRY_TIME < 1757242680003

[INFO ] 25-09-07 19:59:00 [sqlonly:228] - DELETE FROM SPRING_SESSION
WHERE EXPIRY_TIME < 1757242740007

[INFO ] 25-09-07 20:00:00 [sqlonly:228] - DELETE FROM SPRING_SESSION
WHERE EXPIRY_TIME < 1757242800004

[INFO ] 25-09-07 20:01:00 [sqlonly:228] - DELETE FROM SPRING_SESSION
WHERE EXPIRY_TIME < 1757242860004

[INFO ] 25-09-07 20:02:00 [sqlonly:228] - DELETE FROM SPRING_SESSION
WHERE EXPIRY_TIME < 1757242920006

[INFO ] 25-09-07 20:03:00 [sqlonly:228] - DELETE FROM SPRING_SESSION
WHERE EXPIRY_TIME < 1757242980004

[INFO ] 25-09-07 20:04:00 [sqlonly:228] - DELETE FROM SPRING_SESSION
WHERE EXPIRY_TIME < 1757243040004

[INFO ] 25-09-07 20:05:00 [sqlonly:228] - DELETE FROM SPRING_SESSION
WHERE EXPIRY_TIME < 1757243100003

[INFO ] 25-09-07 20:06:00 [sqlonly:228] - DELETE FROM SPRING_SESSION
WHERE EXPIRY_TIME < 1757243160004

[INFO ] 25-09-07 20:07:00 [sqlonly:228] - DELETE FROM SPRING_SESSION
WHERE EXPIRY_TIME < 1757243220007

[INFO ] 25-09-07 20:08:00 [sqlonly:228] - DELETE FROM SPRING_SESSION
WHERE EXPIRY_TIME < 1757243280010

[INFO ] 25-09-07 20:09:00 [sqlonly:228] - DELETE FROM SPRING_SESSION
WHERE EXPIRY_TIME < 1757243340013

[INFO ] 25-09-07 20:10:00 [sqlonly:228] - DELETE FROM SPRING_SESSION
WHERE EXPIRY_TIME < 1757243400006

[INFO ] 25-09-07 20:11:00 [sqlonly:228] - DELETE FROM SPRING_SESSION
WHERE EXPIRY_TIME < 1757243460003

[INFO ] 25-09-07 20:12:00 [sqlonly:228] - DELETE FROM SPRING_SESSION
WHERE EXPIRY_TIME < 1757243520013

[INFO ] 25-09-07 20:13:00 [sqlonly:228] - DELETE FROM SPRING_SESSION
WHERE EXPIRY_TIME < 1757243580006

[INFO ] 25-09-07 20:14:00 [sqlonly:228] - DELETE FROM SPRING_SESSION
WHERE EXPIRY_TIME < 1757243640026

[INFO ] 25-09-07 20:15:00 [sqlonly:228] - DELETE FROM SPRING_SESSION
WHERE EXPIRY_TIME < 1757243700010

[INFO ] 25-09-07 20:16:00 [sqlonly:228] - DELETE FROM SPRING_SESSION
WHERE EXPIRY_TIME < 1757243760006

[INFO ] 25-09-07 20:17:00 [sqlonly:228] - DELETE FROM SPRING_SESSION
WHERE EXPIRY_TIME < 1757243820007

[INFO ] 25-09-07 20:18:00 [sqlonly:228] - DELETE FROM SPRING_SESSION
WHERE EXPIRY_TIME < 1757243880005

[INFO ] 25-09-07 20:19:00 [sqlonly:228] - DELETE FROM SPRING_SESSION
WHERE EXPIRY_TIME < 1757243940011

[INFO ] 25-09-07 20:20:00 [sqlonly:228] - DELETE FROM SPRING_SESSION
WHERE EXPIRY_TIME < 1757244000005

[INFO ] 25-09-07 20:21:00 [sqlonly:228] - DELETE FROM SPRING_SESSION
WHERE EXPIRY_TIME < 1757244060004

[INFO ] 25-09-07 20:22:00 [sqlonly:228] - DELETE FROM SPRING_SESSION
WHERE EXPIRY_TIME < 1757244120010

[INFO ] 25-09-07 20:23:00 [sqlonly:228] - DELETE FROM SPRING_SESSION
WHERE EXPIRY_TIME < 1757244180074

[INFO ] 25-09-07 20:24:00 [sqlonly:228] - DELETE FROM SPRING_SESSION
WHERE EXPIRY_TIME < 1757244240007

[INFO ] 25-09-07 20:25:00 [sqlonly:228] - DELETE FROM SPRING_SESSION
WHERE EXPIRY_TIME < 1757244300009

[INFO ] 25-09-07 20:26:00 [sqlonly:228] - DELETE FROM SPRING_SESSION
WHERE EXPIRY_TIME < 1757244360003

[INFO ] 25-09-07 20:27:00 [sqlonly:228] - DELETE FROM SPRING_SESSION
WHERE EXPIRY_TIME < 1757244420007

[INFO ] 25-09-07 20:28:00 [sqlonly:228] - DELETE FROM SPRING_SESSION
WHERE EXPIRY_TIME < 1757244480007

[INFO ] 25-09-07 20:29:00 [sqlonly:228] - DELETE FROM SPRING_SESSION
WHERE EXPIRY_TIME < 1757244540015

[INFO ] 25-09-07 20:30:00 [sqlonly:228] - DELETE FROM SPRING_SESSION
WHERE EXPIRY_TIME < 1757244600010

[INFO ] 25-09-07 20:31:00 [sqlonly:228] - DELETE FROM SPRING_SESSION
WHERE EXPIRY_TIME < 1757244660005

[INFO ] 25-09-07 20:32:00 [sqlonly:228] - DELETE FROM SPRING_SESSION
WHERE EXPIRY_TIME < 1757244720008

[INFO ] 25-09-07 20:33:00 [sqlonly:228] - DELETE FROM SPRING_SESSION
WHERE EXPIRY_TIME < 1757244780011

[INFO ] 25-09-07 20:34:00 [sqlonly:228] - DELETE FROM SPRING_SESSION
WHERE EXPIRY_TIME < 1757244840004

[INFO ] 25-09-07 20:35:00 [sqlonly:228] - DELETE FROM SPRING_SESSION
WHERE EXPIRY_TIME < 1757244900005

[INFO ] 25-09-07 20:36:00 [sqlonly:228] - DELETE FROM SPRING_SESSION
WHERE EXPIRY_TIME < 1757244960007

[INFO ] 25-09-07 20:37:00 [sqlonly:228] - DELETE FROM SPRING_SESSION
WHERE EXPIRY_TIME < 1757245020007

[INFO ] 25-09-07 20:38:00 [sqlonly:228] - DELETE FROM SPRING_SESSION
WHERE EXPIRY_TIME < 1757245080004

[INFO ] 25-09-07 20:39:00 [sqlonly:228] - DELETE FROM SPRING_SESSION
WHERE EXPIRY_TIME < 1757245140005

[INFO ] 25-09-07 20:40:00 [sqlonly:228] - DELETE FROM SPRING_SESSION
WHERE EXPIRY_TIME < 1757245200006

[INFO ] 25-09-07 20:41:00 [sqlonly:228] - DELETE FROM SPRING_SESSION
WHERE EXPIRY_TIME < 1757245260010

[INFO ] 25-09-07 20:42:00 [sqlonly:228] - DELETE FROM SPRING_SESSION
WHERE EXPIRY_TIME < 1757245320006

[INFO ] 25-09-07 20:43:00 [sqlonly:228] - DELETE FROM SPRING_SESSION
WHERE EXPIRY_TIME < 1757245380003

[INFO ] 25-09-07 20:44:00 [sqlonly:228] - DELETE FROM SPRING_SESSION
WHERE EXPIRY_TIME < 1757245440012

[INFO ] 25-09-07 20:45:00 [sqlonly:228] - DELETE FROM SPRING_SESSION
WHERE EXPIRY_TIME < 1757245500008

[INFO ] 25-09-07 20:46:00 [sqlonly:228] - DELETE FROM SPRING_SESSION
WHERE EXPIRY_TIME < 1757245560007

[INFO ] 25-09-07 20:47:00 [sqlonly:228] - DELETE FROM SPRING_SESSION
WHERE EXPIRY_TIME < 1757245620005

[INFO ] 25-09-07 20:48:00 [sqlonly:228] - DELETE FROM SPRING_SESSION
WHERE EXPIRY_TIME < 1757245680005

[INFO ] 25-09-07 20:49:00 [sqlonly:228] - DELETE FROM SPRING_SESSION
WHERE EXPIRY_TIME < 1757245740009

[INFO ] 25-09-07 20:50:00 [sqlonly:228] - DELETE FROM SPRING_SESSION
WHERE EXPIRY_TIME < 1757245800007

[INFO ] 25-09-07 20:51:00 [sqlonly:228] - DELETE FROM SPRING_SESSION
WHERE EXPIRY_TIME < 1757245860007

[INFO ] 25-09-07 20:52:00 [sqlonly:228] - DELETE FROM SPRING_SESSION
WHERE EXPIRY_TIME < 1757245920008

[INFO ] 25-09-07 20:53:00 [sqlonly:228] - DELETE FROM SPRING_SESSION
WHERE EXPIRY_TIME < 1757245980003

[INFO ] 25-09-07 20:54:00 [sqlonly:228] - DELETE FROM SPRING_SESSION
WHERE EXPIRY_TIME < 1757246040008

[INFO ] 25-09-07 20:55:00 [sqlonly:228] - DELETE FROM SPRING_SESSION
WHERE EXPIRY_TIME < 1757246100006

[INFO ] 25-09-07 20:56:00 [sqlonly:228] - DELETE FROM SPRING_SESSION
WHERE EXPIRY_TIME < 1757246160008

[INFO ] 25-09-07 20:57:00 [sqlonly:228] - DELETE FROM SPRING_SESSION
WHERE EXPIRY_TIME < 1757246220011

[INFO ] 25-09-07 20:58:00 [sqlonly:228] - DELETE FROM SPRING_SESSION
WHERE EXPIRY_TIME < 1757246280012

[INFO ] 25-09-07 20:59:00 [sqlonly:228] - DELETE FROM SPRING_SESSION
WHERE EXPIRY_TIME < 1757246339997

[INFO ] 25-09-07 21:00:00 [sqlonly:228] - DELETE FROM SPRING_SESSION
WHERE EXPIRY_TIME < 1757246400001

[INFO ] 25-09-07 21:01:00 [sqlonly:228] - DELETE FROM SPRING_SESSION
WHERE EXPIRY_TIME < 1757246460011

[INFO ] 25-09-07 21:02:00 [sqlonly:228] - DELETE FROM SPRING_SESSION
WHERE EXPIRY_TIME < 1757246520010

[INFO ] 25-09-07 21:03:00 [sqlonly:228] - DELETE FROM SPRING_SESSION
WHERE EXPIRY_TIME < 1757246580008

[INFO ] 25-09-07 21:04:00 [sqlonly:228] - DELETE FROM SPRING_SESSION
WHERE EXPIRY_TIME < 1757246640005

[INFO ] 25-09-07 21:05:00 [sqlonly:228] - DELETE FROM SPRING_SESSION
WHERE EXPIRY_TIME < 1757246700008

[INFO ] 25-09-07 21:06:00 [sqlonly:228] - DELETE FROM SPRING_SESSION
WHERE EXPIRY_TIME < 1757246760014

[INFO ] 25-09-07 21:07:00 [sqlonly:228] - DELETE FROM SPRING_SESSION
WHERE EXPIRY_TIME < 1757246820007

[INFO ] 25-09-07 21:08:00 [sqlonly:228] - DELETE FROM SPRING_SESSION
WHERE EXPIRY_TIME < 1757246880009

[INFO ] 25-09-07 21:09:00 [sqlonly:228] - DELETE FROM SPRING_SESSION
WHERE EXPIRY_TIME < 1757246940007

[INFO ] 25-09-07 21:10:00 [sqlonly:228] - DELETE FROM SPRING_SESSION
WHERE EXPIRY_TIME < 1757247000015

[INFO ] 25-09-07 21:11:00 [sqlonly:228] - DELETE FROM SPRING_SESSION
WHERE EXPIRY_TIME < 1757247060021

[INFO ] 25-09-07 21:12:00 [sqlonly:228] - DELETE FROM SPRING_SESSION
WHERE EXPIRY_TIME < 1757247120008

[INFO ] 25-09-07 21:13:00 [sqlonly:228] - DELETE FROM SPRING_SESSION
WHERE EXPIRY_TIME < 1757247180007

[INFO ] 25-09-07 21:14:00 [sqlonly:228] - DELETE FROM SPRING_SESSION
WHERE EXPIRY_TIME < 1757247240006

[INFO ] 25-09-07 21:15:00 [sqlonly:228] - DELETE FROM SPRING_SESSION
WHERE EXPIRY_TIME < 1757247300016

[INFO ] 25-09-07 21:16:00 [sqlonly:228] - DELETE FROM SPRING_SESSION
WHERE EXPIRY_TIME < 1757247360006

[INFO ] 25-09-07 21:17:00 [sqlonly:228] - DELETE FROM SPRING_SESSION
WHERE EXPIRY_TIME < 1757247420029

[INFO ] 25-09-07 21:18:00 [sqlonly:228] - DELETE FROM SPRING_SESSION
WHERE EXPIRY_TIME < 1757247480009

[INFO ] 25-09-07 21:19:00 [sqlonly:228] - DELETE FROM SPRING_SESSION
WHERE EXPIRY_TIME < 1757247540007

[INFO ] 25-09-07 21:20:00 [sqlonly:228] - DELETE FROM SPRING_SESSION
WHERE EXPIRY_TIME < 1757247600006

[INFO ] 25-09-07 21:21:00 [sqlonly:228] - DELETE FROM SPRING_SESSION
WHERE EXPIRY_TIME < 1757247660008

[INFO ] 25-09-07 21:22:00 [sqlonly:228] - DELETE FROM SPRING_SESSION
WHERE EXPIRY_TIME < 1757247720003

[INFO ] 25-09-07 21:23:00 [sqlonly:228] - DELETE FROM SPRING_SESSION
WHERE EXPIRY_TIME < 1757247780007

[INFO ] 25-09-07 21:24:00 [sqlonly:228] - DELETE FROM SPRING_SESSION
WHERE EXPIRY_TIME < 1757247840016

[INFO ] 25-09-07 21:25:00 [sqlonly:228] - DELETE FROM SPRING_SESSION
WHERE EXPIRY_TIME < 1757247900006

[INFO ] 25-09-07 21:26:00 [sqlonly:228] - DELETE FROM SPRING_SESSION
WHERE EXPIRY_TIME < 1757247960008

[INFO ] 25-09-07 21:27:00 [sqlonly:228] - DELETE FROM SPRING_SESSION
WHERE EXPIRY_TIME < 1757248020005

[INFO ] 25-09-07 21:28:00 [sqlonly:228] - DELETE FROM SPRING_SESSION
WHERE EXPIRY_TIME < 1757248080007

[INFO ] 25-09-07 21:29:00 [sqlonly:228] - DELETE FROM SPRING_SESSION
WHERE EXPIRY_TIME < 1757248140006

[INFO ] 25-09-07 21:30:00 [sqlonly:228] - DELETE FROM SPRING_SESSION
WHERE EXPIRY_TIME < 1757248200007

[INFO ] 25-09-07 21:31:00 [sqlonly:228] - DELETE FROM SPRING_SESSION
WHERE EXPIRY_TIME < 1757248260004

[INFO ] 25-09-07 21:32:00 [sqlonly:228] - DELETE FROM SPRING_SESSION
WHERE EXPIRY_TIME < 1757248320006

[INFO ] 25-09-07 21:33:00 [sqlonly:228] - DELETE FROM SPRING_SESSION
WHERE EXPIRY_TIME < 1757248380015

[INFO ] 25-09-07 21:34:00 [sqlonly:228] - DELETE FROM SPRING_SESSION
WHERE EXPIRY_TIME < 1757248440003

[INFO ] 25-09-07 21:35:00 [sqlonly:228] - DELETE FROM SPRING_SESSION
WHERE EXPIRY_TIME < 1757248500014

[INFO ] 25-09-07 21:36:00 [sqlonly:228] - DELETE FROM SPRING_SESSION
WHERE EXPIRY_TIME < 1757248560007

[INFO ] 25-09-07 21:37:00 [sqlonly:228] - DELETE FROM SPRING_SESSION
WHERE EXPIRY_TIME < 1757248620008

[INFO ] 25-09-07 21:38:00 [sqlonly:228] - DELETE FROM SPRING_SESSION
WHERE EXPIRY_TIME < 1757248680007

[INFO ] 25-09-07 21:39:00 [sqlonly:228] - DELETE FROM SPRING_SESSION
WHERE EXPIRY_TIME < 1757248740010

[INFO ] 25-09-07 21:40:00 [sqlonly:228] - DELETE FROM SPRING_SESSION
WHERE EXPIRY_TIME < 1757248800004

[INFO ] 25-09-07 21:41:00 [sqlonly:228] - DELETE FROM SPRING_SESSION
WHERE EXPIRY_TIME < 1757248860008

[INFO ] 25-09-07 21:42:00 [sqlonly:228] - DELETE FROM SPRING_SESSION
WHERE EXPIRY_TIME < 1757248920007

[WARN ] 25-09-07 22:44:07 [HikariPool:825] - HikariPool-1 - Thread starvation or clock leap detected (housekeeper delta=1h1m51s348ms).
[INFO ] 25-09-07 22:44:21 [sqlonly:228] - DELETE FROM SPRING_SESSION
WHERE EXPIRY_TIME < 1757252661351

[INFO ] 25-09-07 23:45:25 [sqlonly:228] - DELETE FROM SPRING_SESSION
WHERE EXPIRY_TIME < 1757256325822

[WARN ] 25-09-07 23:45:33 [HikariPool:825] - HikariPool-1 - Thread starvation or clock leap detected (housekeeper delta=1h55s809ms).
[INFO ] 25-09-07 23:45:59 [sqlonly:228] - DELETE FROM SPRING_SESSION
WHERE EXPIRY_TIME < 1757256359990

