[INFO ] 25-09-14 15:44:59 [BenjerryscloneApplication:53] - Starting BenjerryscloneApplication using Java 17.0.14 with PID 16834 (/Users/sieun/ben-jerrys-clone/build/classes/java/main started by sieun in /Users/sieun/ben-jerrys-clone)
[DEBUG] 25-09-14 15:44:59 [BenjerryscloneApplication:54] - Running with Spring Boot v3.5.5, Spring v6.2.10
[INFO ] 25-09-14 15:44:59 [BenjerryscloneApplication:652] - No active profile set, falling back to 1 default profile: "default"
[WARN ] 25-09-14 15:45:01 [ClassPathMapperScanner:44] - No MyBatis mapper was found in '[kr.bhodu.benjerrysclone]' package. Please check your configuration.
[WARN ] 25-09-14 15:45:02 [AnnotationConfigServletWebServerApplicationContext:635] - Exception encountered during context initialization - cancelling refresh attempt: org.springframework.beans.factory.BeanCreationException: Error creating bean with name 'dataSource' defined in class path resource [org/springframework/boot/autoconfigure/jdbc/DataSourceConfiguration$Hikari.class]: Failed to instantiate [com.zaxxer.hikari.HikariDataSource]: Factory method 'dataSource' threw exception with message: Failed to determine a suitable driver class
[ERROR] 25-09-14 15:45:02 [LoggingFailureAnalysisReporter:40] - 

***************************
APPLICATION FAILED TO START
***************************

Description:

Failed to configure a DataSource: 'url' attribute is not specified and no embedded datasource could be configured.

Reason: Failed to determine a suitable driver class


Action:

Consider the following:
	If you want an embedded database (H2, HSQL or Derby), please put it on the classpath.
	If you have database settings to be loaded from a particular profile you may need to activate it (no profiles are currently active).

[INFO ] 25-09-14 16:07:44 [BenjerryscloneApplication:53] - Starting BenjerryscloneApplication using Java 17.0.14 with PID 18379 (/Users/sieun/ben-jerrys-clone/build/classes/java/main started by sieun in /Users/sieun/ben-jerrys-clone)
[DEBUG] 25-09-14 16:07:44 [BenjerryscloneApplication:54] - Running with Spring Boot v3.5.5, Spring v6.2.10
[INFO ] 25-09-14 16:07:44 [BenjerryscloneApplication:652] - No active profile set, falling back to 1 default profile: "dev"
[WARN ] 25-09-14 16:07:46 [ClassPathMapperScanner:44] - No MyBatis mapper was found in '[kr.bhodu.benjerrysclone]' package. Please check your configuration.
[INFO ] 25-09-14 16:07:48 [BenjerryscloneApplication:59] - Started BenjerryscloneApplication in 5.172 seconds (process running for 6.01)
[INFO ] 25-09-14 16:09:59 [MyInterceptor:47] - ---------- new client connect ----------
[INFO ] 25-09-14 16:10:00 [MyInterceptor:67] - [Client] 0:0:0:0:0:0:0:1, Mac, Mac OS X 10.15, Chrome 139.0
[INFO ] 25-09-14 16:10:00 [MyInterceptor:85] - [GET] http://localhost:8080/
[INFO ] 25-09-14 16:10:00 [MyInterceptor:47] - ---------- new client connect ----------
[INFO ] 25-09-14 16:10:00 [MyInterceptor:67] - [Client] 0:0:0:0:0:0:0:1, Mac, Mac OS X 10.15, Chrome 139.0
[INFO ] 25-09-14 16:10:00 [MyInterceptor:85] - [GET] http://localhost:8080/.well-known/appspecific/com.chrome.devtools.json
[INFO ] 25-09-14 16:10:10 [MyInterceptor:47] - ---------- new client connect ----------
[INFO ] 25-09-14 16:10:10 [MyInterceptor:67] - [Client] 0:0:0:0:0:0:0:1, Mac, Mac OS X 10.15, Chrome 139.0
[INFO ] 25-09-14 16:10:10 [MyInterceptor:85] - [GET] http://localhost:8080/flavours/detail
[INFO ] 25-09-14 16:10:10 [MyInterceptor:122] - running time: 112(ms)
[INFO ] 25-09-14 16:10:10 [MyInterceptor:47] - ---------- new client connect ----------
[INFO ] 25-09-14 16:10:10 [MyInterceptor:67] - [Client] 0:0:0:0:0:0:0:1, Mac, Mac OS X 10.15, Chrome 139.0
[INFO ] 25-09-14 16:10:10 [MyInterceptor:85] - [GET] http://localhost:8080/.well-known/appspecific/com.chrome.devtools.json
[INFO ] 25-09-14 16:10:13 [MyInterceptor:47] - ---------- new client connect ----------
[INFO ] 25-09-14 16:10:13 [MyInterceptor:67] - [Client] 0:0:0:0:0:0:0:1, Mac, Mac OS X 10.15, Chrome 139.0
[INFO ] 25-09-14 16:10:13 [MyInterceptor:85] - [GET] http://localhost:8080/flavours/new-york-super-fudge-chunk-ice-cream/pint
[INFO ] 25-09-14 16:10:13 [MyInterceptor:101] - - REFERER : time=3271, url=http://localhost:8080/flavours/detail
[INFO ] 25-09-14 16:10:13 [MyInterceptor:47] - ---------- new client connect ----------
[INFO ] 25-09-14 16:10:13 [MyInterceptor:67] - [Client] 0:0:0:0:0:0:0:1, Mac, Mac OS X 10.15, Chrome 139.0
[INFO ] 25-09-14 16:10:13 [MyInterceptor:85] - [GET] http://localhost:8080/.well-known/appspecific/com.chrome.devtools.json
[INFO ] 25-09-14 16:11:49 [BenjerryscloneApplication:53] - Starting BenjerryscloneApplication using Java 17.0.14 with PID 18700 (/Users/sieun/ben-jerrys-clone/build/classes/java/main started by sieun in /Users/sieun/ben-jerrys-clone)
[DEBUG] 25-09-14 16:11:49 [BenjerryscloneApplication:54] - Running with Spring Boot v3.5.5, Spring v6.2.10
[INFO ] 25-09-14 16:11:49 [BenjerryscloneApplication:652] - No active profile set, falling back to 1 default profile: "dev"
[WARN ] 25-09-14 16:11:51 [ClassPathMapperScanner:44] - No MyBatis mapper was found in '[kr.bhodu.benjerrysclone]' package. Please check your configuration.
[INFO ] 25-09-14 16:11:53 [BenjerryscloneApplication:59] - Started BenjerryscloneApplication in 4.926 seconds (process running for 5.537)
[INFO ] 25-09-14 16:12:08 [MyInterceptor:47] - ---------- new client connect ----------
[INFO ] 25-09-14 16:12:08 [MyInterceptor:67] - [Client] 0:0:0:0:0:0:0:1, Mac, Mac OS X 10.15, Chrome 139.0
[INFO ] 25-09-14 16:12:08 [MyInterceptor:85] - [GET] http://localhost:8080/detail
[INFO ] 25-09-14 16:12:08 [MyInterceptor:122] - running time: 394(ms)
[INFO ] 25-09-14 16:12:08 [MyInterceptor:47] - ---------- new client connect ----------
[INFO ] 25-09-14 16:12:09 [MyInterceptor:67] - [Client] 0:0:0:0:0:0:0:1, Mac, Mac OS X 10.15, Chrome 139.0
[INFO ] 25-09-14 16:12:09 [MyInterceptor:85] - [GET] http://localhost:8080/.well-known/appspecific/com.chrome.devtools.json
